#
# There is insufficient memory for the Java Runtime Environment to continue.
# Native memory allocation (malloc) failed to allocate 32744 bytes for ChunkPool::allocate
# Possible reasons:
#   The system is out of physical RAM or swap space
#   The process is running with CompressedOops enabled, and the Java Heap may be blocking the growth of the native heap
# Possible solutions:
#   Reduce memory load on the system
#   Increase physical memory or swap space
#   Check if swap backing store is full
#   Decrease Java heap size (-Xmx/-Xms)
#   Decrease number of Java threads
#   Decrease Java thread stack sizes (-Xss)
#   Set larger code cache with -XX:ReservedCodeCacheSize=
#   JVM is running with Unscaled Compressed Oops mode in which the Java heap is
#     placed in the first 4GB address space. The Java Heap base address is the
#     maximum limit for the native heap growth. Please use -XX:HeapBaseMinAddress
#     to set the Java Heap base and to place the Java Heap above 4GB virtual address.
# This output file may be truncated or incomplete.
#
#  Out of Memory Error (./src/hotspot/share/memory/arena.cpp:81), pid=4996, tid=18216
#
# JRE version: OpenJDK Runtime Environment Microsoft-7208460 (11.0.18+10) (build 11.0.18+10-LTS)
# Java VM: OpenJDK 64-Bit Server VM Microsoft-7208460 (11.0.18+10-LTS, mixed mode, tiered, compressed oops, g1 gc, windows-amd64)
# No core dump will be written. Minidumps are not enabled by default on client versions of Windows
#

---------------  S U M M A R Y ------------

Command Line: -XX:MaxMetaspaceSize=512m --add-opens=java.base/java.util=ALL-UNNAMED --add-opens=java.base/java.lang=ALL-UNNAMED --add-opens=java.base/java.lang.invoke=ALL-UNNAMED --add-opens=java.base/java.util=ALL-UNNAMED --add-opens=java.prefs/java.util.prefs=ALL-UNNAMED --add-opens=java.prefs/java.util.prefs=ALL-UNNAMED --add-opens=java.base/java.nio.charset=ALL-UNNAMED --add-opens=java.base/java.net=ALL-UNNAMED --add-opens=java.base/java.util.concurrent.atomic=ALL-UNNAMED -Xmx2048m -Dfile.encoding=windows-1252 -Duser.country=US -Duser.language=en -Duser.variant org.gradle.launcher.daemon.bootstrap.GradleDaemon 7.5.1

Host: Intel(R) Core(TM) i5-6300U CPU @ 2.40GHz, 4 cores, 7G,  Windows 10 , 64 bit Build 19041 (10.0.19041.2546)
Time: Tue May  2 04:05:24 2023 Pacific Daylight Time elapsed time: 118.099142 seconds (0d 0h 1m 58s)

---------------  T H R E A D  ---------------

Current thread (0x0000028145460800):  JavaThread "C2 CompilerThread0" daemon [_thread_in_native, id=18216, stack(0x00000081b1300000,0x00000081b1400000)]


Current CompileTask:
C2: 118099 2411 %     4       sun.nio.cs.UTF_8$Decoder::decodeArrayLoop @ 73 (691 bytes)

Stack: [0x00000081b1300000,0x00000081b1400000]
Native frames: (J=compiled Java code, j=interpreted, Vv=VM code, C=native code)
V  [jvm.dll+0x62bf8a]
V  [jvm.dll+0x7b8fb9]
V  [jvm.dll+0x7ba6a8]
V  [jvm.dll+0x7bad83]
V  [jvm.dll+0x250248]
V  [jvm.dll+0xc286b]
V  [jvm.dll+0xc2bcc]
V  [jvm.dll+0x53db77]
V  [jvm.dll+0x52add8]
V  [jvm.dll+0x52e021]
V  [jvm.dll+0x52d791]
V  [jvm.dll+0x52d670]
V  [jvm.dll+0x52d7fd]
V  [jvm.dll+0x5345ed]
V  [jvm.dll+0x21177b]
V  [jvm.dll+0x20b39a]
V  [jvm.dll+0x2083eb]
V  [jvm.dll+0x18a4b1]
V  [jvm.dll+0x217eec]
V  [jvm.dll+0x21612b]
V  [jvm.dll+0x77bac0]
V  [jvm.dll+0x7749f4]
V  [jvm.dll+0x62adf5]
C  [ucrtbase.dll+0x21bb2]
C  [KERNEL32.DLL+0x17614]
C  [ntdll.dll+0x526a1]


---------------  P R O C E S S  ---------------

Threads class SMR info:
_java_thread_list=0x0000028147488210, length=24, elements={
0x0000028124334000, 0x0000028144aef800, 0x0000028144af3000, 0x0000028144b46000,
0x0000028144b47000, 0x0000028144b48000, 0x0000028145460800, 0x0000028145461000,
0x00000281454c7800, 0x0000028145534000, 0x0000028146a65800, 0x00000281473ef800,
0x00000281472fe800, 0x0000028145a56800, 0x000002814632f800, 0x000002814675c000,
0x000002814675d000, 0x00000281465e9000, 0x0000028145f51800, 0x000002814670f800,
0x00000281463a6800, 0x00000281463a7000, 0x00000281463a8000, 0x00000281463a8800
}

Java Threads: ( => current thread )
  0x0000028124334000 JavaThread "main" [_thread_blocked, id=16484, stack(0x00000081b0600000,0x00000081b0700000)]
  0x0000028144aef800 JavaThread "Reference Handler" daemon [_thread_blocked, id=17080, stack(0x00000081b0e00000,0x00000081b0f00000)]
  0x0000028144af3000 JavaThread "Finalizer" daemon [_thread_blocked, id=18440, stack(0x00000081b0f00000,0x00000081b1000000)]
  0x0000028144b46000 JavaThread "Signal Dispatcher" daemon [_thread_blocked, id=10144, stack(0x00000081b1000000,0x00000081b1100000)]
  0x0000028144b47000 JavaThread "Attach Listener" daemon [_thread_blocked, id=14256, stack(0x00000081b1100000,0x00000081b1200000)]
  0x0000028144b48000 JavaThread "Service Thread" daemon [_thread_blocked, id=18192, stack(0x00000081b1200000,0x00000081b1300000)]
=>0x0000028145460800 JavaThread "C2 CompilerThread0" daemon [_thread_in_native, id=18216, stack(0x00000081b1300000,0x00000081b1400000)]
  0x0000028145461000 JavaThread "C1 CompilerThread0" daemon [_thread_blocked, id=14704, stack(0x00000081b1400000,0x00000081b1500000)]
  0x00000281454c7800 JavaThread "Sweeper thread" daemon [_thread_blocked, id=16960, stack(0x00000081b1500000,0x00000081b1600000)]
  0x0000028145534000 JavaThread "Common-Cleaner" daemon [_thread_blocked, id=11664, stack(0x00000081b1600000,0x00000081b1700000)]
  0x0000028146a65800 JavaThread "Daemon health stats" [_thread_blocked, id=19080, stack(0x00000081b1900000,0x00000081b1a00000)]
  0x00000281473ef800 JavaThread "Incoming local TCP Connector on port 57615" [_thread_in_native, id=14772, stack(0x00000081b1c00000,0x00000081b1d00000)]
  0x00000281472fe800 JavaThread "Daemon periodic checks" [_thread_in_Java, id=13372, stack(0x00000081b1d00000,0x00000081b1e00000)]
  0x0000028145a56800 JavaThread "Daemon" [_thread_blocked, id=16064, stack(0x00000081b1e00000,0x00000081b1f00000)]
  0x000002814632f800 JavaThread "Handler for socket connection from /127.0.0.1:57615 to /127.0.0.1:57619" [_thread_in_native, id=15480, stack(0x00000081b1f00000,0x00000081b2000000)]
  0x000002814675c000 JavaThread "Cancel handler" [_thread_blocked, id=12040, stack(0x00000081b2000000,0x00000081b2100000)]
  0x000002814675d000 JavaThread "Daemon worker" [_thread_in_native, id=17660, stack(0x00000081b2100000,0x00000081b2200000)]
  0x00000281465e9000 JavaThread "Asynchronous log dispatcher for DefaultDaemonConnection: socket connection from /127.0.0.1:57615 to /127.0.0.1:57619" [_thread_blocked, id=16696, stack(0x00000081b2200000,0x00000081b2300000)]
  0x0000028145f51800 JavaThread "Stdin handler" [_thread_blocked, id=17288, stack(0x00000081b2300000,0x00000081b2400000)]
  0x000002814670f800 JavaThread "Daemon client event forwarder" [_thread_blocked, id=18308, stack(0x00000081b2400000,0x00000081b2500000)]
  0x00000281463a6800 JavaThread "Cache worker for journal cache (C:\Users\DELL\.gradle\caches\journal-1)" [_thread_blocked, id=8144, stack(0x00000081b2700000,0x00000081b2800000)]
  0x00000281463a7000 JavaThread "File lock request listener" [_thread_in_native, id=17332, stack(0x00000081b2800000,0x00000081b2900000)]
  0x00000281463a8000 JavaThread "Cache worker for file hash cache (C:\Users\DELL\.gradle\caches\7.5.1\fileHashes)" [_thread_blocked, id=10980, stack(0x00000081b2900000,0x00000081b2a00000)]
  0x00000281463a8800 JavaThread "File lock release action executor" [_thread_blocked, id=19528, stack(0x00000081b2a00000,0x00000081b2b00000)]

Other Threads:
  0x0000028144ad8000 VMThread "VM Thread" [stack: 0x00000081b0d00000,0x00000081b0e00000] [id=1356]
  0x00000281455c6800 WatcherThread [stack: 0x00000081b1700000,0x00000081b1800000] [id=1640]
  0x000002812434b800 GCTaskThread "GC Thread#0" [stack: 0x00000081b0800000,0x00000081b0900000] [id=17760]
  0x000002814580d000 GCTaskThread "GC Thread#1" [stack: 0x00000081b1800000,0x00000081b1900000] [id=15828]
  0x00000281467df800 GCTaskThread "GC Thread#2" [stack: 0x00000081b1a00000,0x00000081b1b00000] [id=18872]
  0x0000028146983800 GCTaskThread "GC Thread#3" [stack: 0x00000081b1b00000,0x00000081b1c00000] [id=18876]
  0x000002812437c800 ConcurrentGCThread "G1 Main Marker" [stack: 0x00000081b0900000,0x00000081b0a00000] [id=16496]
  0x000002812437d800 ConcurrentGCThread "G1 Conc#0" [stack: 0x00000081b0a00000,0x00000081b0b00000] [id=17880]
  0x000002812440a000 ConcurrentGCThread "G1 Refine#0" [stack: 0x00000081b0b00000,0x00000081b0c00000] [id=17856]
  0x000002812440b000 ConcurrentGCThread "G1 Young RemSet Sampling" [stack: 0x00000081b0c00000,0x00000081b0d00000] [id=17844]

Threads with active compile tasks:
C2 CompilerThread0   118163 2411 %     4       sun.nio.cs.UTF_8$Decoder::decodeArrayLoop @ 73 (691 bytes)

VM state:not at safepoint (normal execution)

VM Mutex/Monitor currently owned by a thread: None

Heap address: 0x0000000080000000, size: 2048 MB, Compressed Oops mode: 32-bit
Narrow klass base: 0x0000000000000000, Narrow klass shift: 3
Compressed class space size: 528482304 Address: 0x0000000100000000

Heap:
 garbage-first heap   total 126976K, used 61199K [0x0000000080000000, 0x0000000100000000)
  region size 1024K, 46 young (47104K), 2 survivors (2048K)
 Metaspace       used 25018K, capacity 25568K, committed 25648K, reserved 538624K
  class space    used 3174K, capacity 3381K, committed 3456K, reserved 516096K
Heap Regions: E=young(eden), S=young(survivor), O=old, HS=humongous(starts), HC=humongous(continues), CS=collection set, F=free, A=archive, TAMS=top-at-mark-start (previous, next)
|   0|0x0000000080000000, 0x0000000080100000, 0x0000000080100000|100%|HS|  |TAMS 0x0000000080100000, 0x0000000080000000| Complete 
|   1|0x0000000080100000, 0x0000000080200000, 0x0000000080200000|100%|HC|  |TAMS 0x0000000080200000, 0x0000000080100000| Complete 
|   2|0x0000000080200000, 0x0000000080300000, 0x0000000080300000|100%|HC|  |TAMS 0x0000000080300000, 0x0000000080200000| Complete 
|   3|0x0000000080300000, 0x0000000080400000, 0x0000000080400000|100%| O|  |TAMS 0x0000000080400000, 0x0000000080300000| Untracked 
|   4|0x0000000080400000, 0x0000000080500000, 0x0000000080500000|100%| O|  |TAMS 0x0000000080500000, 0x0000000080400000| Untracked 
|   5|0x0000000080500000, 0x0000000080600000, 0x0000000080600000|100%| O|  |TAMS 0x0000000080600000, 0x0000000080500000| Untracked 
|   6|0x0000000080600000, 0x0000000080700000, 0x0000000080700000|100%| O|  |TAMS 0x0000000080700000, 0x0000000080600000| Untracked 
|   7|0x0000000080700000, 0x0000000080800000, 0x0000000080800000|100%| O|  |TAMS 0x0000000080800000, 0x0000000080700000| Untracked 
|   8|0x0000000080800000, 0x0000000080900000, 0x0000000080900000|100%| O|  |TAMS 0x0000000080900000, 0x0000000080800000| Untracked 
|   9|0x0000000080900000, 0x0000000080a00000, 0x0000000080a00000|100%| O|  |TAMS 0x0000000080a00000, 0x0000000080900000| Untracked 
|  10|0x0000000080a00000, 0x0000000080b00000, 0x0000000080b00000|100%| O|  |TAMS 0x0000000080b00000, 0x0000000080a00000| Untracked 
|  11|0x0000000080b00000, 0x0000000080c00000, 0x0000000080c00000|100%| O|  |TAMS 0x0000000080c00000, 0x0000000080b00000| Untracked 
|  12|0x0000000080c00000, 0x0000000080d00000, 0x0000000080d00000|100%| O|  |TAMS 0x0000000080d00000, 0x0000000080c00000| Untracked 
|  13|0x0000000080d00000, 0x0000000080e00000, 0x0000000080e00000|100%| O|  |TAMS 0x0000000080e00000, 0x0000000080d00000| Untracked 
|  14|0x0000000080e00000, 0x0000000080ed9a00, 0x0000000080f00000| 85%| O|  |TAMS 0x0000000080ed9a00, 0x0000000080e00000| Untracked 
|  15|0x0000000080f00000, 0x0000000080f00000, 0x0000000081000000|  0%| F|  |TAMS 0x0000000080f00000, 0x0000000080f00000| Untracked 
|  16|0x0000000081000000, 0x0000000081000000, 0x0000000081100000|  0%| F|  |TAMS 0x0000000081000000, 0x0000000081000000| Untracked 
|  17|0x0000000081100000, 0x0000000081100000, 0x0000000081200000|  0%| F|  |TAMS 0x0000000081100000, 0x0000000081100000| Untracked 
|  18|0x0000000081200000, 0x0000000081200000, 0x0000000081300000|  0%| F|  |TAMS 0x0000000081200000, 0x0000000081200000| Untracked 
|  19|0x0000000081300000, 0x0000000081300000, 0x0000000081400000|  0%| F|  |TAMS 0x0000000081300000, 0x0000000081300000| Untracked 
|  20|0x0000000081400000, 0x0000000081400000, 0x0000000081500000|  0%| F|  |TAMS 0x0000000081400000, 0x0000000081400000| Untracked 
|  21|0x0000000081500000, 0x0000000081500000, 0x0000000081600000|  0%| F|  |TAMS 0x0000000081500000, 0x0000000081500000| Untracked 
|  22|0x0000000081600000, 0x0000000081600000, 0x0000000081700000|  0%| F|  |TAMS 0x0000000081600000, 0x0000000081600000| Untracked 
|  23|0x0000000081700000, 0x0000000081700000, 0x0000000081800000|  0%| F|  |TAMS 0x0000000081700000, 0x0000000081700000| Untracked 
|  24|0x0000000081800000, 0x0000000081800000, 0x0000000081900000|  0%| F|  |TAMS 0x0000000081800000, 0x0000000081800000| Untracked 
|  25|0x0000000081900000, 0x0000000081900000, 0x0000000081a00000|  0%| F|  |TAMS 0x0000000081900000, 0x0000000081900000| Untracked 
|  26|0x0000000081a00000, 0x0000000081a00000, 0x0000000081b00000|  0%| F|  |TAMS 0x0000000081a00000, 0x0000000081a00000| Untracked 
|  27|0x0000000081b00000, 0x0000000081b00000, 0x0000000081c00000|  0%| F|  |TAMS 0x0000000081b00000, 0x0000000081b00000| Untracked 
|  28|0x0000000081c00000, 0x0000000081c00000, 0x0000000081d00000|  0%| F|  |TAMS 0x0000000081c00000, 0x0000000081c00000| Untracked 
|  29|0x0000000081d00000, 0x0000000081d00000, 0x0000000081e00000|  0%| F|  |TAMS 0x0000000081d00000, 0x0000000081d00000| Untracked 
|  30|0x0000000081e00000, 0x0000000081e00000, 0x0000000081f00000|  0%| F|  |TAMS 0x0000000081e00000, 0x0000000081e00000| Untracked 
|  31|0x0000000081f00000, 0x0000000081f00000, 0x0000000082000000|  0%| F|  |TAMS 0x0000000081f00000, 0x0000000081f00000| Untracked 
|  32|0x0000000082000000, 0x0000000082000000, 0x0000000082100000|  0%| F|  |TAMS 0x0000000082000000, 0x0000000082000000| Untracked 
|  33|0x0000000082100000, 0x0000000082100000, 0x0000000082200000|  0%| F|  |TAMS 0x0000000082100000, 0x0000000082100000| Untracked 
|  34|0x0000000082200000, 0x0000000082200000, 0x0000000082300000|  0%| F|  |TAMS 0x0000000082200000, 0x0000000082200000| Untracked 
|  35|0x0000000082300000, 0x0000000082300000, 0x0000000082400000|  0%| F|  |TAMS 0x0000000082300000, 0x0000000082300000| Untracked 
|  36|0x0000000082400000, 0x0000000082400000, 0x0000000082500000|  0%| F|  |TAMS 0x0000000082400000, 0x0000000082400000| Untracked 
|  37|0x0000000082500000, 0x0000000082500000, 0x0000000082600000|  0%| F|  |TAMS 0x0000000082500000, 0x0000000082500000| Untracked 
|  38|0x0000000082600000, 0x0000000082600000, 0x0000000082700000|  0%| F|  |TAMS 0x0000000082600000, 0x0000000082600000| Untracked 
|  39|0x0000000082700000, 0x0000000082700000, 0x0000000082800000|  0%| F|  |TAMS 0x0000000082700000, 0x0000000082700000| Untracked 
|  40|0x0000000082800000, 0x0000000082800000, 0x0000000082900000|  0%| F|  |TAMS 0x0000000082800000, 0x0000000082800000| Untracked 
|  41|0x0000000082900000, 0x0000000082900000, 0x0000000082a00000|  0%| F|  |TAMS 0x0000000082900000, 0x0000000082900000| Untracked 
|  42|0x0000000082a00000, 0x0000000082a00000, 0x0000000082b00000|  0%| F|  |TAMS 0x0000000082a00000, 0x0000000082a00000| Untracked 
|  43|0x0000000082b00000, 0x0000000082b00000, 0x0000000082c00000|  0%| F|  |TAMS 0x0000000082b00000, 0x0000000082b00000| Untracked 
|  44|0x0000000082c00000, 0x0000000082c00000, 0x0000000082d00000|  0%| F|  |TAMS 0x0000000082c00000, 0x0000000082c00000| Untracked 
|  45|0x0000000082d00000, 0x0000000082d00000, 0x0000000082e00000|  0%| F|  |TAMS 0x0000000082d00000, 0x0000000082d00000| Untracked 
|  46|0x0000000082e00000, 0x0000000082e00000, 0x0000000082f00000|  0%| F|  |TAMS 0x0000000082e00000, 0x0000000082e00000| Untracked 
|  47|0x0000000082f00000, 0x0000000082f00000, 0x0000000083000000|  0%| F|  |TAMS 0x0000000082f00000, 0x0000000082f00000| Untracked 
|  48|0x0000000083000000, 0x0000000083000000, 0x0000000083100000|  0%| F|  |TAMS 0x0000000083000000, 0x0000000083000000| Untracked 
|  49|0x0000000083100000, 0x0000000083100000, 0x0000000083200000|  0%| F|  |TAMS 0x0000000083100000, 0x0000000083100000| Untracked 
|  50|0x0000000083200000, 0x0000000083200000, 0x0000000083300000|  0%| F|  |TAMS 0x0000000083200000, 0x0000000083200000| Untracked 
|  51|0x0000000083300000, 0x0000000083300000, 0x0000000083400000|  0%| F|  |TAMS 0x0000000083300000, 0x0000000083300000| Untracked 
|  52|0x0000000083400000, 0x0000000083400000, 0x0000000083500000|  0%| F|  |TAMS 0x0000000083400000, 0x0000000083400000| Untracked 
|  53|0x0000000083500000, 0x0000000083500000, 0x0000000083600000|  0%| F|  |TAMS 0x0000000083500000, 0x0000000083500000| Untracked 
|  54|0x0000000083600000, 0x0000000083600000, 0x0000000083700000|  0%| F|  |TAMS 0x0000000083600000, 0x0000000083600000| Untracked 
|  55|0x0000000083700000, 0x0000000083700000, 0x0000000083800000|  0%| F|  |TAMS 0x0000000083700000, 0x0000000083700000| Untracked 
|  56|0x0000000083800000, 0x0000000083800000, 0x0000000083900000|  0%| F|  |TAMS 0x0000000083800000, 0x0000000083800000| Untracked 
|  57|0x0000000083900000, 0x0000000083900000, 0x0000000083a00000|  0%| F|  |TAMS 0x0000000083900000, 0x0000000083900000| Untracked 
|  58|0x0000000083a00000, 0x0000000083a00000, 0x0000000083b00000|  0%| F|  |TAMS 0x0000000083a00000, 0x0000000083a00000| Untracked 
|  59|0x0000000083b00000, 0x0000000083b00000, 0x0000000083c00000|  0%| F|  |TAMS 0x0000000083b00000, 0x0000000083b00000| Untracked 
|  60|0x0000000083c00000, 0x0000000083c00000, 0x0000000083d00000|  0%| F|  |TAMS 0x0000000083c00000, 0x0000000083c00000| Untracked 
|  61|0x0000000083d00000, 0x0000000083d00000, 0x0000000083e00000|  0%| F|  |TAMS 0x0000000083d00000, 0x0000000083d00000| Untracked 
|  62|0x0000000083e00000, 0x0000000083e00000, 0x0000000083f00000|  0%| F|  |TAMS 0x0000000083e00000, 0x0000000083e00000| Untracked 
|  63|0x0000000083f00000, 0x0000000083f00000, 0x0000000084000000|  0%| F|  |TAMS 0x0000000083f00000, 0x0000000083f00000| Untracked 
|  64|0x0000000084000000, 0x0000000084000000, 0x0000000084100000|  0%| F|  |TAMS 0x0000000084000000, 0x0000000084000000| Untracked 
|  65|0x0000000084100000, 0x0000000084100000, 0x0000000084200000|  0%| F|  |TAMS 0x0000000084100000, 0x0000000084100000| Untracked 
|  66|0x0000000084200000, 0x0000000084200000, 0x0000000084300000|  0%| F|  |TAMS 0x0000000084200000, 0x0000000084200000| Untracked 
|  67|0x0000000084300000, 0x0000000084300000, 0x0000000084400000|  0%| F|  |TAMS 0x0000000084300000, 0x0000000084300000| Untracked 
|  68|0x0000000084400000, 0x0000000084400000, 0x0000000084500000|  0%| F|  |TAMS 0x0000000084400000, 0x0000000084400000| Untracked 
|  69|0x0000000084500000, 0x0000000084500000, 0x0000000084600000|  0%| F|  |TAMS 0x0000000084500000, 0x0000000084500000| Untracked 
|  70|0x0000000084600000, 0x0000000084600000, 0x0000000084700000|  0%| F|  |TAMS 0x0000000084600000, 0x0000000084600000| Untracked 
|  71|0x0000000084700000, 0x0000000084700000, 0x0000000084800000|  0%| F|  |TAMS 0x0000000084700000, 0x0000000084700000| Untracked 
|  72|0x0000000084800000, 0x0000000084800000, 0x0000000084900000|  0%| F|  |TAMS 0x0000000084800000, 0x0000000084800000| Untracked 
|  73|0x0000000084900000, 0x0000000084900000, 0x0000000084a00000|  0%| F|  |TAMS 0x0000000084900000, 0x0000000084900000| Untracked 
|  74|0x0000000084a00000, 0x0000000084a00000, 0x0000000084b00000|  0%| F|  |TAMS 0x0000000084a00000, 0x0000000084a00000| Untracked 
|  75|0x0000000084b00000, 0x0000000084b00000, 0x0000000084c00000|  0%| F|  |TAMS 0x0000000084b00000, 0x0000000084b00000| Untracked 
|  76|0x0000000084c00000, 0x0000000084c00000, 0x0000000084d00000|  0%| F|  |TAMS 0x0000000084c00000, 0x0000000084c00000| Untracked 
|  77|0x0000000084d00000, 0x0000000084d00000, 0x0000000084e00000|  0%| F|  |TAMS 0x0000000084d00000, 0x0000000084d00000| Untracked 
|  78|0x0000000084e00000, 0x0000000084e80800, 0x0000000084f00000| 50%| E|  |TAMS 0x0000000084e00000, 0x0000000084e00000| Complete 
|  79|0x0000000084f00000, 0x0000000084fea460, 0x0000000085000000| 91%| S|CS|TAMS 0x0000000084f00000, 0x0000000084f00000| Complete 
|  80|0x0000000085000000, 0x0000000085100000, 0x0000000085100000|100%| S|CS|TAMS 0x0000000085000000, 0x0000000085000000| Complete 
|  81|0x0000000085100000, 0x0000000085200000, 0x0000000085200000|100%| E|CS|TAMS 0x0000000085100000, 0x0000000085100000| Complete 
|  82|0x0000000085200000, 0x0000000085300000, 0x0000000085300000|100%| E|CS|TAMS 0x0000000085200000, 0x0000000085200000| Complete 
|  83|0x0000000085300000, 0x0000000085400000, 0x0000000085400000|100%| E|CS|TAMS 0x0000000085300000, 0x0000000085300000| Complete 
|  84|0x0000000085400000, 0x0000000085500000, 0x0000000085500000|100%| E|CS|TAMS 0x0000000085400000, 0x0000000085400000| Complete 
|  85|0x0000000085500000, 0x0000000085600000, 0x0000000085600000|100%| E|CS|TAMS 0x0000000085500000, 0x0000000085500000| Complete 
|  86|0x0000000085600000, 0x0000000085700000, 0x0000000085700000|100%| E|CS|TAMS 0x0000000085600000, 0x0000000085600000| Complete 
|  87|0x0000000085700000, 0x0000000085800000, 0x0000000085800000|100%| E|CS|TAMS 0x0000000085700000, 0x0000000085700000| Complete 
|  88|0x0000000085800000, 0x0000000085900000, 0x0000000085900000|100%| E|CS|TAMS 0x0000000085800000, 0x0000000085800000| Complete 
|  89|0x0000000085900000, 0x0000000085a00000, 0x0000000085a00000|100%| E|CS|TAMS 0x0000000085900000, 0x0000000085900000| Complete 
|  90|0x0000000085a00000, 0x0000000085b00000, 0x0000000085b00000|100%| E|CS|TAMS 0x0000000085a00000, 0x0000000085a00000| Complete 
|  91|0x0000000085b00000, 0x0000000085c00000, 0x0000000085c00000|100%| E|CS|TAMS 0x0000000085b00000, 0x0000000085b00000| Complete 
|  92|0x0000000085c00000, 0x0000000085d00000, 0x0000000085d00000|100%| E|CS|TAMS 0x0000000085c00000, 0x0000000085c00000| Complete 
|  93|0x0000000085d00000, 0x0000000085e00000, 0x0000000085e00000|100%| E|CS|TAMS 0x0000000085d00000, 0x0000000085d00000| Complete 
|  94|0x0000000085e00000, 0x0000000085f00000, 0x0000000085f00000|100%| E|CS|TAMS 0x0000000085e00000, 0x0000000085e00000| Complete 
|  95|0x0000000085f00000, 0x0000000086000000, 0x0000000086000000|100%| E|CS|TAMS 0x0000000085f00000, 0x0000000085f00000| Complete 
|  96|0x0000000086000000, 0x0000000086100000, 0x0000000086100000|100%| E|CS|TAMS 0x0000000086000000, 0x0000000086000000| Complete 
|  97|0x0000000086100000, 0x0000000086200000, 0x0000000086200000|100%| E|CS|TAMS 0x0000000086100000, 0x0000000086100000| Complete 
|  98|0x0000000086200000, 0x0000000086300000, 0x0000000086300000|100%| E|CS|TAMS 0x0000000086200000, 0x0000000086200000| Complete 
|  99|0x0000000086300000, 0x0000000086400000, 0x0000000086400000|100%| E|CS|TAMS 0x0000000086300000, 0x0000000086300000| Complete 
| 100|0x0000000086400000, 0x0000000086500000, 0x0000000086500000|100%| E|CS|TAMS 0x0000000086400000, 0x0000000086400000| Complete 
| 101|0x0000000086500000, 0x0000000086600000, 0x0000000086600000|100%| E|CS|TAMS 0x0000000086500000, 0x0000000086500000| Complete 
| 102|0x0000000086600000, 0x0000000086700000, 0x0000000086700000|100%| E|CS|TAMS 0x0000000086600000, 0x0000000086600000| Complete 
| 103|0x0000000086700000, 0x0000000086800000, 0x0000000086800000|100%| E|CS|TAMS 0x0000000086700000, 0x0000000086700000| Complete 
| 104|0x0000000086800000, 0x0000000086900000, 0x0000000086900000|100%| E|CS|TAMS 0x0000000086800000, 0x0000000086800000| Complete 
| 105|0x0000000086900000, 0x0000000086a00000, 0x0000000086a00000|100%| E|CS|TAMS 0x0000000086900000, 0x0000000086900000| Complete 
| 106|0x0000000086a00000, 0x0000000086b00000, 0x0000000086b00000|100%| E|CS|TAMS 0x0000000086a00000, 0x0000000086a00000| Complete 
| 107|0x0000000086b00000, 0x0000000086c00000, 0x0000000086c00000|100%| E|CS|TAMS 0x0000000086b00000, 0x0000000086b00000| Complete 
| 108|0x0000000086c00000, 0x0000000086d00000, 0x0000000086d00000|100%| E|CS|TAMS 0x0000000086c00000, 0x0000000086c00000| Complete 
| 109|0x0000000086d00000, 0x0000000086e00000, 0x0000000086e00000|100%| E|CS|TAMS 0x0000000086d00000, 0x0000000086d00000| Complete 
| 110|0x0000000086e00000, 0x0000000086f00000, 0x0000000086f00000|100%| E|CS|TAMS 0x0000000086e00000, 0x0000000086e00000| Complete 
| 111|0x0000000086f00000, 0x0000000087000000, 0x0000000087000000|100%| E|CS|TAMS 0x0000000086f00000, 0x0000000086f00000| Complete 
| 112|0x0000000087000000, 0x0000000087100000, 0x0000000087100000|100%| E|CS|TAMS 0x0000000087000000, 0x0000000087000000| Complete 
| 113|0x0000000087100000, 0x0000000087200000, 0x0000000087200000|100%| E|CS|TAMS 0x0000000087100000, 0x0000000087100000| Complete 
| 114|0x0000000087200000, 0x0000000087300000, 0x0000000087300000|100%| E|CS|TAMS 0x0000000087200000, 0x0000000087200000| Complete 
| 115|0x0000000087300000, 0x0000000087400000, 0x0000000087400000|100%| E|CS|TAMS 0x0000000087300000, 0x0000000087300000| Complete 
| 116|0x0000000087400000, 0x0000000087500000, 0x0000000087500000|100%| E|CS|TAMS 0x0000000087400000, 0x0000000087400000| Complete 
| 117|0x0000000087500000, 0x0000000087600000, 0x0000000087600000|100%| E|CS|TAMS 0x0000000087500000, 0x0000000087500000| Complete 
| 118|0x0000000087600000, 0x0000000087700000, 0x0000000087700000|100%| E|CS|TAMS 0x0000000087600000, 0x0000000087600000| Complete 
| 119|0x0000000087700000, 0x0000000087800000, 0x0000000087800000|100%| E|CS|TAMS 0x0000000087700000, 0x0000000087700000| Complete 
| 120|0x0000000087800000, 0x0000000087900000, 0x0000000087900000|100%| E|CS|TAMS 0x0000000087800000, 0x0000000087800000| Complete 
| 121|0x0000000087900000, 0x0000000087a00000, 0x0000000087a00000|100%| E|CS|TAMS 0x0000000087900000, 0x0000000087900000| Complete 
| 122|0x0000000087a00000, 0x0000000087b00000, 0x0000000087b00000|100%| E|CS|TAMS 0x0000000087a00000, 0x0000000087a00000| Complete 
| 123|0x0000000087b00000, 0x0000000087c00000, 0x0000000087c00000|100%| E|CS|TAMS 0x0000000087b00000, 0x0000000087b00000| Complete 

Card table byte_map: [0x000002813dcc0000,0x000002813e0c0000] _byte_map_base: 0x000002813d8c0000

Marking Bits (Prev, Next): (CMBitMap*) 0x0000028124373c60, (CMBitMap*) 0x0000028124373c28
 Prev Bits: [0x00000281404c0000, 0x00000281424c0000)
 Next Bits: [0x000002813e4c0000, 0x00000281404c0000)

Polling page: 0x000002812e260000

Metaspace:

Usage:
  Non-class:     21.67 MB capacity,    21.33 MB ( 98%) used,   295.30 KB (  1%) free+waste,    47.00 KB ( <1%) overhead. 
      Class:      3.30 MB capacity,     3.10 MB ( 94%) used,   183.58 KB (  5%) free+waste,    23.31 KB ( <1%) overhead. 
       Both:     24.97 MB capacity,    24.43 MB ( 98%) used,   478.88 KB (  2%) free+waste,    70.31 KB ( <1%) overhead. 

Virtual space:
  Non-class space:       22.00 MB reserved,      21.67 MB ( 99%) committed 
      Class space:      504.00 MB reserved,       3.38 MB ( <1%) committed 
             Both:      526.00 MB reserved,      25.05 MB (  5%) committed 

Chunk freelists:
   Non-Class:  5.00 KB
       Class:  11.00 KB
        Both:  16.00 KB

MaxMetaspaceSize: 512.00 MB
CompressedClassSpaceSize: 504.00 MB
Initial GC threshold: 20.80 MB
Current GC threshold: 35.08 MB
CDS: off

CodeHeap 'non-profiled nmethods': size=120064Kb used=1274Kb max_used=1274Kb free=118789Kb
 bounds [0x0000028135d40000, 0x0000028135fb0000, 0x000002813d280000]
CodeHeap 'profiled nmethods': size=120000Kb used=5109Kb max_used=5109Kb free=114890Kb
 bounds [0x000002812e810000, 0x000002812ed10000, 0x0000028135d40000]
CodeHeap 'non-nmethods': size=5696Kb used=1229Kb max_used=1256Kb free=4467Kb
 bounds [0x000002812e280000, 0x000002812e4f0000, 0x000002812e810000]
 total_blobs=2904 nmethods=2397 adapters=419
 compilation: enabled
              stopped_count=0, restarted_count=0
 full_count=0

Compilation events (20 events):
Event: 118.065 Thread 0x0000028145461000 2403       3       com.google.common.base.CharMatcher::is (9 bytes)
Event: 118.065 Thread 0x0000028145461000 nmethod 2403 0x000002812ed06490 code [0x000002812ed06660, 0x000002812ed06918]
Event: 118.066 Thread 0x0000028145460800 nmethod 2392 0x0000028135e7db10 code [0x0000028135e7dca0, 0x0000028135e7dd98]
Event: 118.068 Thread 0x0000028145461000 2404       3       com.google.common.base.Splitter::splittingIterator (12 bytes)
Event: 118.069 Thread 0x0000028145461000 nmethod 2404 0x000002812ed06a90 code [0x000002812ed06c80, 0x000002812ed07008]
Event: 118.069 Thread 0x0000028145461000 2405       3       com.google.common.base.Splitter$1::iterator (7 bytes)
Event: 118.070 Thread 0x0000028145461000 nmethod 2405 0x000002812ed07190 code [0x000002812ed07360, 0x000002812ed07628]
Event: 118.070 Thread 0x0000028145461000 2406       3       com.google.common.base.Splitter$1::iterator (11 bytes)
Event: 118.070 Thread 0x0000028145461000 nmethod 2406 0x000002812ed07790 code [0x000002812ed07960, 0x000002812ed07bc8]
Event: 118.070 Thread 0x0000028145461000 2407       3       com.google.common.base.Splitter$1$1::<init> (12 bytes)
Event: 118.070 Thread 0x0000028145461000 nmethod 2407 0x000002812ed07d10 code [0x000002812ed07ec0, 0x000002812ed08048]
Event: 118.070 Thread 0x0000028145461000 2408       3       com.google.common.base.AbstractIterator::<init> (12 bytes)
Event: 118.070 Thread 0x0000028145461000 nmethod 2408 0x000002812ed08110 code [0x000002812ed082c0, 0x000002812ed08478]
Event: 118.070 Thread 0x0000028145461000 2409       3       com.google.common.base.Splitter::splitToList (52 bytes)
Event: 118.071 Thread 0x0000028145460800 2410       4       com.google.common.base.CharMatcher::indexIn (48 bytes)
Event: 118.074 Thread 0x0000028145461000 nmethod 2409 0x000002812ed08510 code [0x000002812ed08840, 0x000002812ed09ce8]
Event: 118.078 Thread 0x0000028145460800 nmethod 2410 0x0000028135e7de90 code [0x0000028135e7e040, 0x0000028135e7e228]
Event: 118.078 Thread 0x0000028145460800 2411 %     4       sun.nio.cs.UTF_8$Decoder::decodeArrayLoop @ 73 (691 bytes)
Event: 118.083 Thread 0x0000028145461000 2412       3       com.google.common.base.Splitter$SplittingIterator::<init> (39 bytes)
Event: 118.084 Thread 0x0000028145461000 nmethod 2412 0x000002812ed0a410 code [0x000002812ed0a5e0, 0x000002812ed0a918]

GC Heap History (10 events):
Event: 23.081 GC heap before
{Heap before GC invocations=0 (full 0):
 garbage-first heap   total 126976K, used 16384K [0x0000000080000000, 0x0000000100000000)
  region size 1024K, 14 young (14336K), 0 survivors (0K)
 Metaspace       used 6760K, capacity 7001K, committed 7168K, reserved 524288K
  class space    used 573K, capacity 650K, committed 768K, reserved 516096K
}
Event: 23.900 GC heap after
{Heap after GC invocations=1 (full 0):
 garbage-first heap   total 126976K, used 3841K [0x0000000080000000, 0x0000000100000000)
  region size 1024K, 2 young (2048K), 2 survivors (2048K)
 Metaspace       used 6760K, capacity 7001K, committed 7168K, reserved 524288K
  class space    used 573K, capacity 650K, committed 768K, reserved 516096K
}
Event: 31.701 GC heap before
{Heap before GC invocations=1 (full 0):
 garbage-first heap   total 126976K, used 18177K [0x0000000080000000, 0x0000000100000000)
  region size 1024K, 13 young (13312K), 2 survivors (2048K)
 Metaspace       used 9851K, capacity 10032K, committed 10368K, reserved 526336K
  class space    used 1003K, capacity 1069K, committed 1152K, reserved 516096K
}
Event: 31.708 GC heap after
{Heap after GC invocations=2 (full 0):
 garbage-first heap   total 126976K, used 9119K [0x0000000080000000, 0x0000000100000000)
  region size 1024K, 2 young (2048K), 2 survivors (2048K)
 Metaspace       used 9851K, capacity 10032K, committed 10368K, reserved 526336K
  class space    used 1003K, capacity 1069K, committed 1152K, reserved 516096K
}
Event: 42.183 GC heap before
{Heap before GC invocations=2 (full 0):
 garbage-first heap   total 126976K, used 31647K [0x0000000080000000, 0x0000000100000000)
  region size 1024K, 24 young (24576K), 2 survivors (2048K)
 Metaspace       used 10897K, capacity 11085K, committed 11264K, reserved 526336K
  class space    used 1113K, capacity 1207K, committed 1280K, reserved 516096K
}
Event: 42.191 GC heap after
{Heap after GC invocations=3 (full 0):
 garbage-first heap   total 126976K, used 9959K [0x0000000080000000, 0x0000000100000000)
  region size 1024K, 1 young (1024K), 1 survivors (1024K)
 Metaspace       used 10897K, capacity 11085K, committed 11264K, reserved 526336K
  class space    used 1113K, capacity 1207K, committed 1280K, reserved 516096K
}
Event: 67.248 GC heap before
{Heap before GC invocations=3 (full 0):
 garbage-first heap   total 126976K, used 43751K [0x0000000080000000, 0x0000000100000000)
  region size 1024K, 33 young (33792K), 1 survivors (1024K)
 Metaspace       used 15223K, capacity 15535K, committed 15744K, reserved 530432K
  class space    used 1703K, capacity 1798K, committed 1920K, reserved 516096K
}
Event: 67.662 GC heap after
{Heap after GC invocations=4 (full 0):
 garbage-first heap   total 126976K, used 15512K [0x0000000080000000, 0x0000000100000000)
  region size 1024K, 5 young (5120K), 5 survivors (5120K)
 Metaspace       used 15223K, capacity 15535K, committed 15744K, reserved 530432K
  class space    used 1703K, capacity 1798K, committed 1920K, reserved 516096K
}
Event: 103.936 GC heap before
{Heap before GC invocations=4 (full 0):
 garbage-first heap   total 126976K, used 53400K [0x0000000080000000, 0x0000000100000000)
  region size 1024K, 43 young (44032K), 5 survivors (5120K)
 Metaspace       used 20765K, capacity 21178K, committed 21296K, reserved 536576K
  class space    used 2482K, capacity 2658K, committed 2688K, reserved 516096K
}
Event: 103.998 GC heap after
{Heap after GC invocations=5 (full 0):
 garbage-first heap   total 126976K, used 17167K [0x0000000080000000, 0x0000000100000000)
  region size 1024K, 2 young (2048K), 2 survivors (2048K)
 Metaspace       used 20765K, capacity 21178K, committed 21296K, reserved 536576K
  class space    used 2482K, capacity 2658K, committed 2688K, reserved 516096K
}

Deoptimization events (20 events):
Event: 98.488 Thread 0x000002814675d000 Uncommon trap: trap_request=0xffffff4d fr.pc=0x0000028135db695c relative=0x000000000000051c
Event: 98.488 Thread 0x000002814675d000 Uncommon trap: reason=unstable_if action=reinterpret pc=0x0000028135db695c method=java.io.File.getName()Ljava/lang/String; @ 16 c2
Event: 98.488 Thread 0x000002814675d000 DEOPT PACKING pc=0x0000028135db695c sp=0x00000081b21fc9d0
Event: 98.488 Thread 0x000002814675d000 DEOPT UNPACKING pc=0x000002812e2ca1af sp=0x00000081b21fc9a0 mode 2
Event: 98.488 Thread 0x000002814675d000 Uncommon trap: trap_request=0xffffff4d fr.pc=0x0000028135db4b34 relative=0x0000000000000474
Event: 98.488 Thread 0x000002814675d000 Uncommon trap: reason=unstable_if action=reinterpret pc=0x0000028135db4b34 method=java.lang.String.substring(I)Ljava/lang/String; @ 34 c2
Event: 98.488 Thread 0x000002814675d000 DEOPT PACKING pc=0x0000028135db4b34 sp=0x00000081b21fc950
Event: 98.488 Thread 0x000002814675d000 DEOPT UNPACKING pc=0x000002812e2ca1af sp=0x00000081b21fc928 mode 2
Event: 105.945 Thread 0x000002814675d000 Uncommon trap: trap_request=0xffffff4d fr.pc=0x0000028135e34530 relative=0x00000000000003b0
Event: 105.945 Thread 0x000002814675d000 Uncommon trap: reason=unstable_if action=reinterpret pc=0x0000028135e34530 method=jdk.internal.org.objectweb.asm.Type.getArgumentsAndReturnSizes(Ljava/lang/String;)I @ 88 c2
Event: 105.945 Thread 0x000002814675d000 DEOPT PACKING pc=0x0000028135e34530 sp=0x00000081b21f9620
Event: 105.945 Thread 0x000002814675d000 DEOPT UNPACKING pc=0x000002812e2ca1af sp=0x00000081b21f95a8 mode 2
Event: 111.203 Thread 0x000002814675d000 Uncommon trap: trap_request=0xffffff4d fr.pc=0x0000028135d9acfc relative=0x000000000000023c
Event: 111.203 Thread 0x000002814675d000 Uncommon trap: reason=unstable_if action=reinterpret pc=0x0000028135d9acfc method=java.util.concurrent.ConcurrentHashMap.get(Ljava/lang/Object;)Ljava/lang/Object; @ 76 c2
Event: 111.203 Thread 0x000002814675d000 DEOPT PACKING pc=0x0000028135d9acfc sp=0x00000081b21f8670
Event: 111.203 Thread 0x000002814675d000 DEOPT UNPACKING pc=0x000002812e2ca1af sp=0x00000081b21f85d8 mode 2
Event: 112.606 Thread 0x000002814675d000 Uncommon trap: trap_request=0xffffffcc fr.pc=0x0000028135e757f4 relative=0x00000000000002b4
Event: 112.606 Thread 0x000002814675d000 Uncommon trap: reason=intrinsic_or_type_checked_inlining action=make_not_entrant pc=0x0000028135e757f4 method=java.util.Arrays.copyOf([Ljava/lang/Object;ILjava/lang/Class;)[Ljava/lang/Object; @ 35 c2
Event: 112.606 Thread 0x000002814675d000 DEOPT PACKING pc=0x0000028135e757f4 sp=0x00000081b21fac80
Event: 112.606 Thread 0x000002814675d000 DEOPT UNPACKING pc=0x000002812e2ca1af sp=0x00000081b21fac10 mode 2

Classes redefined (0 events):
No events

Internal exceptions (20 events):
Event: 91.094 Thread 0x000002814675d000 Exception <a 'java/lang/NoSuchMethodError'{0x0000000087346d90}: 'void java.lang.invoke.DelegatingMethodHandle$Holder.reinvoke_L(java.lang.Object, java.lang.Object, java.lang.Object, java.lang.Object, java.lang.Object, java.lang.Object, java.lang.Object)'> (0x0000000087346d90) thrown at [./src/hotspot/share/interpreter/linkResolver.cpp, line 773]
Event: 94.063 Thread 0x000002814675d000 Exception <a 'java/lang/NoSuchMethodError'{0x0000000086b6dd00}: 'void java.lang.invoke.DirectMethodHandle$Holder.invokeStaticInit(java.lang.Object)'> (0x0000000086b6dd00) thrown at [./src/hotspot/share/interpreter/linkResolver.cpp, line 773]
Event: 94.435 Thread 0x000002814675d000 Exception <a 'java/lang/NoSuchMethodError'{0x0000000086a29590}: 'java.lang.Object java.lang.invoke.DirectMethodHandle$Holder.invokeStatic(java.lang.Object, java.lang.Object, java.lang.Object, int)'> (0x0000000086a29590) thrown at [./src/hotspot/share/interpreter/linkResolver.cpp, line 773]
Event: 94.436 Thread 0x000002814675d000 Exception <a 'java/lang/NoSuchMethodError'{0x0000000086a2d758}: 'java.lang.Object java.lang.invoke.DirectMethodHandle$Holder.invokeSpecial(java.lang.Object, java.lang.Object, java.lang.Object, java.lang.Object, int)'> (0x0000000086a2d758) thrown at [./src/hotspot/share/interpreter/linkResolver.cpp, line 773]
Event: 94.436 Thread 0x000002814675d000 Exception <a 'java/lang/NoSuchMethodError'{0x0000000086a31140}: 'java.lang.Object java.lang.invoke.Invokers$Holder.linkToTargetMethod(java.lang.Object, java.lang.Object, int, java.lang.Object)'> (0x0000000086a31140) thrown at [./src/hotspot/share/interpreter/linkResolver.cpp, line 773]
Event: 99.536 Thread 0x000002814675d000 Exception <a 'java/lang/NoSuchMethodError'{0x00000000860928a8}: 'java.lang.Object java.lang.invoke.Invokers$Holder.linkToTargetMethod(java.lang.Object, java.lang.Object, java.lang.Object, java.lang.Object, java.lang.Object, java.lang.Object)'> (0x00000000860928a8) thrown at [./src/hotspot/share/interpreter/linkResolver.cpp, line 773]
Event: 104.025 Thread 0x000002814675d000 Exception <a 'java/lang/NoSuchMethodError'{0x0000000087b5c590}: 'int java.lang.invoke.DirectMethodHandle$Holder.invokeSpecialIFC(java.lang.Object, java.lang.Object, java.lang.Object, java.lang.Object)'> (0x0000000087b5c590) thrown at [./src/hotspot/share/interpreter/linkResolver.cpp, line 773]
Event: 104.032 Thread 0x000002814675d000 Exception <a 'java/lang/NoSuchMethodError'{0x0000000087b6a548}: 'java.lang.Object java.lang.invoke.DirectMethodHandle$Holder.invokeInterface(java.lang.Object, java.lang.Object, java.lang.Object)'> (0x0000000087b6a548) thrown at [./src/hotspot/share/interpreter/linkResolver.cpp, line 773]
Event: 104.033 Thread 0x000002814675d000 Exception <a 'java/lang/IncompatibleClassChangeError'{0x0000000087b6da20}: Found class java.lang.Object, but interface was expected> (0x0000000087b6da20) thrown at [./src/hotspot/share/interpreter/linkResolver.cpp, line 839]
Event: 107.151 Thread 0x000002814675d000 Exception <a 'java/lang/NoSuchMethodError'{0x0000000087314b40}: 'void java.lang.invoke.DirectMethodHandle$Holder.invokeSpecial(java.lang.Object, java.lang.Object, java.lang.Object, java.lang.Object, java.lang.Object)'> (0x0000000087314b40) thrown at [./src/hotspot/share/interpreter/linkResolver.cpp, line 773]
Event: 107.664 Thread 0x000002814675d000 Exception <a 'java/lang/NoSuchMethodError'{0x00000000871afab0}: 'java.lang.Object java.lang.invoke.DirectMethodHandle$Holder.invokeSpecial(java.lang.Object, java.lang.Object, java.lang.Object, java.lang.Object, java.lang.Object, java.lang.Object, java.lang.Object, java.lang.Object, java.lang.Object)'> (0x00000000871afab0) thrown at [./src/hotspot/share/interpreter/linkResolver.cpp, line 773]
Event: 109.677 Thread 0x000002814675d000 Exception <a 'java/lang/NoSuchMethodError'{0x0000000086621958}: 'java.lang.Object java.lang.invoke.DirectMethodHandle$Holder.invokeVirtual(java.lang.Object, java.lang.Object, java.lang.Object, java.lang.Object)'> (0x0000000086621958) thrown at [./src/hotspot/share/interpreter/linkResolver.cpp, line 773]
Event: 112.270 Thread 0x000002814675d000 Exception <a 'java/lang/NoSuchMethodError'{0x00000000860a2af0}: 'void java.lang.invoke.DirectMethodHandle$Holder.invokeSpecial(java.lang.Object, java.lang.Object, java.lang.Object, java.lang.Object, java.lang.Object, java.lang.Object)'> (0x00000000860a2af0) thrown at [./src/hotspot/share/interpreter/linkResolver.cpp, line 773]
Event: 112.278 Thread 0x000002814675d000 Exception <a 'java/lang/NoSuchMethodError'{0x00000000860d0f10}: 'java.lang.Object java.lang.invoke.DirectMethodHandle$Holder.invokeSpecial(java.lang.Object, java.lang.Object, java.lang.Object, java.lang.Object, java.lang.Object, java.lang.Object, java.lang.Object, java.lang.Object, int, int)'> (0x00000000860d0f10) thrown at [./src/hotspot/share/interpreter/linkResolver.cpp, line 773]
Event: 112.281 Thread 0x000002814675d000 Exception <a 'java/lang/NoSuchMethodError'{0x00000000860ed868}: 'java.lang.Object java.lang.invoke.Invokers$Holder.linkToTargetMethod(java.lang.Object, java.lang.Object, java.lang.Object, java.lang.Object, java.lang.Object, java.lang.Object, java.lang.Object)'> (0x00000000860ed868) thrown at [./src/hotspot/share/interpreter/linkResolver.cpp, line 773]
Event: 112.596 Thread 0x000002814675d000 Exception <a 'java/lang/NoSuchMethodError'{0x0000000085ff3ff0}: 'void java.lang.invoke.DirectMethodHandle$Holder.invokeSpecial(java.lang.Object, java.lang.Object, java.lang.Object, java.lang.Object, java.lang.Object, java.lang.Object, java.lang.Object)'> (0x0000000085ff3ff0) thrown at [./src/hotspot/share/interpreter/linkResolver.cpp, line 773]
Event: 112.607 Thread 0x000002814675d000 Exception <a 'java/lang/NoSuchMethodError'{0x0000000085e374c8}: 'java.lang.Object java.lang.invoke.DirectMethodHandle$Holder.invokeStatic(java.lang.Object, java.lang.Object, java.lang.Object, int, java.lang.Object, java.lang.Object)'> (0x0000000085e374c8) thrown at [./src/hotspot/share/interpreter/linkResolver.cpp, line 773]
Event: 112.608 Thread 0x000002814675d000 Exception <a 'java/lang/NoSuchMethodError'{0x0000000085e3ebd8}: 'java.lang.Object java.lang.invoke.Invokers$Holder.linkToTargetMethod(java.lang.Object, java.lang.Object, int, java.lang.Object, java.lang.Object, java.lang.Object)'> (0x0000000085e3ebd8) thrown at [./src/hotspot/share/interpreter/linkResolver.cpp, line 773]
Event: 113.535 Thread 0x000002814675d000 Exception <a 'java/lang/NoSuchMethodError'{0x0000000085c08ea0}: 'java.lang.Object java.lang.invoke.DirectMethodHandle$Holder.invokeVirtual(java.lang.Object, java.lang.Object, java.lang.Object, java.lang.Object, java.lang.Object, java.lang.Object, java.lang.Object, java.lang.Object, java.lang.Object, java.lang.Object, java.lang.Object, java.lang.Object, java.lang.Object, java.lang.Object, java.lang.Object, java.lang.Object, java.lang.Object, java.lang.Object, java.lang.Object, java.lang.Object, java.lang.Ob
Event: 116.282 Thread 0x000002814675d000 Exception <a 'java/lang/NoSuchMethodError'{0x00000000854945a8}: 'int java.lang.invoke.DirectMethodHandle$Holder.invokeStaticInit(java.lang.Object, java.lang.Object, java.lang.Object)'> (0x00000000854945a8) thrown at [./src/hotspot/share/interpreter/linkResolver.cpp, line 773]

Events (20 events):
Event: 117.263 loading class com/google/common/base/CharMatcher$SingleWidth
Event: 117.263 loading class com/google/common/base/CharMatcher$SingleWidth done
Event: 117.263 loading class com/google/common/base/CharMatcher$Whitespace
Event: 117.263 loading class com/google/common/base/CharMatcher$Whitespace done
Event: 117.264 loading class com/google/common/base/CharMatcher$JavaIsoControl
Event: 117.264 loading class com/google/common/base/CharMatcher$JavaIsoControl done
Event: 117.264 loading class com/google/common/base/CharMatcher$IsNot
Event: 117.264 loading class com/google/common/base/CharMatcher$IsNot done
Event: 117.265 loading class com/google/common/base/Splitter$1
Event: 117.265 loading class com/google/common/base/Splitter$1 done
Event: 117.266 loading class com/google/common/base/Splitter$SplittingIterator
Event: 117.266 loading class com/google/common/base/Splitter$SplittingIterator done
Event: 117.267 loading class com/google/common/base/AbstractIterator
Event: 117.267 loading class com/google/common/base/AbstractIterator done
Event: 117.267 loading class com/google/common/base/Splitter$1$1
Event: 117.267 loading class com/google/common/base/Splitter$1$1 done
Event: 117.269 loading class com/google/common/base/AbstractIterator$State
Event: 117.269 loading class com/google/common/base/AbstractIterator$State done
Event: 117.694 loading class com/google/common/base/AbstractIterator$1
Event: 117.694 loading class com/google/common/base/AbstractIterator$1 done


Dynamic libraries:
0x00007ff638720000 - 0x00007ff63872d000 	C:\Program Files\Microsoft\jdk-11.0.18.10-hotspot\bin\java.exe
0x00007ffe4deb0000 - 0x00007ffe4e0a8000 	C:\Windows\SYSTEM32\ntdll.dll
0x00007ffe4cea0000 - 0x00007ffe4cf5f000 	C:\Windows\System32\KERNEL32.DLL
0x00007ffe4bb00000 - 0x00007ffe4bdd2000 	C:\Windows\System32\KERNELBASE.dll
0x00007ffe4b650000 - 0x00007ffe4b750000 	C:\Windows\System32\ucrtbase.dll
0x00007ffe3b6a0000 - 0x00007ffe3b6b7000 	C:\Program Files\Microsoft\jdk-11.0.18.10-hotspot\bin\jli.dll
0x00007ffe4d7b0000 - 0x00007ffe4d951000 	C:\Windows\System32\USER32.dll
0x00007ffe4b7e0000 - 0x00007ffe4b802000 	C:\Windows\System32\win32u.dll
0x00007ffe4cf60000 - 0x00007ffe4cf8b000 	C:\Windows\System32\GDI32.dll
0x00007ffe4b9f0000 - 0x00007ffe4baff000 	C:\Windows\System32\gdi32full.dll
0x00007ffe4b5b0000 - 0x00007ffe4b64d000 	C:\Windows\System32\msvcp_win.dll
0x00007ffe39540000 - 0x00007ffe39555000 	C:\Program Files\Microsoft\jdk-11.0.18.10-hotspot\bin\VCRUNTIME140.dll
0x00007ffe4a9b0000 - 0x00007ffe4ac4a000 	C:\Windows\WinSxS\amd64_microsoft.windows.common-controls_6595b64144ccf1df_6.0.19041.1110_none_60b5254171f9507e\COMCTL32.dll
0x00007ffe4d000000 - 0x00007ffe4d09e000 	C:\Windows\System32\msvcrt.dll
0x00007ffe4d9e0000 - 0x00007ffe4da10000 	C:\Windows\System32\IMM32.DLL
0x00007ffe394a0000 - 0x00007ffe3953b000 	C:\Program Files\Microsoft\jdk-11.0.18.10-hotspot\bin\msvcp140.dll
0x00007ffdbfac0000 - 0x00007ffdc0652000 	C:\Program Files\Microsoft\jdk-11.0.18.10-hotspot\bin\server\jvm.dll
0x00007ffe4dc80000 - 0x00007ffe4dd2e000 	C:\Windows\System32\ADVAPI32.dll
0x00007ffe4ca20000 - 0x00007ffe4cabc000 	C:\Windows\System32\sechost.dll
0x00007ffe4da10000 - 0x00007ffe4db34000 	C:\Windows\System32\RPCRT4.dll
0x00007ffe4cf90000 - 0x00007ffe4cf98000 	C:\Windows\System32\PSAPI.DLL
0x00007ffe35000000 - 0x00007ffe35009000 	C:\Windows\SYSTEM32\WSOCK32.dll
0x00007ffe4db40000 - 0x00007ffe4dbab000 	C:\Windows\System32\WS2_32.dll
0x00007ffe363f0000 - 0x00007ffe36417000 	C:\Windows\SYSTEM32\WINMM.dll
0x00007ffe3a6f0000 - 0x00007ffe3a6fa000 	C:\Windows\SYSTEM32\VERSION.dll
0x00007ffe49100000 - 0x00007ffe49112000 	C:\Windows\SYSTEM32\kernel.appcore.dll
0x00007ffe48280000 - 0x00007ffe48290000 	C:\Program Files\Microsoft\jdk-11.0.18.10-hotspot\bin\verify.dll
0x00007ffe4ae40000 - 0x00007ffe4b024000 	C:\Windows\SYSTEM32\DBGHELP.DLL
0x00007ffe4ad60000 - 0x00007ffe4ad95000 	C:\Windows\SYSTEM32\dbgcore.DLL
0x00007ffe4b750000 - 0x00007ffe4b7d2000 	C:\Windows\System32\bcryptPrimitives.dll
0x00007ffe39470000 - 0x00007ffe39498000 	C:\Program Files\Microsoft\jdk-11.0.18.10-hotspot\bin\java.dll
0x00007ffe3b690000 - 0x00007ffe3b69a000 	C:\Program Files\Microsoft\jdk-11.0.18.10-hotspot\bin\jimage.dll
0x00007ffe39450000 - 0x00007ffe39468000 	C:\Program Files\Microsoft\jdk-11.0.18.10-hotspot\bin\zip.dll
0x00007ffe4c090000 - 0x00007ffe4c7d5000 	C:\Windows\System32\SHELL32.dll
0x00007ffe48950000 - 0x00007ffe490e2000 	C:\Windows\SYSTEM32\windows.storage.dll
0x00007ffe4cac0000 - 0x00007ffe4ce15000 	C:\Windows\System32\combase.dll
0x00007ffe4a900000 - 0x00007ffe4a930000 	C:\Windows\SYSTEM32\Wldp.dll
0x00007ffe4d100000 - 0x00007ffe4d1ad000 	C:\Windows\System32\SHCORE.dll
0x00007ffe4ce40000 - 0x00007ffe4ce95000 	C:\Windows\System32\shlwapi.dll
0x00007ffe4b4f0000 - 0x00007ffe4b50f000 	C:\Windows\SYSTEM32\profapi.dll
0x00007ffe39430000 - 0x00007ffe39449000 	C:\Program Files\Microsoft\jdk-11.0.18.10-hotspot\bin\net.dll
0x00007ffe3aaa0000 - 0x00007ffe3abaa000 	C:\Windows\SYSTEM32\WINHTTP.dll
0x00007ffe4a5e0000 - 0x00007ffe4a64a000 	C:\Windows\system32\mswsock.dll
0x00007ffe39410000 - 0x00007ffe39423000 	C:\Program Files\Microsoft\jdk-11.0.18.10-hotspot\bin\nio.dll
0x00007ffe393a0000 - 0x00007ffe393c7000 	C:\Users\DELL\.gradle\native\e1d6ef7f7dcc3fd88c89a11ec53ec762bb8ba0a96d01ffa2cd45eb1d1d8dd5c5\windows-amd64\native-platform.dll
0x00007ffe39220000 - 0x00007ffe39364000 	C:\Users\DELL\.gradle\native\0d407fdbe67a94daf76414ababcb853783967236a71b16ec16e742cd7a986fd3\windows-amd64\native-platform-file-events.dll
0x00007ffe39380000 - 0x00007ffe39389000 	C:\Program Files\Microsoft\jdk-11.0.18.10-hotspot\bin\management.dll
0x00007ffe39370000 - 0x00007ffe3937b000 	C:\Program Files\Microsoft\jdk-11.0.18.10-hotspot\bin\management_ext.dll
0x00007ffe4b340000 - 0x00007ffe4b358000 	C:\Windows\SYSTEM32\CRYPTSP.dll
0x00007ffe49f80000 - 0x00007ffe49fb4000 	C:\Windows\system32\rsaenh.dll
0x00007ffe4b970000 - 0x00007ffe4b997000 	C:\Windows\System32\bcrypt.dll
0x00007ffe4b4b0000 - 0x00007ffe4b4de000 	C:\Windows\SYSTEM32\USERENV.dll
0x00007ffe4a930000 - 0x00007ffe4a93c000 	C:\Windows\SYSTEM32\CRYPTBASE.dll
0x00007ffe4a2f0000 - 0x00007ffe4a32b000 	C:\Windows\SYSTEM32\IPHLPAPI.DLL
0x00007ffe4de60000 - 0x00007ffe4de68000 	C:\Windows\System32\NSI.dll
0x00007ffe3b240000 - 0x00007ffe3b257000 	C:\Windows\SYSTEM32\dhcpcsvc6.DLL
0x00007ffe3b820000 - 0x00007ffe3b83d000 	C:\Windows\SYSTEM32\dhcpcsvc.DLL
0x00007ffe4a330000 - 0x00007ffe4a3fb000 	C:\Windows\SYSTEM32\DNSAPI.dll

dbghelp: loaded successfully - version: 4.0.5 - missing functions: none
symbol engine: initialized successfully - sym options: 0x614 - pdb path: .;C:\Program Files\Microsoft\jdk-11.0.18.10-hotspot\bin;C:\Windows\SYSTEM32;C:\Windows\WinSxS\amd64_microsoft.windows.common-controls_6595b64144ccf1df_6.0.19041.1110_none_60b5254171f9507e;C:\Program Files\Microsoft\jdk-11.0.18.10-hotspot\bin\server;C:\Users\DELL\.gradle\native\e1d6ef7f7dcc3fd88c89a11ec53ec762bb8ba0a96d01ffa2cd45eb1d1d8dd5c5\windows-amd64;C:\Users\DELL\.gradle\native\0d407fdbe67a94daf76414ababcb853783967236a71b16ec16e742cd7a986fd3\windows-amd64

VM Arguments:
jvm_args: -XX:MaxMetaspaceSize=512m --add-opens=java.base/java.util=ALL-UNNAMED --add-opens=java.base/java.lang=ALL-UNNAMED --add-opens=java.base/java.lang.invoke=ALL-UNNAMED --add-opens=java.base/java.util=ALL-UNNAMED --add-opens=java.prefs/java.util.prefs=ALL-UNNAMED --add-opens=java.prefs/java.util.prefs=ALL-UNNAMED --add-opens=java.base/java.nio.charset=ALL-UNNAMED --add-opens=java.base/java.net=ALL-UNNAMED --add-opens=java.base/java.util.concurrent.atomic=ALL-UNNAMED -Xmx2048m -Dfile.encoding=windows-1252 -Duser.country=US -Duser.language=en -Duser.variant 
java_command: org.gradle.launcher.daemon.bootstrap.GradleDaemon 7.5.1
java_class_path (initial): C:\Users\DELL\.gradle\wrapper\dists\gradle-7.5.1-all\1ehga6e77gqps5uk2kc5kf1vc\gradle-7.5.1\lib\gradle-launcher-7.5.1.jar
Launcher Type: SUN_STANDARD

[Global flags]
     intx CICompilerCount                          = 3                                         {product} {ergonomic}
   size_t CompressedClassSpaceSize                 = 528482304                                 {product} {ergonomic}
     uint ConcGCThreads                            = 1                                         {product} {ergonomic}
     uint G1ConcRefinementThreads                  = 4                                         {product} {ergonomic}
   size_t G1HeapRegionSize                         = 1048576                                   {product} {ergonomic}
    uintx GCDrainStackTargetSize                   = 64                                        {product} {ergonomic}
   size_t InitialHeapSize                          = 130023424                                 {product} {ergonomic}
   size_t MarkStackSize                            = 4194304                                   {product} {ergonomic}
   size_t MaxHeapSize                              = 2147483648                                {product} {command line}
   size_t MaxMetaspaceSize                         = 536870912                                 {product} {command line}
   size_t MaxNewSize                               = 1287651328                                {product} {ergonomic}
   size_t MinHeapDeltaBytes                        = 1048576                                   {product} {ergonomic}
    uintx NonNMethodCodeHeapSize                   = 5830732                                {pd product} {ergonomic}
    uintx NonProfiledCodeHeapSize                  = 122913754                              {pd product} {ergonomic}
    uintx ProfiledCodeHeapSize                     = 122913754                              {pd product} {ergonomic}
    uintx ReservedCodeCacheSize                    = 251658240                              {pd product} {ergonomic}
     bool SegmentedCodeCache                       = true                                      {product} {ergonomic}
     bool UseCompressedClassPointers               = true                                 {lp64_product} {ergonomic}
     bool UseCompressedOops                        = true                                 {lp64_product} {ergonomic}
     bool UseG1GC                                  = true                                      {product} {ergonomic}
     bool UseLargePagesIndividualAllocation        = false                                  {pd product} {ergonomic}

Logging:
Log output configuration:
 #0: stdout all=warning uptime,level,tags
 #1: stderr all=off uptime,level,tags

Environment Variables:
JAVA_HOME=C:\Program Files\Microsoft\jdk-11.0.18.10-hotspot\
CLASSPATH=D:\React-Native-Cli\AwesomeProject\android\\gradle\wrapper\gradle-wrapper.jar
PATH=D:\React-Native-Cli\AwesomeProject\android\node_modules\.bin;D:\React-Native-Cli\AwesomeProject\node_modules\.bin;D:\React-Native-Cli\node_modules\.bin;D:\node_modules\.bin;C:\Program Files\nodejs;D:\React-Native-Cli\AwesomeProject\node_modules\.bin;D:\React-Native-Cli\AwesomeProject\node_modules\.bin;D:\React-Native-Cli\node_modules\.bin;D:\node_modules\.bin;C:\Program Files\nodejs\node_modules\npm\node_modules\@npmcli\run-script\lib\node-gyp-bin;D:\React-Native-Cli\AwesomeProject\node_modules\.bin;D:\React-Native-Cli\node_modules\.bin;D:\node_modules\.bin;C:\Program Files\nodejs;D:\React-Native-Cli\Awesomeproject\node_modules\react-native\scripts\node_modules\.bin;D:\React-Native-Cli\Awesomeproject\node_modules\react-native\node_modules\.bin;D:\React-Native-Cli\Awesomeproject\node_modules\node_modules\.bin;D:\React-Native-Cli\Awesomeproject\node_modules\.bin;D:\React-Native-Cli\node_modules\.bin;D:\node_modules\.bin;C:\Program Files\nodejs;D:\React-Native-Cli\Awesomeproject\node_modules\.bin;D:\React-Native-Cli\Awesomeproject\node_modules\.bin;D:\React-Native-Cli\node_modules\.bin;D:\node_modules\.bin;C:\Program Files\nodejs\node_modules\npm\node_modules\@npmcli\run-script\lib\node-gyp-bin;C:\Program Files\Microsoft\jdk-11.0.18.10-hotspot\bin;C:\Windows\system32;C:\Windows;C:\Windows\System32\Wbem;C:\Windows\System32\WindowsPowerShell\v1.0\;C:\Windows\System32\OpenSSH\;C:\Program Files (x86)\Intel\Intel(R) Management Engine Components\DAL;C:\Program Files\Intel\Intel(R) Management Engine Components\DAL;C:\Program Files\Git\cmd;C:\laragon\bin\php\php-8.1.10-Win32-vs16-x64;C:\ProgramData\ComposerSetup\bin;C:\Program Files\nodejs\;C:\ProgramData\chocolatey\bin;C:\Users\DELL\AppData\Local\Microsoft\WindowsApps;C:\Users\DELL\AppData\Local\Programs\Microsoft VS Code\bin;C:\Users\DELL\AppData\Roaming\Composer\vendor\bin;C:\Users\DELL\AppData\Roaming\npm;C:\Users\DELL\AppData\Local\Android\Sdk\platform-tools;
USERNAME=DELL
LANG=en_US.UTF-8
OS=Windows_NT
PROCESSOR_IDENTIFIER=Intel64 Family 6 Model 78 Stepping 3, GenuineIntel
TMP=C:\Users\DELL\AppData\Local\Temp
TEMP=C:\Users\DELL\AppData\Local\Temp



---------------  S Y S T E M  ---------------

OS: Windows 10 , 64 bit Build 19041 (10.0.19041.2546)
OS uptime: 6 days 0:52 hours

CPU:total 4 (initial active 4) (2 cores per cpu, 2 threads per core) family 6 model 78 stepping 3 microcode 0xcc, cmov, cx8, fxsr, mmx, sse, sse2, sse3, ssse3, sse4.1, sse4.2, popcnt, avx, avx2, aes, clmul, erms, rtm, 3dnowpref, lzcnt, ht, tsc, tscinvbit, bmi1, bmi2, adx, fma

Memory: 4k page, system-wide physical 7839M (55M free)
TotalPageFile size 23028M (AvailPageFile size 0M)
current process WorkingSet (physical memory assigned to process): 74M, peak: 122M
current process commit charge ("private bytes"): 245M, peak: 262M

vm_info: OpenJDK 64-Bit Server VM (11.0.18+10-LTS) for windows-amd64 JRE (11.0.18+10-LTS), built on Jan 18 2023 15:56:47 by "MicrosoftCorporation" with MS VC++ 15.9 (VS2017)

END.
