#
# There is insufficient memory for the Java Runtime Environment to continue.
# Native memory allocation (malloc) failed to allocate 696176 bytes for Chunk::new
# Possible reasons:
#   The system is out of physical RAM or swap space
#   The process is running with CompressedOops enabled, and the Java Heap may be blocking the growth of the native heap
# Possible solutions:
#   Reduce memory load on the system
#   Increase physical memory or swap space
#   Check if swap backing store is full
#   Decrease Java heap size (-Xmx/-Xms)
#   Decrease number of Java threads
#   Decrease Java thread stack sizes (-Xss)
#   Set larger code cache with -XX:ReservedCodeCacheSize=
#   JVM is running with Unscaled Compressed Oops mode in which the Java heap is
#     placed in the first 4GB address space. The Java Heap base address is the
#     maximum limit for the native heap growth. Please use -XX:HeapBaseMinAddress
#     to set the Java Heap base and to place the Java Heap above 4GB virtual address.
# This output file may be truncated or incomplete.
#
#  Out of Memory Error (./src/hotspot/share/memory/arena.cpp:197), pid=16984, tid=9236
#
# JRE version: OpenJDK Runtime Environment Microsoft-7208460 (11.0.18+10) (build 11.0.18+10-LTS)
# Java VM: OpenJDK 64-Bit Server VM Microsoft-7208460 (11.0.18+10-LTS, mixed mode, tiered, compressed oops, g1 gc, windows-amd64)
# No core dump will be written. Minidumps are not enabled by default on client versions of Windows
#

---------------  S U M M A R Y ------------

Command Line: -XX:MaxMetaspaceSize=512m --add-opens=java.base/java.util=ALL-UNNAMED --add-opens=java.base/java.lang=ALL-UNNAMED --add-opens=java.base/java.lang.invoke=ALL-UNNAMED --add-opens=java.base/java.util=ALL-UNNAMED --add-opens=java.prefs/java.util.prefs=ALL-UNNAMED --add-opens=java.prefs/java.util.prefs=ALL-UNNAMED --add-opens=java.base/java.nio.charset=ALL-UNNAMED --add-opens=java.base/java.net=ALL-UNNAMED --add-opens=java.base/java.util.concurrent.atomic=ALL-UNNAMED -Xmx2048m -Dfile.encoding=windows-1252 -Duser.country=US -Duser.language=en -Duser.variant org.gradle.launcher.daemon.bootstrap.GradleDaemon 7.5.1

Host: Intel(R) Core(TM) i5-6300U CPU @ 2.40GHz, 4 cores, 7G,  Windows 10 , 64 bit Build 19041 (10.0.19041.2546)
Time: Tue May  2 04:05:23 2023 Pacific Daylight Time elapsed time: 144.244652 seconds (0d 0h 2m 24s)

---------------  T H R E A D  ---------------

Current thread (0x000001f09b89b000):  JavaThread "C2 CompilerThread0" daemon [_thread_in_native, id=9236, stack(0x00000059fe500000,0x00000059fe600000)]


Current CompileTask:
C2: 144244 3482       4       java.lang.String::split (324 bytes)

Stack: [0x00000059fe500000,0x00000059fe600000]
Native frames: (J=compiled Java code, j=interpreted, Vv=VM code, C=native code)
V  [jvm.dll+0x62bf8a]
V  [jvm.dll+0x7b8fb9]
V  [jvm.dll+0x7ba6a8]
V  [jvm.dll+0x7bad83]
V  [jvm.dll+0x250248]
V  [jvm.dll+0xc260c]
V  [jvm.dll+0xc2bcc]
V  [jvm.dll+0x2c4e64]
V  [jvm.dll+0x533dcc]
V  [jvm.dll+0x208c26]
V  [jvm.dll+0x20ad9f]
V  [jvm.dll+0x2083eb]
V  [jvm.dll+0x18a4b1]
V  [jvm.dll+0x217eec]
V  [jvm.dll+0x21612b]
V  [jvm.dll+0x77bac0]
V  [jvm.dll+0x7749f4]
V  [jvm.dll+0x62adf5]
C  [ucrtbase.dll+0x21bb2]
C  [KERNEL32.DLL+0x17614]
C  [ntdll.dll+0x526a1]


---------------  P R O C E S S  ---------------

Threads class SMR info:
_java_thread_list=0x000001f09e942770, length=32, elements={
0x000001f0fcfa9800, 0x000001f09b82f000, 0x000001f09b832000, 0x000001f09b897000,
0x000001f09b899000, 0x000001f09b89a000, 0x000001f09b89b000, 0x000001f09b89c000,
0x000001f09c206800, 0x000001f09c2ab000, 0x000001f09cb1a800, 0x000001f09d6da800,
0x000001f09d03c000, 0x000001f09d847000, 0x000001f09c341800, 0x000001f09e215000,
0x000001f09d6a6000, 0x000001f09cde6800, 0x000001f09e344000, 0x000001f09e345000,
0x000001f09dd65000, 0x000001f09d307800, 0x000001f09e335800, 0x000001f09e333000,
0x000001f09e336000, 0x000001f09e334000, 0x000001f09e334800, 0x000001f09e337000,
0x000001f09e338000, 0x000001f09e332000, 0x000001f09e338800, 0x000001f09e264000
}

Java Threads: ( => current thread )
  0x000001f0fcfa9800 JavaThread "main" [_thread_blocked, id=19332, stack(0x00000059fd900000,0x00000059fda00000)]
  0x000001f09b82f000 JavaThread "Reference Handler" daemon [_thread_blocked, id=10220, stack(0x00000059fe000000,0x00000059fe100000)]
  0x000001f09b832000 JavaThread "Finalizer" daemon [_thread_blocked, id=19452, stack(0x00000059fe100000,0x00000059fe200000)]
  0x000001f09b897000 JavaThread "Signal Dispatcher" daemon [_thread_blocked, id=14432, stack(0x00000059fe200000,0x00000059fe300000)]
  0x000001f09b899000 JavaThread "Attach Listener" daemon [_thread_blocked, id=6676, stack(0x00000059fe300000,0x00000059fe400000)]
  0x000001f09b89a000 JavaThread "Service Thread" daemon [_thread_blocked, id=7864, stack(0x00000059fe400000,0x00000059fe500000)]
=>0x000001f09b89b000 JavaThread "C2 CompilerThread0" daemon [_thread_in_native, id=9236, stack(0x00000059fe500000,0x00000059fe600000)]
  0x000001f09b89c000 JavaThread "C1 CompilerThread0" daemon [_thread_blocked, id=4292, stack(0x00000059fe600000,0x00000059fe700000)]
  0x000001f09c206800 JavaThread "Sweeper thread" daemon [_thread_blocked, id=4180, stack(0x00000059fe700000,0x00000059fe800000)]
  0x000001f09c2ab000 JavaThread "Common-Cleaner" daemon [_thread_blocked, id=19308, stack(0x00000059fe800000,0x00000059fe900000)]
  0x000001f09cb1a800 JavaThread "Daemon health stats" [_thread_blocked, id=18632, stack(0x00000059feb00000,0x00000059fec00000)]
  0x000001f09d6da800 JavaThread "Incoming local TCP Connector on port 57573" [_thread_in_native, id=19140, stack(0x00000059fd600000,0x00000059fd700000)]
  0x000001f09d03c000 JavaThread "Daemon periodic checks" [_thread_blocked, id=15604, stack(0x00000059fed00000,0x00000059fee00000)]
  0x000001f09d847000 JavaThread "Daemon" [_thread_blocked, id=19448, stack(0x00000059fef00000,0x00000059ff000000)]
  0x000001f09c341800 JavaThread "Handler for socket connection from /127.0.0.1:57573 to /127.0.0.1:57580" [_thread_in_native, id=10124, stack(0x00000059ff000000,0x00000059ff100000)]
  0x000001f09e215000 JavaThread "Cancel handler" [_thread_blocked, id=10200, stack(0x00000059fd700000,0x00000059fd800000)]
  0x000001f09d6a6000 JavaThread "Daemon worker" [_thread_in_Java, id=11688, stack(0x00000059fd800000,0x00000059fd900000)]
  0x000001f09cde6800 JavaThread "Asynchronous log dispatcher for DefaultDaemonConnection: socket connection from /127.0.0.1:57573 to /127.0.0.1:57580" [_thread_blocked, id=16716, stack(0x00000059ff100000,0x00000059ff200000)]
  0x000001f09e344000 JavaThread "Stdin handler" [_thread_blocked, id=16224, stack(0x00000059ff200000,0x00000059ff300000)]
  0x000001f09e345000 JavaThread "Daemon client event forwarder" [_thread_blocked, id=11244, stack(0x00000059ff300000,0x00000059ff400000)]
  0x000001f09dd65000 JavaThread "Cache worker for journal cache (C:\Users\DELL\.gradle\caches\journal-1)" [_thread_blocked, id=18304, stack(0x00000059ff600000,0x00000059ff700000)]
  0x000001f09d307800 JavaThread "File lock request listener" [_thread_in_native, id=10104, stack(0x00000059ff700000,0x00000059ff800000)]
  0x000001f09e335800 JavaThread "File lock release action executor" [_thread_blocked, id=17276, stack(0x00000059ff800000,0x00000059ff900000)]
  0x000001f09e333000 JavaThread "Cache worker for file hash cache (C:\Users\DELL\.gradle\caches\7.5.1\fileHashes)" [_thread_blocked, id=12360, stack(0x00000059ff900000,0x00000059ffa00000)]
  0x000001f09e336000 JavaThread "File watcher server" daemon [_thread_in_native, id=19352, stack(0x00000059ffa00000,0x00000059ffb00000)]
  0x000001f09e334000 JavaThread "File watcher consumer" daemon [_thread_blocked, id=18208, stack(0x00000059ffb00000,0x00000059ffc00000)]
  0x000001f09e334800 JavaThread "Cache worker for checksums cache (D:\React-Native-Cli\AwesomeProject\android\.gradle\7.5.1\checksums)" [_thread_blocked, id=7872, stack(0x00000059ffc00000,0x00000059ffd00000)]
  0x000001f09e337000 JavaThread "Cache worker for cache directory md-rule (C:\Users\DELL\.gradle\caches\7.5.1\md-rule)" [_thread_blocked, id=19364, stack(0x00000059ffd00000,0x00000059ffe00000)]
  0x000001f09e338000 JavaThread "Cache worker for file content cache (C:\Users\DELL\.gradle\caches\7.5.1\fileContent)" [_thread_blocked, id=19376, stack(0x00000059ffe00000,0x00000059fff00000)]
  0x000001f09e332000 JavaThread "Cache worker for file hash cache (D:\React-Native-Cli\AwesomeProject\android\.gradle\7.5.1\fileHashes)" [_thread_blocked, id=17648, stack(0x00000059fff00000,0x0000005a00000000)]
  0x000001f09e338800 JavaThread "Cache worker for cache directory md-supplier (C:\Users\DELL\.gradle\caches\7.5.1\md-supplier)" [_thread_blocked, id=18320, stack(0x0000005980000000,0x0000005980100000)]
  0x000001f09e264000 JavaThread "Cache worker for execution history cache (C:\Users\DELL\.gradle\caches\7.5.1\executionHistory)" [_thread_blocked, id=3396, stack(0x0000005980100000,0x0000005980200000)]

Other Threads:
  0x000001f09b82a000 VMThread "VM Thread" [stack: 0x00000059fdf00000,0x00000059fe000000] [id=2772]
  0x000001f09c32b000 WatcherThread [stack: 0x00000059fe900000,0x00000059fea00000] [id=19400]
  0x000001f0fcfbc800 GCTaskThread "GC Thread#0" [stack: 0x00000059fda00000,0x00000059fdb00000] [id=14944]
  0x000001f09c76a000 GCTaskThread "GC Thread#1" [stack: 0x00000059fea00000,0x00000059feb00000] [id=18932]
  0x000001f09e748000 GCTaskThread "GC Thread#2" [stack: 0x00000059ff400000,0x00000059ff500000] [id=17944]
  0x000001f09e3c8800 GCTaskThread "GC Thread#3" [stack: 0x00000059ff500000,0x00000059ff600000] [id=7644]
  0x000001f0fcfed800 ConcurrentGCThread "G1 Main Marker" [stack: 0x00000059fdb00000,0x00000059fdc00000] [id=11060]
  0x000001f0fcfee800 ConcurrentGCThread "G1 Conc#0" [stack: 0x00000059fdc00000,0x00000059fdd00000] [id=8488]
  0x000001f0fd07b000 ConcurrentGCThread "G1 Refine#0" [stack: 0x00000059fdd00000,0x00000059fde00000] [id=15068]
  0x000001f0fd07c000 ConcurrentGCThread "G1 Young RemSet Sampling" [stack: 0x00000059fde00000,0x00000059fdf00000] [id=18428]

Threads with active compile tasks:
C2 CompilerThread0   144287 3482       4       java.lang.String::split (324 bytes)

VM state:not at safepoint (normal execution)

VM Mutex/Monitor currently owned by a thread: None

Heap address: 0x0000000080000000, size: 2048 MB, Compressed Oops mode: 32-bit
Narrow klass base: 0x0000000000000000, Narrow klass shift: 3
Compressed class space size: 528482304 Address: 0x0000000100000000

Heap:
 garbage-first heap   total 126976K, used 44305K [0x0000000080000000, 0x0000000100000000)
  region size 1024K, 28 young (28672K), 6 survivors (6144K)
 Metaspace       used 37370K, capacity 38300K, committed 38480K, reserved 550912K
  class space    used 4741K, capacity 5100K, committed 5120K, reserved 516096K
Heap Regions: E=young(eden), S=young(survivor), O=old, HS=humongous(starts), HC=humongous(continues), CS=collection set, F=free, A=archive, TAMS=top-at-mark-start (previous, next)
|   0|0x0000000080000000, 0x0000000080100000, 0x0000000080100000|100%|HS|  |TAMS 0x0000000080100000, 0x0000000080000000| Complete 
|   1|0x0000000080100000, 0x0000000080200000, 0x0000000080200000|100%|HC|  |TAMS 0x0000000080200000, 0x0000000080100000| Complete 
|   2|0x0000000080200000, 0x0000000080300000, 0x0000000080300000|100%|HC|  |TAMS 0x0000000080300000, 0x0000000080200000| Complete 
|   3|0x0000000080300000, 0x0000000080400000, 0x0000000080400000|100%| O|  |TAMS 0x0000000080400000, 0x0000000080300000| Untracked 
|   4|0x0000000080400000, 0x0000000080500000, 0x0000000080500000|100%| O|  |TAMS 0x0000000080500000, 0x0000000080400000| Untracked 
|   5|0x0000000080500000, 0x0000000080600000, 0x0000000080600000|100%| O|  |TAMS 0x0000000080600000, 0x0000000080500000| Untracked 
|   6|0x0000000080600000, 0x0000000080700000, 0x0000000080700000|100%| O|  |TAMS 0x0000000080700000, 0x0000000080600000| Untracked 
|   7|0x0000000080700000, 0x0000000080800000, 0x0000000080800000|100%| O|  |TAMS 0x0000000080800000, 0x0000000080700000| Untracked 
|   8|0x0000000080800000, 0x0000000080900000, 0x0000000080900000|100%| O|  |TAMS 0x0000000080900000, 0x0000000080800000| Untracked 
|   9|0x0000000080900000, 0x0000000080a00000, 0x0000000080a00000|100%| O|  |TAMS 0x0000000080a00000, 0x0000000080900000| Untracked 
|  10|0x0000000080a00000, 0x0000000080b00000, 0x0000000080b00000|100%| O|  |TAMS 0x0000000080b00000, 0x0000000080a00000| Untracked 
|  11|0x0000000080b00000, 0x0000000080c00000, 0x0000000080c00000|100%| O|  |TAMS 0x0000000080c00000, 0x0000000080b00000| Untracked 
|  12|0x0000000080c00000, 0x0000000080d00000, 0x0000000080d00000|100%| O|  |TAMS 0x0000000080d00000, 0x0000000080c00000| Untracked 
|  13|0x0000000080d00000, 0x0000000080e00000, 0x0000000080e00000|100%| O|  |TAMS 0x0000000080e00000, 0x0000000080d00000| Untracked 
|  14|0x0000000080e00000, 0x0000000080f00000, 0x0000000080f00000|100%| O|  |TAMS 0x0000000080f00000, 0x0000000080e00000| Untracked 
|  15|0x0000000080f00000, 0x0000000081000000, 0x0000000081000000|100%| O|  |TAMS 0x0000000081000000, 0x0000000080f00000| Untracked 
|  16|0x0000000081000000, 0x00000000810dfe00, 0x0000000081100000| 87%| O|  |TAMS 0x00000000810dfe00, 0x0000000081000000| Untracked 
|  17|0x0000000081100000, 0x0000000081100000, 0x0000000081200000|  0%| F|  |TAMS 0x0000000081100000, 0x0000000081100000| Untracked 
|  18|0x0000000081200000, 0x0000000081200000, 0x0000000081300000|  0%| F|  |TAMS 0x0000000081200000, 0x0000000081200000| Untracked 
|  19|0x0000000081300000, 0x0000000081300000, 0x0000000081400000|  0%| F|  |TAMS 0x0000000081300000, 0x0000000081300000| Untracked 
|  20|0x0000000081400000, 0x0000000081400000, 0x0000000081500000|  0%| F|  |TAMS 0x0000000081400000, 0x0000000081400000| Untracked 
|  21|0x0000000081500000, 0x0000000081500000, 0x0000000081600000|  0%| F|  |TAMS 0x0000000081500000, 0x0000000081500000| Untracked 
|  22|0x0000000081600000, 0x0000000081600000, 0x0000000081700000|  0%| F|  |TAMS 0x0000000081600000, 0x0000000081600000| Untracked 
|  23|0x0000000081700000, 0x0000000081700000, 0x0000000081800000|  0%| F|  |TAMS 0x0000000081700000, 0x0000000081700000| Untracked 
|  24|0x0000000081800000, 0x0000000081800000, 0x0000000081900000|  0%| F|  |TAMS 0x0000000081800000, 0x0000000081800000| Untracked 
|  25|0x0000000081900000, 0x0000000081900000, 0x0000000081a00000|  0%| F|  |TAMS 0x0000000081900000, 0x0000000081900000| Untracked 
|  26|0x0000000081a00000, 0x0000000081a00000, 0x0000000081b00000|  0%| F|  |TAMS 0x0000000081a00000, 0x0000000081a00000| Untracked 
|  27|0x0000000081b00000, 0x0000000081b00000, 0x0000000081c00000|  0%| F|  |TAMS 0x0000000081b00000, 0x0000000081b00000| Untracked 
|  28|0x0000000081c00000, 0x0000000081c00000, 0x0000000081d00000|  0%| F|  |TAMS 0x0000000081c00000, 0x0000000081c00000| Untracked 
|  29|0x0000000081d00000, 0x0000000081d00000, 0x0000000081e00000|  0%| F|  |TAMS 0x0000000081d00000, 0x0000000081d00000| Untracked 
|  30|0x0000000081e00000, 0x0000000081e00000, 0x0000000081f00000|  0%| F|  |TAMS 0x0000000081e00000, 0x0000000081e00000| Untracked 
|  31|0x0000000081f00000, 0x0000000081f00000, 0x0000000082000000|  0%| F|  |TAMS 0x0000000081f00000, 0x0000000081f00000| Untracked 
|  32|0x0000000082000000, 0x0000000082000000, 0x0000000082100000|  0%| F|  |TAMS 0x0000000082000000, 0x0000000082000000| Untracked 
|  33|0x0000000082100000, 0x0000000082100000, 0x0000000082200000|  0%| F|  |TAMS 0x0000000082100000, 0x0000000082100000| Untracked 
|  34|0x0000000082200000, 0x0000000082200000, 0x0000000082300000|  0%| F|  |TAMS 0x0000000082200000, 0x0000000082200000| Untracked 
|  35|0x0000000082300000, 0x0000000082300000, 0x0000000082400000|  0%| F|  |TAMS 0x0000000082300000, 0x0000000082300000| Untracked 
|  36|0x0000000082400000, 0x0000000082400000, 0x0000000082500000|  0%| F|  |TAMS 0x0000000082400000, 0x0000000082400000| Untracked 
|  37|0x0000000082500000, 0x0000000082500000, 0x0000000082600000|  0%| F|  |TAMS 0x0000000082500000, 0x0000000082500000| Untracked 
|  38|0x0000000082600000, 0x0000000082600000, 0x0000000082700000|  0%| F|  |TAMS 0x0000000082600000, 0x0000000082600000| Untracked 
|  39|0x0000000082700000, 0x0000000082700000, 0x0000000082800000|  0%| F|  |TAMS 0x0000000082700000, 0x0000000082700000| Untracked 
|  40|0x0000000082800000, 0x0000000082800000, 0x0000000082900000|  0%| F|  |TAMS 0x0000000082800000, 0x0000000082800000| Untracked 
|  41|0x0000000082900000, 0x0000000082900000, 0x0000000082a00000|  0%| F|  |TAMS 0x0000000082900000, 0x0000000082900000| Untracked 
|  42|0x0000000082a00000, 0x0000000082a00000, 0x0000000082b00000|  0%| F|  |TAMS 0x0000000082a00000, 0x0000000082a00000| Untracked 
|  43|0x0000000082b00000, 0x0000000082b00000, 0x0000000082c00000|  0%| F|  |TAMS 0x0000000082b00000, 0x0000000082b00000| Untracked 
|  44|0x0000000082c00000, 0x0000000082c00000, 0x0000000082d00000|  0%| F|  |TAMS 0x0000000082c00000, 0x0000000082c00000| Untracked 
|  45|0x0000000082d00000, 0x0000000082d00000, 0x0000000082e00000|  0%| F|  |TAMS 0x0000000082d00000, 0x0000000082d00000| Untracked 
|  46|0x0000000082e00000, 0x0000000082e00000, 0x0000000082f00000|  0%| F|  |TAMS 0x0000000082e00000, 0x0000000082e00000| Untracked 
|  47|0x0000000082f00000, 0x0000000082f00000, 0x0000000083000000|  0%| F|  |TAMS 0x0000000082f00000, 0x0000000082f00000| Untracked 
|  48|0x0000000083000000, 0x0000000083000000, 0x0000000083100000|  0%| F|  |TAMS 0x0000000083000000, 0x0000000083000000| Untracked 
|  49|0x0000000083100000, 0x0000000083100000, 0x0000000083200000|  0%| F|  |TAMS 0x0000000083100000, 0x0000000083100000| Untracked 
|  50|0x0000000083200000, 0x0000000083200000, 0x0000000083300000|  0%| F|  |TAMS 0x0000000083200000, 0x0000000083200000| Untracked 
|  51|0x0000000083300000, 0x0000000083300000, 0x0000000083400000|  0%| F|  |TAMS 0x0000000083300000, 0x0000000083300000| Untracked 
|  52|0x0000000083400000, 0x0000000083400000, 0x0000000083500000|  0%| F|  |TAMS 0x0000000083400000, 0x0000000083400000| Untracked 
|  53|0x0000000083500000, 0x0000000083500000, 0x0000000083600000|  0%| F|  |TAMS 0x0000000083500000, 0x0000000083500000| Untracked 
|  54|0x0000000083600000, 0x0000000083600000, 0x0000000083700000|  0%| F|  |TAMS 0x0000000083600000, 0x0000000083600000| Untracked 
|  55|0x0000000083700000, 0x0000000083700000, 0x0000000083800000|  0%| F|  |TAMS 0x0000000083700000, 0x0000000083700000| Untracked 
|  56|0x0000000083800000, 0x0000000083800000, 0x0000000083900000|  0%| F|  |TAMS 0x0000000083800000, 0x0000000083800000| Untracked 
|  57|0x0000000083900000, 0x0000000083900000, 0x0000000083a00000|  0%| F|  |TAMS 0x0000000083900000, 0x0000000083900000| Untracked 
|  58|0x0000000083a00000, 0x0000000083a00000, 0x0000000083b00000|  0%| F|  |TAMS 0x0000000083a00000, 0x0000000083a00000| Untracked 
|  59|0x0000000083b00000, 0x0000000083b00000, 0x0000000083c00000|  0%| F|  |TAMS 0x0000000083b00000, 0x0000000083b00000| Untracked 
|  60|0x0000000083c00000, 0x0000000083c00000, 0x0000000083d00000|  0%| F|  |TAMS 0x0000000083c00000, 0x0000000083c00000| Untracked 
|  61|0x0000000083d00000, 0x0000000083d00000, 0x0000000083e00000|  0%| F|  |TAMS 0x0000000083d00000, 0x0000000083d00000| Untracked 
|  62|0x0000000083e00000, 0x0000000083e00000, 0x0000000083f00000|  0%| F|  |TAMS 0x0000000083e00000, 0x0000000083e00000| Untracked 
|  63|0x0000000083f00000, 0x0000000083f00000, 0x0000000084000000|  0%| F|  |TAMS 0x0000000083f00000, 0x0000000083f00000| Untracked 
|  64|0x0000000084000000, 0x0000000084000000, 0x0000000084100000|  0%| F|  |TAMS 0x0000000084000000, 0x0000000084000000| Untracked 
|  65|0x0000000084100000, 0x0000000084100000, 0x0000000084200000|  0%| F|  |TAMS 0x0000000084100000, 0x0000000084100000| Untracked 
|  66|0x0000000084200000, 0x0000000084200000, 0x0000000084300000|  0%| F|  |TAMS 0x0000000084200000, 0x0000000084200000| Untracked 
|  67|0x0000000084300000, 0x0000000084300000, 0x0000000084400000|  0%| F|  |TAMS 0x0000000084300000, 0x0000000084300000| Untracked 
|  68|0x0000000084400000, 0x0000000084400000, 0x0000000084500000|  0%| F|  |TAMS 0x0000000084400000, 0x0000000084400000| Untracked 
|  69|0x0000000084500000, 0x0000000084500000, 0x0000000084600000|  0%| F|  |TAMS 0x0000000084500000, 0x0000000084500000| Untracked 
|  70|0x0000000084600000, 0x0000000084600000, 0x0000000084700000|  0%| F|  |TAMS 0x0000000084600000, 0x0000000084600000| Untracked 
|  71|0x0000000084700000, 0x0000000084700000, 0x0000000084800000|  0%| F|  |TAMS 0x0000000084700000, 0x0000000084700000| Untracked 
|  72|0x0000000084800000, 0x0000000084800000, 0x0000000084900000|  0%| F|  |TAMS 0x0000000084800000, 0x0000000084800000| Untracked 
|  73|0x0000000084900000, 0x0000000084900000, 0x0000000084a00000|  0%| F|  |TAMS 0x0000000084900000, 0x0000000084900000| Untracked 
|  74|0x0000000084a00000, 0x0000000084a00000, 0x0000000084b00000|  0%| F|  |TAMS 0x0000000084a00000, 0x0000000084a00000| Untracked 
|  75|0x0000000084b00000, 0x0000000084b00000, 0x0000000084c00000|  0%| F|  |TAMS 0x0000000084b00000, 0x0000000084b00000| Untracked 
|  76|0x0000000084c00000, 0x0000000084c00000, 0x0000000084d00000|  0%| F|  |TAMS 0x0000000084c00000, 0x0000000084c00000| Untracked 
|  77|0x0000000084d00000, 0x0000000084d00000, 0x0000000084e00000|  0%| F|  |TAMS 0x0000000084d00000, 0x0000000084d00000| Untracked 
|  78|0x0000000084e00000, 0x0000000084e00000, 0x0000000084f00000|  0%| F|  |TAMS 0x0000000084e00000, 0x0000000084e00000| Untracked 
|  79|0x0000000084f00000, 0x0000000084f00000, 0x0000000085000000|  0%| F|  |TAMS 0x0000000084f00000, 0x0000000084f00000| Untracked 
|  80|0x0000000085000000, 0x0000000085000000, 0x0000000085100000|  0%| F|  |TAMS 0x0000000085000000, 0x0000000085000000| Untracked 
|  81|0x0000000085100000, 0x0000000085100000, 0x0000000085200000|  0%| F|  |TAMS 0x0000000085100000, 0x0000000085100000| Untracked 
|  82|0x0000000085200000, 0x0000000085200000, 0x0000000085300000|  0%| F|  |TAMS 0x0000000085200000, 0x0000000085200000| Untracked 
|  83|0x0000000085300000, 0x0000000085300000, 0x0000000085400000|  0%| F|  |TAMS 0x0000000085300000, 0x0000000085300000| Untracked 
|  84|0x0000000085400000, 0x0000000085400000, 0x0000000085500000|  0%| F|  |TAMS 0x0000000085400000, 0x0000000085400000| Untracked 
|  85|0x0000000085500000, 0x0000000085500000, 0x0000000085600000|  0%| F|  |TAMS 0x0000000085500000, 0x0000000085500000| Untracked 
|  86|0x0000000085600000, 0x0000000085600000, 0x0000000085700000|  0%| F|  |TAMS 0x0000000085600000, 0x0000000085600000| Untracked 
|  87|0x0000000085700000, 0x0000000085700000, 0x0000000085800000|  0%| F|  |TAMS 0x0000000085700000, 0x0000000085700000| Untracked 
|  88|0x0000000085800000, 0x0000000085800000, 0x0000000085900000|  0%| F|  |TAMS 0x0000000085800000, 0x0000000085800000| Untracked 
|  89|0x0000000085900000, 0x0000000085900000, 0x0000000085a00000|  0%| F|  |TAMS 0x0000000085900000, 0x0000000085900000| Untracked 
|  90|0x0000000085a00000, 0x0000000085a00000, 0x0000000085b00000|  0%| F|  |TAMS 0x0000000085a00000, 0x0000000085a00000| Untracked 
|  91|0x0000000085b00000, 0x0000000085b00000, 0x0000000085c00000|  0%| F|  |TAMS 0x0000000085b00000, 0x0000000085b00000| Untracked 
|  92|0x0000000085c00000, 0x0000000085c00000, 0x0000000085d00000|  0%| F|  |TAMS 0x0000000085c00000, 0x0000000085c00000| Untracked 
|  93|0x0000000085d00000, 0x0000000085d00000, 0x0000000085e00000|  0%| F|  |TAMS 0x0000000085d00000, 0x0000000085d00000| Untracked 
|  94|0x0000000085e00000, 0x0000000085e00000, 0x0000000085f00000|  0%| F|  |TAMS 0x0000000085e00000, 0x0000000085e00000| Untracked 
|  95|0x0000000085f00000, 0x0000000085f00000, 0x0000000086000000|  0%| F|  |TAMS 0x0000000085f00000, 0x0000000085f00000| Untracked 
|  96|0x0000000086000000, 0x0000000086100000, 0x0000000086100000|100%| E|  |TAMS 0x0000000086000000, 0x0000000086000000| Complete 
|  97|0x0000000086100000, 0x0000000086200000, 0x0000000086200000|100%| E|CS|TAMS 0x0000000086100000, 0x0000000086100000| Complete 
|  98|0x0000000086200000, 0x0000000086300000, 0x0000000086300000|100%| E|CS|TAMS 0x0000000086200000, 0x0000000086200000| Complete 
|  99|0x0000000086300000, 0x0000000086400000, 0x0000000086400000|100%| E|CS|TAMS 0x0000000086300000, 0x0000000086300000| Complete 
| 100|0x0000000086400000, 0x0000000086500000, 0x0000000086500000|100%| E|CS|TAMS 0x0000000086400000, 0x0000000086400000| Complete 
| 101|0x0000000086500000, 0x0000000086600000, 0x0000000086600000|100%| E|CS|TAMS 0x0000000086500000, 0x0000000086500000| Complete 
| 102|0x0000000086600000, 0x0000000086700000, 0x0000000086700000|100%| E|CS|TAMS 0x0000000086600000, 0x0000000086600000| Complete 
| 103|0x0000000086700000, 0x0000000086800000, 0x0000000086800000|100%| E|CS|TAMS 0x0000000086700000, 0x0000000086700000| Complete 
| 104|0x0000000086800000, 0x0000000086900000, 0x0000000086900000|100%| E|CS|TAMS 0x0000000086800000, 0x0000000086800000| Complete 
| 105|0x0000000086900000, 0x0000000086a00000, 0x0000000086a00000|100%| E|CS|TAMS 0x0000000086900000, 0x0000000086900000| Complete 
| 106|0x0000000086a00000, 0x0000000086b00000, 0x0000000086b00000|100%| E|CS|TAMS 0x0000000086a00000, 0x0000000086a00000| Complete 
| 107|0x0000000086b00000, 0x0000000086c00000, 0x0000000086c00000|100%| E|CS|TAMS 0x0000000086b00000, 0x0000000086b00000| Complete 
| 108|0x0000000086c00000, 0x0000000086d00000, 0x0000000086d00000|100%| E|CS|TAMS 0x0000000086c00000, 0x0000000086c00000| Complete 
| 109|0x0000000086d00000, 0x0000000086e00000, 0x0000000086e00000|100%| E|CS|TAMS 0x0000000086d00000, 0x0000000086d00000| Complete 
| 110|0x0000000086e00000, 0x0000000086e64960, 0x0000000086f00000| 39%| S|CS|TAMS 0x0000000086e00000, 0x0000000086e00000| Complete 
| 111|0x0000000086f00000, 0x0000000087000000, 0x0000000087000000|100%| S|CS|TAMS 0x0000000086f00000, 0x0000000086f00000| Complete 
| 112|0x0000000087000000, 0x0000000087100000, 0x0000000087100000|100%| S|CS|TAMS 0x0000000087000000, 0x0000000087000000| Complete 
| 113|0x0000000087100000, 0x0000000087200000, 0x0000000087200000|100%| S|CS|TAMS 0x0000000087100000, 0x0000000087100000| Complete 
| 114|0x0000000087200000, 0x0000000087300000, 0x0000000087300000|100%| S|CS|TAMS 0x0000000087200000, 0x0000000087200000| Complete 
| 115|0x0000000087300000, 0x0000000087400000, 0x0000000087400000|100%| S|CS|TAMS 0x0000000087300000, 0x0000000087300000| Complete 
| 116|0x0000000087400000, 0x0000000087500000, 0x0000000087500000|100%| E|CS|TAMS 0x0000000087400000, 0x0000000087400000| Complete 
| 117|0x0000000087500000, 0x0000000087600000, 0x0000000087600000|100%| E|CS|TAMS 0x0000000087500000, 0x0000000087500000| Complete 
| 118|0x0000000087600000, 0x0000000087700000, 0x0000000087700000|100%| E|CS|TAMS 0x0000000087600000, 0x0000000087600000| Complete 
| 119|0x0000000087700000, 0x0000000087800000, 0x0000000087800000|100%| E|CS|TAMS 0x0000000087700000, 0x0000000087700000| Complete 
| 120|0x0000000087800000, 0x0000000087900000, 0x0000000087900000|100%| E|CS|TAMS 0x0000000087800000, 0x0000000087800000| Complete 
| 121|0x0000000087900000, 0x0000000087a00000, 0x0000000087a00000|100%| E|CS|TAMS 0x0000000087900000, 0x0000000087900000| Complete 
| 122|0x0000000087a00000, 0x0000000087b00000, 0x0000000087b00000|100%| E|CS|TAMS 0x0000000087a00000, 0x0000000087a00000| Complete 
| 123|0x0000000087b00000, 0x0000000087c00000, 0x0000000087c00000|100%| E|CS|TAMS 0x0000000087b00000, 0x0000000087b00000| Complete 

Card table byte_map: [0x000001f0fd480000,0x000001f0fd880000] _byte_map_base: 0x000001f0fd080000

Marking Bits (Prev, Next): (CMBitMap*) 0x000001f0fcfe4988, (CMBitMap*) 0x000001f0fcfe49c0
 Prev Bits: [0x000001f0fdc80000, 0x000001f0ffc80000)
 Next Bits: [0x000001f0976a0000, 0x000001f0996a0000)

Polling page: 0x000001f0fb130000

Metaspace:

Usage:
  Non-class:     32.42 MB capacity,    31.86 MB ( 98%) used,   485.64 KB (  1%) free+waste,    85.63 KB ( <1%) overhead. 
      Class:      4.98 MB capacity,     4.63 MB ( 93%) used,   317.02 KB (  6%) free+waste,    41.44 KB ( <1%) overhead. 
       Both:     37.40 MB capacity,    36.49 MB ( 98%) used,   802.66 KB (  2%) free+waste,   127.06 KB ( <1%) overhead. 

Virtual space:
  Non-class space:       34.00 MB reserved,      32.58 MB ( 96%) committed 
      Class space:      504.00 MB reserved,       5.00 MB ( <1%) committed 
             Both:      538.00 MB reserved,      37.58 MB (  7%) committed 

Chunk freelists:
   Non-Class:  32.00 KB
       Class:  20.00 KB
        Both:  52.00 KB

MaxMetaspaceSize: 512.00 MB
CompressedClassSpaceSize: 504.00 MB
Initial GC threshold: 20.80 MB
Current GC threshold: 58.88 MB
CDS: off

CodeHeap 'non-profiled nmethods': size=120064Kb used=1827Kb max_used=1827Kb free=118236Kb
 bounds [0x000001f090160000, 0x000001f0903d0000, 0x000001f0976a0000]
CodeHeap 'profiled nmethods': size=120000Kb used=7151Kb max_used=7151Kb free=112848Kb
 bounds [0x000001f088c30000, 0x000001f089330000, 0x000001f090160000]
CodeHeap 'non-nmethods': size=5696Kb used=1584Kb max_used=1612Kb free=4111Kb
 bounds [0x000001f0886a0000, 0x000001f088910000, 0x000001f088c30000]
 total_blobs=4089 nmethods=3460 adapters=541
 compilation: enabled
              stopped_count=0, restarted_count=0
 full_count=0

Compilation events (20 events):
Event: 143.453 Thread 0x000001f09b89b000 nmethod 3472 0x000001f090320e90 code [0x000001f090321020, 0x000001f0903210d8]
Event: 143.485 Thread 0x000001f09b89b000 3473       4       jdk.internal.jrtfs.JrtPath::normalize (97 bytes)
Event: 143.496 Thread 0x000001f09b89b000 nmethod 3473 0x000001f090321210 code [0x000001f0903213c0, 0x000001f090321568]
Event: 143.527 Thread 0x000001f09b89c000 3474       3       java.lang.String::regionMatches (187 bytes)
Event: 143.529 Thread 0x000001f09b89c000 nmethod 3474 0x000001f08932ab90 code [0x000001f08932ade0, 0x000001f08932bab8]
Event: 143.537 Thread 0x000001f09b89b000 3475       4       java.lang.String::indexOf (65 bytes)
Event: 143.539 Thread 0x000001f09b89b000 nmethod 3475 0x000001f090321790 code [0x000001f090321920, 0x000001f090321b38]
Event: 143.696 Thread 0x000001f09b89b000 3476       4       java.util.stream.ReferencePipeline$2$1::accept (27 bytes)
Event: 143.697 Thread 0x000001f09b89b000 nmethod 3476 0x000001f090321c10 code [0x000001f090321da0, 0x000001f090321e58]
Event: 143.697 Thread 0x000001f09b89b000 3477       4       java.util.regex.Pattern::compile (498 bytes)
Event: 143.999 Thread 0x000001f09b89b000 nmethod 3477 0x000001f090321f90 code [0x000001f090322380, 0x000001f0903262b0]
Event: 144.000 Thread 0x000001f09b89b000 3478       4       java.util.Spliterators$1Adapter::accept (11 bytes)
Event: 144.002 Thread 0x000001f09b89b000 nmethod 3478 0x000001f090327710 code [0x000001f0903278a0, 0x000001f0903279d8]
Event: 144.121 Thread 0x000001f09b89b000 3479       4       java.util.HashMap::<init> (98 bytes)
Event: 144.122 Thread 0x000001f09b89b000 nmethod 3479 0x000001f090327a90 code [0x000001f090327c20, 0x000001f090327d78]
Event: 144.123 Thread 0x000001f09b89b000 3480       4       java.util.StringJoiner::add (104 bytes)
Event: 144.130 Thread 0x000001f09b89b000 nmethod 3480 0x000001f090327e90 code [0x000001f090328040, 0x000001f0903283f8]
Event: 144.144 Thread 0x000001f09b89b000 3481       4       java.lang.String::substring (68 bytes)
Event: 144.151 Thread 0x000001f09b89b000 nmethod 3481 0x000001f090328610 code [0x000001f0903287c0, 0x000001f090328c58]
Event: 144.153 Thread 0x000001f09b89b000 3482       4       java.lang.String::split (324 bytes)

GC Heap History (16 events):
Event: 22.329 GC heap before
{Heap before GC invocations=0 (full 0):
 garbage-first heap   total 126976K, used 16384K [0x0000000080000000, 0x0000000100000000)
  region size 1024K, 14 young (14336K), 0 survivors (0K)
 Metaspace       used 6768K, capacity 6993K, committed 7168K, reserved 524288K
  class space    used 573K, capacity 650K, committed 768K, reserved 516096K
}
Event: 23.104 GC heap after
{Heap after GC invocations=1 (full 0):
 garbage-first heap   total 126976K, used 3837K [0x0000000080000000, 0x0000000100000000)
  region size 1024K, 2 young (2048K), 2 survivors (2048K)
 Metaspace       used 6768K, capacity 6993K, committed 7168K, reserved 524288K
  class space    used 573K, capacity 650K, committed 768K, reserved 516096K
}
Event: 30.151 GC heap before
{Heap before GC invocations=1 (full 0):
 garbage-first heap   total 126976K, used 19197K [0x0000000080000000, 0x0000000100000000)
  region size 1024K, 14 young (14336K), 2 survivors (2048K)
 Metaspace       used 9948K, capacity 10186K, committed 10368K, reserved 526336K
  class space    used 1011K, capacity 1102K, committed 1152K, reserved 516096K
}
Event: 30.158 GC heap after
{Heap after GC invocations=2 (full 0):
 garbage-first heap   total 126976K, used 9310K [0x0000000080000000, 0x0000000100000000)
  region size 1024K, 2 young (2048K), 2 survivors (2048K)
 Metaspace       used 9948K, capacity 10186K, committed 10368K, reserved 526336K
  class space    used 1011K, capacity 1102K, committed 1152K, reserved 516096K
}
Event: 46.200 GC heap before
{Heap before GC invocations=2 (full 0):
 garbage-first heap   total 126976K, used 36958K [0x0000000080000000, 0x0000000100000000)
  region size 1024K, 28 young (28672K), 2 survivors (2048K)
 Metaspace       used 10903K, capacity 11077K, committed 11264K, reserved 526336K
  class space    used 1113K, capacity 1207K, committed 1280K, reserved 516096K
}
Event: 46.217 GC heap after
{Heap after GC invocations=3 (full 0):
 garbage-first heap   total 126976K, used 11200K [0x0000000080000000, 0x0000000100000000)
  region size 1024K, 4 young (4096K), 4 survivors (4096K)
 Metaspace       used 10903K, capacity 11077K, committed 11264K, reserved 526336K
  class space    used 1113K, capacity 1207K, committed 1280K, reserved 516096K
}
Event: 92.234 GC heap before
{Heap before GC invocations=3 (full 0):
 garbage-first heap   total 126976K, used 49088K [0x0000000080000000, 0x0000000100000000)
  region size 1024K, 41 young (41984K), 4 survivors (4096K)
 Metaspace       used 17560K, capacity 17980K, committed 18048K, reserved 532480K
  class space    used 2018K, capacity 2144K, committed 2176K, reserved 516096K
}
Event: 92.446 GC heap after
{Heap after GC invocations=4 (full 0):
 garbage-first heap   total 126976K, used 16059K [0x0000000080000000, 0x0000000100000000)
  region size 1024K, 6 young (6144K), 6 survivors (6144K)
 Metaspace       used 17560K, capacity 17980K, committed 18048K, reserved 532480K
  class space    used 2018K, capacity 2144K, committed 2176K, reserved 516096K
}
Event: 98.637 GC heap before
{Heap before GC invocations=4 (full 0):
 garbage-first heap   total 126976K, used 41659K [0x0000000080000000, 0x0000000100000000)
  region size 1024K, 32 young (32768K), 6 survivors (6144K)
 Metaspace       used 20711K, capacity 21169K, committed 21296K, reserved 536576K
  class space    used 2478K, capacity 2658K, committed 2688K, reserved 516096K
}
Event: 98.660 GC heap after
{Heap after GC invocations=5 (full 0):
 garbage-first heap   total 126976K, used 17696K [0x0000000080000000, 0x0000000100000000)
  region size 1024K, 2 young (2048K), 2 survivors (2048K)
 Metaspace       used 20711K, capacity 21169K, committed 21296K, reserved 536576K
  class space    used 2478K, capacity 2658K, committed 2688K, reserved 516096K
}
Event: 109.835 GC heap before
{Heap before GC invocations=6 (full 0):
 garbage-first heap   total 126976K, used 63776K [0x0000000080000000, 0x0000000100000000)
  region size 1024K, 47 young (48128K), 2 survivors (2048K)
 Metaspace       used 25500K, capacity 26084K, committed 26160K, reserved 540672K
  class space    used 3247K, capacity 3450K, committed 3456K, reserved 516096K
}
Event: 109.847 GC heap after
{Heap after GC invocations=7 (full 0):
 garbage-first heap   total 126976K, used 19250K [0x0000000080000000, 0x0000000100000000)
  region size 1024K, 3 young (3072K), 3 survivors (3072K)
 Metaspace       used 25500K, capacity 26084K, committed 26160K, reserved 540672K
  class space    used 3247K, capacity 3450K, committed 3456K, reserved 516096K
}
Event: 130.823 GC heap before
{Heap before GC invocations=7 (full 0):
 garbage-first heap   total 126976K, used 81714K [0x0000000080000000, 0x0000000100000000)
  region size 1024K, 64 young (65536K), 3 survivors (3072K)
 Metaspace       used 31906K, capacity 32662K, committed 32944K, reserved 544768K
  class space    used 4213K, capacity 4520K, committed 4608K, reserved 516096K
}
Event: 130.870 GC heap after
{Heap after GC invocations=8 (full 0):
 garbage-first heap   total 126976K, used 21323K [0x0000000080000000, 0x0000000100000000)
  region size 1024K, 5 young (5120K), 5 survivors (5120K)
 Metaspace       used 31906K, capacity 32662K, committed 32944K, reserved 544768K
  class space    used 4213K, capacity 4520K, committed 4608K, reserved 516096K
}
Event: 135.996 GC heap before
{Heap before GC invocations=8 (full 0):
 garbage-first heap   total 126976K, used 28491K [0x0000000080000000, 0x0000000100000000)
  region size 1024K, 13 young (13312K), 5 survivors (5120K)
 Metaspace       used 35001K, capacity 35769K, committed 35920K, reserved 548864K
  class space    used 4459K, capacity 4790K, committed 4864K, reserved 516096K
}
Event: 136.034 GC heap after
{Heap after GC invocations=9 (full 0):
 garbage-first heap   total 126976K, used 22801K [0x0000000080000000, 0x0000000100000000)
  region size 1024K, 6 young (6144K), 6 survivors (6144K)
 Metaspace       used 35001K, capacity 35769K, committed 35920K, reserved 548864K
  class space    used 4459K, capacity 4790K, committed 4864K, reserved 516096K
}

Deoptimization events (20 events):
Event: 143.358 Thread 0x000001f09d6a6000 DEOPT PACKING pc=0x000001f09031a244 sp=0x00000059fd8f88b0
Event: 143.358 Thread 0x000001f09d6a6000 DEOPT UNPACKING pc=0x000001f0886ea1af sp=0x00000059fd8f86b8 mode 2
Event: 143.358 Thread 0x000001f09d6a6000 Uncommon trap: trap_request=0xffffffbe fr.pc=0x000001f09031a244 relative=0x00000000000009c4
Event: 143.358 Thread 0x000001f09d6a6000 Uncommon trap: reason=profile_predicate action=maybe_recompile pc=0x000001f09031a244 method=jdk.internal.jimage.ImageStringsReader.charsFromByteBuffer([CLjava/nio/ByteBuffer;)V @ 6 c2
Event: 143.358 Thread 0x000001f09d6a6000 DEOPT PACKING pc=0x000001f09031a244 sp=0x00000059fd8f88b0
Event: 143.358 Thread 0x000001f09d6a6000 DEOPT UNPACKING pc=0x000001f0886ea1af sp=0x00000059fd8f86b8 mode 2
Event: 143.358 Thread 0x000001f09d6a6000 Uncommon trap: trap_request=0xffffffbe fr.pc=0x000001f09031a244 relative=0x00000000000009c4
Event: 143.358 Thread 0x000001f09d6a6000 Uncommon trap: reason=profile_predicate action=maybe_recompile pc=0x000001f09031a244 method=jdk.internal.jimage.ImageStringsReader.charsFromByteBuffer([CLjava/nio/ByteBuffer;)V @ 6 c2
Event: 143.358 Thread 0x000001f09d6a6000 DEOPT PACKING pc=0x000001f09031a244 sp=0x00000059fd8f88b0
Event: 143.358 Thread 0x000001f09d6a6000 DEOPT UNPACKING pc=0x000001f0886ea1af sp=0x00000059fd8f86b8 mode 2
Event: 143.358 Thread 0x000001f09d6a6000 Uncommon trap: trap_request=0xffffffbe fr.pc=0x000001f09031a244 relative=0x00000000000009c4
Event: 143.358 Thread 0x000001f09d6a6000 Uncommon trap: reason=profile_predicate action=maybe_recompile pc=0x000001f09031a244 method=jdk.internal.jimage.ImageStringsReader.charsFromByteBuffer([CLjava/nio/ByteBuffer;)V @ 6 c2
Event: 143.359 Thread 0x000001f09d6a6000 DEOPT PACKING pc=0x000001f09031a244 sp=0x00000059fd8f88b0
Event: 143.359 Thread 0x000001f09d6a6000 DEOPT UNPACKING pc=0x000001f0886ea1af sp=0x00000059fd8f86b8 mode 2
Event: 143.361 Thread 0x000001f09d6a6000 Uncommon trap: trap_request=0xffffffbe fr.pc=0x000001f09031c6ec relative=0x000000000000098c
Event: 143.361 Thread 0x000001f09d6a6000 Uncommon trap: reason=profile_predicate action=maybe_recompile pc=0x000001f09031c6ec method=jdk.internal.jimage.ImageStringsReader.charsFromByteBuffer([CLjava/nio/ByteBuffer;)V @ 6 c2
Event: 143.362 Thread 0x000001f09d6a6000 DEOPT PACKING pc=0x000001f09031c6ec sp=0x00000059fd8f87e0
Event: 143.362 Thread 0x000001f09d6a6000 DEOPT UNPACKING pc=0x000001f0886ea1af sp=0x00000059fd8f86b8 mode 2
Event: 143.487 Thread 0x000001f09d6a6000 DEOPT PACKING pc=0x000001f089306298 sp=0x00000059fd8f8d00
Event: 143.487 Thread 0x000001f09d6a6000 DEOPT UNPACKING pc=0x000001f0886ea95e sp=0x00000059fd8f8210 mode 0

Classes redefined (0 events):
No events

Internal exceptions (20 events):
Event: 118.008 Thread 0x000001f09d6a6000 Exception <a 'java/lang/NoSuchMethodError'{0x000000008592c338}: 'java.lang.Object java.lang.invoke.DirectMethodHandle$Holder.invokeSpecial(java.lang.Object, java.lang.Object, java.lang.Object, java.lang.Object, java.lang.Object, java.lang.Object, java.lang.Object, java.lang.Object, java.lang.Object, java.lang.Object, java.lang.Object, java.lang.Object, java.lang.Object, java.lang.Object)'> (0x000000008592c338) thrown at [./src/hotspot/share/interpreter/linkResolver.cpp, line 773]
Event: 118.011 Thread 0x000001f09d6a6000 Exception <a 'java/lang/NoSuchMethodError'{0x000000008593dc58}: 'java.lang.Object java.lang.invoke.Invokers$Holder.linkToTargetMethod(java.lang.Object, java.lang.Object, java.lang.Object, java.lang.Object, java.lang.Object, java.lang.Object, java.lang.Object, java.lang.Object, java.lang.Object, java.lang.Object, java.lang.Object, java.lang.Object)'> (0x000000008593dc58) thrown at [./src/hotspot/share/interpreter/linkResolver.cpp, line 773]
Event: 120.467 Thread 0x000001f09d6a6000 Exception <a 'java/lang/NoSuchMethodError'{0x000000008582e328}: 'java.lang.Object java.lang.invoke.DirectMethodHandle$Holder.invokeStaticInit(java.lang.Object, java.lang.Object, java.lang.Object, java.lang.Object)'> (0x000000008582e328) thrown at [./src/hotspot/share/interpreter/linkResolver.cpp, line 773]
Event: 121.946 Thread 0x000001f09d6a6000 Exception <a 'java/lang/NoSuchMethodError'{0x0000000084f304b8}: 'java.lang.Object java.lang.invoke.Invokers$Holder.linkToTargetMethod(java.lang.Object, java.lang.Object, java.lang.Object, java.lang.Object, java.lang.Object, java.lang.Object, java.lang.Object, java.lang.Object)'> (0x0000000084f304b8) thrown at [./src/hotspot/share/interpreter/linkResolver.cpp, line 773]
Event: 122.265 Thread 0x000001f09d6a6000 Exception <a 'java/lang/IncompatibleClassChangeError'{0x0000000084fc0218}: Found class java.lang.Object, but interface was expected> (0x0000000084fc0218) thrown at [./src/hotspot/share/interpreter/linkResolver.cpp, line 839]
Event: 131.785 Thread 0x000001f09d6a6000 Exception <a 'java/lang/NoSuchMethodError'{0x0000000087ae8a38}: 'void java.lang.invoke.DirectMethodHandle$Holder.invokeStaticInit(java.lang.Object, java.lang.Object, java.lang.Object)'> (0x0000000087ae8a38) thrown at [./src/hotspot/share/interpreter/linkResolver.cpp, line 773]
Event: 131.789 Thread 0x000001f09d6a6000 Exception <a 'java/lang/NoSuchMethodError'{0x0000000087aefc90}: 'void java.lang.invoke.DirectMethodHandle$Holder.invokeStaticInit(java.lang.Object, java.lang.Object, java.lang.Object, java.lang.Object)'> (0x0000000087aefc90) thrown at [./src/hotspot/share/interpreter/linkResolver.cpp, line 773]
Event: 131.802 Thread 0x000001f09d6a6000 Exception <a 'java/lang/NoSuchMethodError'{0x00000000879133e8}: 'void java.lang.invoke.DirectMethodHandle$Holder.invokeStaticInit(java.lang.Object, java.lang.Object, java.lang.Object, java.lang.Object, java.lang.Object)'> (0x00000000879133e8) thrown at [./src/hotspot/share/interpreter/linkResolver.cpp, line 773]
Event: 132.582 Thread 0x000001f09d6a6000 Exception <a 'java/lang/NoSuchMethodError'{0x00000000879741c0}: 'int java.lang.invoke.DirectMethodHandle$Holder.invokeStaticInit(java.lang.Object, java.lang.Object, java.lang.Object, java.lang.Object)'> (0x00000000879741c0) thrown at [./src/hotspot/share/interpreter/linkResolver.cpp, line 773]
Event: 137.413 Thread 0x000001f09d6a6000 Exception <a 'java/lang/NoSuchMethodError'{0x000000008795b598}: 'java.lang.Object java.lang.invoke.DirectMethodHandle$Holder.invokeStatic(java.lang.Object, java.lang.Object, java.lang.Object, java.lang.Object, java.lang.Object, java.lang.Object, java.lang.Object, java.lang.Object, java.lang.Object, java.lang.Object, java.lang.Object, int)'> (0x000000008795b598) thrown at [./src/hotspot/share/interpreter/linkResolver.cpp, line 773]
Event: 137.420 Thread 0x000001f09d6a6000 Exception <a 'java/lang/NoSuchMethodError'{0x0000000087979f38}: 'java.lang.Object java.lang.invoke.DirectMethodHandle$Holder.invokeStatic(java.lang.Object, java.lang.Object, java.lang.Object, java.lang.Object, java.lang.Object, java.lang.Object, java.lang.Object, java.lang.Object, java.lang.Object, java.lang.Object, java.lang.Object, int, int)'> (0x0000000087979f38) thrown at [./src/hotspot/share/interpreter/linkResolver.cpp, line 773]
Event: 137.424 Thread 0x000001f09d6a6000 Exception <a 'java/lang/NoSuchMethodError'{0x00000000879ad7e0}: 'java.lang.Object java.lang.invoke.DirectMethodHandle$Holder.invokeStatic(java.lang.Object, java.lang.Object, java.lang.Object, java.lang.Object, java.lang.Object, java.lang.Object, java.lang.Object, java.lang.Object, java.lang.Object, java.lang.Object, java.lang.Object, int, int, java.lang.Object)'> (0x00000000879ad7e0) thrown at [./src/hotspot/share/interpreter/linkResolver.cpp, line 773]
Event: 137.428 Thread 0x000001f09d6a6000 Exception <a 'java/lang/NoSuchMethodError'{0x00000000879ce8d8}: 'java.lang.Object java.lang.invoke.DirectMethodHandle$Holder.invokeStatic(java.lang.Object, java.lang.Object, java.lang.Object, java.lang.Object, java.lang.Object, java.lang.Object, java.lang.Object, java.lang.Object, java.lang.Object, java.lang.Object, java.lang.Object, int, int, java.lang.Object, java.lang.Object)'> (0x00000000879ce8d8) thrown at [./src/hotspot/share/interpreter/linkResolver.cpp, line 773]
Event: 137.437 Thread 0x000001f09d6a6000 Exception <a 'java/lang/ClassNotFoundException'{0x00000000879fdcd0}: groovy/lang/ExpandoMetaClassBeanInfo> (0x00000000879fdcd0) thrown at [./src/hotspot/share/classfile/systemDictionary.cpp, line 230]
Event: 137.441 Thread 0x000001f09d6a6000 Exception <a 'java/lang/ClassNotFoundException'{0x000000008781dad8}: groovy/lang/MetaClassImplBeanInfo> (0x000000008781dad8) thrown at [./src/hotspot/share/classfile/systemDictionary.cpp, line 230]
Event: 137.442 Thread 0x000001f09d6a6000 Exception <a 'java/lang/ClassNotFoundException'{0x00000000878267e0}: java/lang/ObjectBeanInfo> (0x00000000878267e0) thrown at [./src/hotspot/share/classfile/systemDictionary.cpp, line 230]
Event: 137.445 Thread 0x000001f09d6a6000 Exception <a 'java/lang/ClassNotFoundException'{0x0000000087831998}: java/lang/ObjectCustomizer> (0x0000000087831998) thrown at [./src/hotspot/share/classfile/systemDictionary.cpp, line 230]
Event: 137.755 Thread 0x000001f09d6a6000 Exception <a 'java/lang/ClassNotFoundException'{0x0000000087858120}: groovy/lang/MetaClassImplCustomizer> (0x0000000087858120) thrown at [./src/hotspot/share/classfile/systemDictionary.cpp, line 230]
Event: 137.788 Thread 0x000001f09d6a6000 Exception <a 'java/lang/ClassNotFoundException'{0x00000000878976c8}: groovy/lang/ExpandoMetaClassCustomizer> (0x00000000878976c8) thrown at [./src/hotspot/share/classfile/systemDictionary.cpp, line 230]
Event: 140.718 Thread 0x000001f09d6a6000 Exception <a 'java/lang/NoSuchMethodError'{0x0000000086da5ae0}: 'java.lang.Object java.lang.invoke.DirectMethodHandle$Holder.invokeStatic(java.lang.Object, int, java.lang.Object)'> (0x0000000086da5ae0) thrown at [./src/hotspot/share/interpreter/linkResolver.cpp, line 773]

Events (20 events):
Event: 142.481 loading class jdk/internal/jimage/ImageReader$Directory
Event: 142.481 loading class jdk/internal/jimage/ImageReader$Node
Event: 142.481 loading class jdk/internal/jimage/ImageReader$Node done
Event: 142.482 loading class jdk/internal/jimage/ImageReader$Directory done
Event: 142.482 loading class jdk/internal/jrtfs/SystemImage$1
Event: 142.482 loading class jdk/internal/jrtfs/SystemImage$1 done
Event: 142.482 loading class jdk/internal/jimage/ImageReader$SharedImageReader$LocationVisitor
Event: 142.482 loading class jdk/internal/jimage/ImageReader$SharedImageReader$LocationVisitor done
Event: 142.484 loading class java/nio/ByteBufferAsIntBufferL
Event: 142.485 loading class java/nio/ByteBufferAsIntBufferL done
Event: 142.486 loading class jdk/internal/jrtfs/JrtFileAttributes
Event: 142.487 loading class jdk/internal/jrtfs/JrtFileAttributes done
Event: 142.487 loading class jdk/internal/jrtfs/JrtDirectoryStream
Event: 142.487 loading class jdk/internal/jrtfs/JrtDirectoryStream done
Event: 142.492 loading class jdk/internal/jrtfs/JrtDirectoryStream$1
Event: 142.492 loading class jdk/internal/jrtfs/JrtDirectoryStream$1 done
Event: 142.495 loading class java/util/function/BooleanSupplier
Event: 142.495 loading class java/util/function/BooleanSupplier done
Event: 142.498 loading class jdk/internal/jimage/ImageReader$Resource
Event: 142.498 loading class jdk/internal/jimage/ImageReader$Resource done


Dynamic libraries:
0x00007ff638720000 - 0x00007ff63872d000 	C:\Program Files\Microsoft\jdk-11.0.18.10-hotspot\bin\java.exe
0x00007ffe4deb0000 - 0x00007ffe4e0a8000 	C:\Windows\SYSTEM32\ntdll.dll
0x00007ffe4cea0000 - 0x00007ffe4cf5f000 	C:\Windows\System32\KERNEL32.DLL
0x00007ffe4bb00000 - 0x00007ffe4bdd2000 	C:\Windows\System32\KERNELBASE.dll
0x00007ffe4b650000 - 0x00007ffe4b750000 	C:\Windows\System32\ucrtbase.dll
0x00007ffe3b6a0000 - 0x00007ffe3b6b7000 	C:\Program Files\Microsoft\jdk-11.0.18.10-hotspot\bin\jli.dll
0x00007ffe39540000 - 0x00007ffe39555000 	C:\Program Files\Microsoft\jdk-11.0.18.10-hotspot\bin\VCRUNTIME140.dll
0x00007ffe4d7b0000 - 0x00007ffe4d951000 	C:\Windows\System32\USER32.dll
0x00007ffe4b7e0000 - 0x00007ffe4b802000 	C:\Windows\System32\win32u.dll
0x00007ffe4cf60000 - 0x00007ffe4cf8b000 	C:\Windows\System32\GDI32.dll
0x00007ffe4b9f0000 - 0x00007ffe4baff000 	C:\Windows\System32\gdi32full.dll
0x00007ffe4b5b0000 - 0x00007ffe4b64d000 	C:\Windows\System32\msvcp_win.dll
0x00007ffe4a9b0000 - 0x00007ffe4ac4a000 	C:\Windows\WinSxS\amd64_microsoft.windows.common-controls_6595b64144ccf1df_6.0.19041.1110_none_60b5254171f9507e\COMCTL32.dll
0x00007ffe4d000000 - 0x00007ffe4d09e000 	C:\Windows\System32\msvcrt.dll
0x00007ffe4d9e0000 - 0x00007ffe4da10000 	C:\Windows\System32\IMM32.DLL
0x00007ffe394a0000 - 0x00007ffe3953b000 	C:\Program Files\Microsoft\jdk-11.0.18.10-hotspot\bin\msvcp140.dll
0x00007ffdbfac0000 - 0x00007ffdc0652000 	C:\Program Files\Microsoft\jdk-11.0.18.10-hotspot\bin\server\jvm.dll
0x00007ffe4dc80000 - 0x00007ffe4dd2e000 	C:\Windows\System32\ADVAPI32.dll
0x00007ffe4ca20000 - 0x00007ffe4cabc000 	C:\Windows\System32\sechost.dll
0x00007ffe4da10000 - 0x00007ffe4db34000 	C:\Windows\System32\RPCRT4.dll
0x00007ffe4cf90000 - 0x00007ffe4cf98000 	C:\Windows\System32\PSAPI.DLL
0x00007ffe35000000 - 0x00007ffe35009000 	C:\Windows\SYSTEM32\WSOCK32.dll
0x00007ffe4db40000 - 0x00007ffe4dbab000 	C:\Windows\System32\WS2_32.dll
0x00007ffe363f0000 - 0x00007ffe36417000 	C:\Windows\SYSTEM32\WINMM.dll
0x00007ffe3a6f0000 - 0x00007ffe3a6fa000 	C:\Windows\SYSTEM32\VERSION.dll
0x00007ffe49100000 - 0x00007ffe49112000 	C:\Windows\SYSTEM32\kernel.appcore.dll
0x00007ffe48280000 - 0x00007ffe48290000 	C:\Program Files\Microsoft\jdk-11.0.18.10-hotspot\bin\verify.dll
0x00007ffe4ae40000 - 0x00007ffe4b024000 	C:\Windows\SYSTEM32\DBGHELP.DLL
0x00007ffe4ad60000 - 0x00007ffe4ad95000 	C:\Windows\SYSTEM32\dbgcore.DLL
0x00007ffe4b750000 - 0x00007ffe4b7d2000 	C:\Windows\System32\bcryptPrimitives.dll
0x00007ffe39470000 - 0x00007ffe39498000 	C:\Program Files\Microsoft\jdk-11.0.18.10-hotspot\bin\java.dll
0x00007ffe3b690000 - 0x00007ffe3b69a000 	C:\Program Files\Microsoft\jdk-11.0.18.10-hotspot\bin\jimage.dll
0x00007ffe39450000 - 0x00007ffe39468000 	C:\Program Files\Microsoft\jdk-11.0.18.10-hotspot\bin\zip.dll
0x00007ffe4c090000 - 0x00007ffe4c7d5000 	C:\Windows\System32\SHELL32.dll
0x00007ffe48950000 - 0x00007ffe490e2000 	C:\Windows\SYSTEM32\windows.storage.dll
0x00007ffe4cac0000 - 0x00007ffe4ce15000 	C:\Windows\System32\combase.dll
0x00007ffe4a900000 - 0x00007ffe4a930000 	C:\Windows\SYSTEM32\Wldp.dll
0x00007ffe4d100000 - 0x00007ffe4d1ad000 	C:\Windows\System32\SHCORE.dll
0x00007ffe4ce40000 - 0x00007ffe4ce95000 	C:\Windows\System32\shlwapi.dll
0x00007ffe4b4f0000 - 0x00007ffe4b50f000 	C:\Windows\SYSTEM32\profapi.dll
0x00007ffe39430000 - 0x00007ffe39449000 	C:\Program Files\Microsoft\jdk-11.0.18.10-hotspot\bin\net.dll
0x00007ffe3aaa0000 - 0x00007ffe3abaa000 	C:\Windows\SYSTEM32\WINHTTP.dll
0x00007ffe4a5e0000 - 0x00007ffe4a64a000 	C:\Windows\system32\mswsock.dll
0x00007ffe39410000 - 0x00007ffe39423000 	C:\Program Files\Microsoft\jdk-11.0.18.10-hotspot\bin\nio.dll
0x00007ffe393a0000 - 0x00007ffe393c7000 	C:\Users\DELL\.gradle\native\e1d6ef7f7dcc3fd88c89a11ec53ec762bb8ba0a96d01ffa2cd45eb1d1d8dd5c5\windows-amd64\native-platform.dll
0x00007ffe39220000 - 0x00007ffe39364000 	C:\Users\DELL\.gradle\native\0d407fdbe67a94daf76414ababcb853783967236a71b16ec16e742cd7a986fd3\windows-amd64\native-platform-file-events.dll
0x00007ffe39380000 - 0x00007ffe39389000 	C:\Program Files\Microsoft\jdk-11.0.18.10-hotspot\bin\management.dll
0x00007ffe39370000 - 0x00007ffe3937b000 	C:\Program Files\Microsoft\jdk-11.0.18.10-hotspot\bin\management_ext.dll
0x00007ffe4b340000 - 0x00007ffe4b358000 	C:\Windows\SYSTEM32\CRYPTSP.dll
0x00007ffe49f80000 - 0x00007ffe49fb4000 	C:\Windows\system32\rsaenh.dll
0x00007ffe4b970000 - 0x00007ffe4b997000 	C:\Windows\System32\bcrypt.dll
0x00007ffe4b4b0000 - 0x00007ffe4b4de000 	C:\Windows\SYSTEM32\USERENV.dll
0x00007ffe4a930000 - 0x00007ffe4a93c000 	C:\Windows\SYSTEM32\CRYPTBASE.dll
0x00007ffe4a2f0000 - 0x00007ffe4a32b000 	C:\Windows\SYSTEM32\IPHLPAPI.DLL
0x00007ffe4de60000 - 0x00007ffe4de68000 	C:\Windows\System32\NSI.dll
0x00007ffe3b240000 - 0x00007ffe3b257000 	C:\Windows\SYSTEM32\dhcpcsvc6.DLL
0x00007ffe3b820000 - 0x00007ffe3b83d000 	C:\Windows\SYSTEM32\dhcpcsvc.DLL
0x00007ffe4a330000 - 0x00007ffe4a3fb000 	C:\Windows\SYSTEM32\DNSAPI.dll

dbghelp: loaded successfully - version: 4.0.5 - missing functions: none
symbol engine: initialized successfully - sym options: 0x614 - pdb path: .;C:\Program Files\Microsoft\jdk-11.0.18.10-hotspot\bin;C:\Windows\SYSTEM32;C:\Windows\WinSxS\amd64_microsoft.windows.common-controls_6595b64144ccf1df_6.0.19041.1110_none_60b5254171f9507e;C:\Program Files\Microsoft\jdk-11.0.18.10-hotspot\bin\server;C:\Users\DELL\.gradle\native\e1d6ef7f7dcc3fd88c89a11ec53ec762bb8ba0a96d01ffa2cd45eb1d1d8dd5c5\windows-amd64;C:\Users\DELL\.gradle\native\0d407fdbe67a94daf76414ababcb853783967236a71b16ec16e742cd7a986fd3\windows-amd64

VM Arguments:
jvm_args: -XX:MaxMetaspaceSize=512m --add-opens=java.base/java.util=ALL-UNNAMED --add-opens=java.base/java.lang=ALL-UNNAMED --add-opens=java.base/java.lang.invoke=ALL-UNNAMED --add-opens=java.base/java.util=ALL-UNNAMED --add-opens=java.prefs/java.util.prefs=ALL-UNNAMED --add-opens=java.prefs/java.util.prefs=ALL-UNNAMED --add-opens=java.base/java.nio.charset=ALL-UNNAMED --add-opens=java.base/java.net=ALL-UNNAMED --add-opens=java.base/java.util.concurrent.atomic=ALL-UNNAMED -Xmx2048m -Dfile.encoding=windows-1252 -Duser.country=US -Duser.language=en -Duser.variant 
java_command: org.gradle.launcher.daemon.bootstrap.GradleDaemon 7.5.1
java_class_path (initial): C:\Users\DELL\.gradle\wrapper\dists\gradle-7.5.1-all\1ehga6e77gqps5uk2kc5kf1vc\gradle-7.5.1\lib\gradle-launcher-7.5.1.jar
Launcher Type: SUN_STANDARD

[Global flags]
     intx CICompilerCount                          = 3                                         {product} {ergonomic}
   size_t CompressedClassSpaceSize                 = 528482304                                 {product} {ergonomic}
     uint ConcGCThreads                            = 1                                         {product} {ergonomic}
     uint G1ConcRefinementThreads                  = 4                                         {product} {ergonomic}
   size_t G1HeapRegionSize                         = 1048576                                   {product} {ergonomic}
    uintx GCDrainStackTargetSize                   = 64                                        {product} {ergonomic}
   size_t InitialHeapSize                          = 130023424                                 {product} {ergonomic}
   size_t MarkStackSize                            = 4194304                                   {product} {ergonomic}
   size_t MaxHeapSize                              = 2147483648                                {product} {command line}
   size_t MaxMetaspaceSize                         = 536870912                                 {product} {command line}
   size_t MaxNewSize                               = 1287651328                                {product} {ergonomic}
   size_t MinHeapDeltaBytes                        = 1048576                                   {product} {ergonomic}
    uintx NonNMethodCodeHeapSize                   = 5830732                                {pd product} {ergonomic}
    uintx NonProfiledCodeHeapSize                  = 122913754                              {pd product} {ergonomic}
    uintx ProfiledCodeHeapSize                     = 122913754                              {pd product} {ergonomic}
    uintx ReservedCodeCacheSize                    = 251658240                              {pd product} {ergonomic}
     bool SegmentedCodeCache                       = true                                      {product} {ergonomic}
     bool UseCompressedClassPointers               = true                                 {lp64_product} {ergonomic}
     bool UseCompressedOops                        = true                                 {lp64_product} {ergonomic}
     bool UseG1GC                                  = true                                      {product} {ergonomic}
     bool UseLargePagesIndividualAllocation        = false                                  {pd product} {ergonomic}

Logging:
Log output configuration:
 #0: stdout all=warning uptime,level,tags
 #1: stderr all=off uptime,level,tags

Environment Variables:
JAVA_HOME=C:\Program Files\Microsoft\jdk-11.0.18.10-hotspot\
CLASSPATH=D:\React-Native-Cli\AwesomeProject\android\\gradle\wrapper\gradle-wrapper.jar
PATH=D:\React-Native-Cli\AwesomeProject\android\node_modules\.bin;D:\React-Native-Cli\AwesomeProject\node_modules\.bin;D:\React-Native-Cli\node_modules\.bin;D:\node_modules\.bin;C:\Program Files\nodejs;D:\React-Native-Cli\AwesomeProject\node_modules\.bin;D:\React-Native-Cli\AwesomeProject\node_modules\.bin;D:\React-Native-Cli\node_modules\.bin;D:\node_modules\.bin;C:\Program Files\nodejs\node_modules\npm\node_modules\@npmcli\run-script\lib\node-gyp-bin;D:\React-Native-Cli\AwesomeProject\node_modules\.bin;D:\React-Native-Cli\node_modules\.bin;D:\node_modules\.bin;C:\Program Files\nodejs;D:\React-Native-Cli\Awesomeproject\node_modules\react-native\scripts\node_modules\.bin;D:\React-Native-Cli\Awesomeproject\node_modules\react-native\node_modules\.bin;D:\React-Native-Cli\Awesomeproject\node_modules\node_modules\.bin;D:\React-Native-Cli\Awesomeproject\node_modules\.bin;D:\React-Native-Cli\node_modules\.bin;D:\node_modules\.bin;C:\Program Files\nodejs;D:\React-Native-Cli\Awesomeproject\node_modules\.bin;D:\React-Native-Cli\Awesomeproject\node_modules\.bin;D:\React-Native-Cli\node_modules\.bin;D:\node_modules\.bin;C:\Program Files\nodejs\node_modules\npm\node_modules\@npmcli\run-script\lib\node-gyp-bin;C:\Program Files\Microsoft\jdk-11.0.18.10-hotspot\bin;C:\Windows\system32;C:\Windows;C:\Windows\System32\Wbem;C:\Windows\System32\WindowsPowerShell\v1.0\;C:\Windows\System32\OpenSSH\;C:\Program Files (x86)\Intel\Intel(R) Management Engine Components\DAL;C:\Program Files\Intel\Intel(R) Management Engine Components\DAL;C:\Program Files\Git\cmd;C:\laragon\bin\php\php-8.1.10-Win32-vs16-x64;C:\ProgramData\ComposerSetup\bin;C:\Program Files\nodejs\;C:\ProgramData\chocolatey\bin;C:\Users\DELL\AppData\Local\Microsoft\WindowsApps;C:\Users\DELL\AppData\Local\Programs\Microsoft VS Code\bin;C:\Users\DELL\AppData\Roaming\Composer\vendor\bin;C:\Users\DELL\AppData\Roaming\npm;C:\Users\DELL\AppData\Local\Android\Sdk\platform-tools;
USERNAME=DELL
LANG=en_US.UTF-8
OS=Windows_NT
PROCESSOR_IDENTIFIER=Intel64 Family 6 Model 78 Stepping 3, GenuineIntel
TMP=C:\Users\DELL\AppData\Local\Temp
TEMP=C:\Users\DELL\AppData\Local\Temp



---------------  S Y S T E M  ---------------

OS: Windows 10 , 64 bit Build 19041 (10.0.19041.2546)
OS uptime: 6 days 0:52 hours

CPU:total 4 (initial active 4) (2 cores per cpu, 2 threads per core) family 6 model 78 stepping 3 microcode 0xcc, cmov, cx8, fxsr, mmx, sse, sse2, sse3, ssse3, sse4.1, sse4.2, popcnt, avx, avx2, aes, clmul, erms, rtm, 3dnowpref, lzcnt, ht, tsc, tscinvbit, bmi1, bmi2, adx, fma

Memory: 4k page, system-wide physical 7839M (12M free)
TotalPageFile size 23028M (AvailPageFile size 3M)
current process WorkingSet (physical memory assigned to process): 89M, peak: 133M
current process commit charge ("private bytes"): 275M, peak: 280M

vm_info: OpenJDK 64-Bit Server VM (11.0.18+10-LTS) for windows-amd64 JRE (11.0.18+10-LTS), built on Jan 18 2023 15:56:47 by "MicrosoftCorporation" with MS VC++ 15.9 (VS2017)

END.
