#
# There is insufficient memory for the Java Runtime Environment to continue.
# Native memory allocation (malloc) failed to allocate 1455216 bytes for Chunk::new
# Possible reasons:
#   The system is out of physical RAM or swap space
#   The process is running with CompressedOops enabled, and the Java Heap may be blocking the growth of the native heap
# Possible solutions:
#   Reduce memory load on the system
#   Increase physical memory or swap space
#   Check if swap backing store is full
#   Decrease Java heap size (-Xmx/-Xms)
#   Decrease number of Java threads
#   Decrease Java thread stack sizes (-Xss)
#   Set larger code cache with -XX:ReservedCodeCacheSize=
#   JVM is running with Unscaled Compressed Oops mode in which the Java heap is
#     placed in the first 4GB address space. The Java Heap base address is the
#     maximum limit for the native heap growth. Please use -XX:HeapBaseMinAddress
#     to set the Java Heap base and to place the Java Heap above 4GB virtual address.
# This output file may be truncated or incomplete.
#
#  Out of Memory Error (./src/hotspot/share/memory/arena.cpp:197), pid=18968, tid=16640
#
# JRE version: OpenJDK Runtime Environment Microsoft-7208460 (11.0.18+10) (build 11.0.18+10-LTS)
# Java VM: OpenJDK 64-Bit Server VM Microsoft-7208460 (11.0.18+10-LTS, mixed mode, tiered, compressed oops, g1 gc, windows-amd64)
# No core dump will be written. Minidumps are not enabled by default on client versions of Windows
#

---------------  S U M M A R Y ------------

Command Line: -XX:MaxMetaspaceSize=512m --add-opens=java.base/java.util=ALL-UNNAMED --add-opens=java.base/java.lang=ALL-UNNAMED --add-opens=java.base/java.lang.invoke=ALL-UNNAMED --add-opens=java.base/java.util=ALL-UNNAMED --add-opens=java.prefs/java.util.prefs=ALL-UNNAMED --add-opens=java.prefs/java.util.prefs=ALL-UNNAMED --add-opens=java.base/java.nio.charset=ALL-UNNAMED --add-opens=java.base/java.net=ALL-UNNAMED --add-opens=java.base/java.util.concurrent.atomic=ALL-UNNAMED -Xmx2048m -Dfile.encoding=windows-1252 -Duser.country=US -Duser.language=en -Duser.variant org.gradle.launcher.daemon.bootstrap.GradleDaemon 7.5.1

Host: Intel(R) Core(TM) i5-6300U CPU @ 2.40GHz, 4 cores, 7G,  Windows 10 , 64 bit Build 19041 (10.0.19041.2546)
Time: Tue May  2 04:05:22 2023 Pacific Daylight Time elapsed time: 150.933122 seconds (0d 0h 2m 30s)

---------------  T H R E A D  ---------------

Current thread (0x0000026ba1960800):  JavaThread "C2 CompilerThread0" daemon [_thread_in_native, id=16640, stack(0x000000f4e1500000,0x000000f4e1600000)]


Current CompileTask:
C2: 150933 3467       4       javax.management.ObjectName::construct (1135 bytes)

Stack: [0x000000f4e1500000,0x000000f4e1600000]
Native frames: (J=compiled Java code, j=interpreted, Vv=VM code, C=native code)
V  [jvm.dll+0x62bf8a]
V  [jvm.dll+0x7b8fb9]
V  [jvm.dll+0x7ba6a8]
V  [jvm.dll+0x7bad83]
V  [jvm.dll+0x250248]
V  [jvm.dll+0xc260c]
V  [jvm.dll+0xc2bcc]
V  [jvm.dll+0x35e182]
V  [jvm.dll+0x32a373]
V  [jvm.dll+0x3296aa]
V  [jvm.dll+0x2093b3]
V  [jvm.dll+0x20850d]
V  [jvm.dll+0x18a4b1]
V  [jvm.dll+0x217eec]
V  [jvm.dll+0x21612b]
V  [jvm.dll+0x77bac0]
V  [jvm.dll+0x7749f4]
V  [jvm.dll+0x62adf5]
C  [ucrtbase.dll+0x21bb2]
C  [KERNEL32.DLL+0x17614]
C  [ntdll.dll+0x526a1]


---------------  P R O C E S S  ---------------

Threads class SMR info:
_java_thread_list=0x0000026ba5687a70, length=32, elements={
0x0000026b827a4000, 0x0000026ba0fff800, 0x0000026ba1003000, 0x0000026ba1056000,
0x0000026ba1057000, 0x0000026ba1058000, 0x0000026ba1960800, 0x0000026ba1961800,
0x0000026ba19db800, 0x0000026ba1adc800, 0x0000026ba338b800, 0x0000026ba3b33800,
0x0000026ba3378800, 0x0000026ba1a1e800, 0x0000026ba1bf4000, 0x0000026ba23ab000,
0x0000026ba23ac000, 0x0000026ba3374800, 0x0000026ba23a6000, 0x0000026ba1a17000,
0x0000026ba2c1b000, 0x0000026ba2c1f000, 0x0000026ba2c1a000, 0x0000026ba2c1c000,
0x0000026ba2c1d800, 0x0000026ba2c20000, 0x0000026ba2c1e000, 0x0000026ba2c20800,
0x0000026ba2c1c800, 0x0000026ba39b2000, 0x0000026ba39b0800, 0x0000026ba39b1000
}

Java Threads: ( => current thread )
  0x0000026b827a4000 JavaThread "main" [_thread_blocked, id=1800, stack(0x000000f4e0800000,0x000000f4e0900000)]
  0x0000026ba0fff800 JavaThread "Reference Handler" daemon [_thread_blocked, id=12812, stack(0x000000f4e1000000,0x000000f4e1100000)]
  0x0000026ba1003000 JavaThread "Finalizer" daemon [_thread_blocked, id=14916, stack(0x000000f4e1100000,0x000000f4e1200000)]
  0x0000026ba1056000 JavaThread "Signal Dispatcher" daemon [_thread_blocked, id=16588, stack(0x000000f4e1200000,0x000000f4e1300000)]
  0x0000026ba1057000 JavaThread "Attach Listener" daemon [_thread_blocked, id=16672, stack(0x000000f4e1300000,0x000000f4e1400000)]
  0x0000026ba1058000 JavaThread "Service Thread" daemon [_thread_blocked, id=16584, stack(0x000000f4e1400000,0x000000f4e1500000)]
=>0x0000026ba1960800 JavaThread "C2 CompilerThread0" daemon [_thread_in_native, id=16640, stack(0x000000f4e1500000,0x000000f4e1600000)]
  0x0000026ba1961800 JavaThread "C1 CompilerThread0" daemon [_thread_blocked, id=16664, stack(0x000000f4e1600000,0x000000f4e1700000)]
  0x0000026ba19db800 JavaThread "Sweeper thread" daemon [_thread_blocked, id=14940, stack(0x000000f4e1700000,0x000000f4e1800000)]
  0x0000026ba1adc800 JavaThread "Common-Cleaner" daemon [_thread_blocked, id=15300, stack(0x000000f4e1800000,0x000000f4e1900000)]
  0x0000026ba338b800 JavaThread "Daemon health stats" [_thread_blocked, id=18576, stack(0x000000f4e1b00000,0x000000f4e1c00000)]
  0x0000026ba3b33800 JavaThread "Incoming local TCP Connector on port 57564" [_thread_in_native, id=8532, stack(0x000000f4e1c00000,0x000000f4e1d00000)]
  0x0000026ba3378800 JavaThread "Daemon periodic checks" [_thread_blocked, id=9356, stack(0x000000f4e1d00000,0x000000f4e1e00000)]
  0x0000026ba1a1e800 JavaThread "Daemon" [_thread_blocked, id=15312, stack(0x000000f4e1e00000,0x000000f4e1f00000)]
  0x0000026ba1bf4000 JavaThread "Handler for socket connection from /127.0.0.1:57564 to /127.0.0.1:57565" [_thread_in_native, id=18956, stack(0x000000f4e1f00000,0x000000f4e2000000)]
  0x0000026ba23ab000 JavaThread "Cancel handler" [_thread_blocked, id=17868, stack(0x000000f4e2000000,0x000000f4e2100000)]
  0x0000026ba23ac000 JavaThread "Daemon worker" [_thread_in_vm, id=4248, stack(0x000000f4e2100000,0x000000f4e2200000)]
  0x0000026ba3374800 JavaThread "Asynchronous log dispatcher for DefaultDaemonConnection: socket connection from /127.0.0.1:57564 to /127.0.0.1:57565" [_thread_blocked, id=19040, stack(0x000000f4e2400000,0x000000f4e2500000)]
  0x0000026ba23a6000 JavaThread "Stdin handler" [_thread_blocked, id=19048, stack(0x000000f4e2500000,0x000000f4e2600000)]
  0x0000026ba1a17000 JavaThread "Daemon client event forwarder" [_thread_blocked, id=15872, stack(0x000000f4e2600000,0x000000f4e2700000)]
  0x0000026ba2c1b000 JavaThread "Cache worker for journal cache (C:\Users\DELL\.gradle\caches\journal-1)" [_thread_blocked, id=15784, stack(0x000000f4e0700000,0x000000f4e0800000)]
  0x0000026ba2c1f000 JavaThread "File lock request listener" [_thread_in_native, id=760, stack(0x000000f4e0900000,0x000000f4e0a00000)]
  0x0000026ba2c1a000 JavaThread "Cache worker for file hash cache (C:\Users\DELL\.gradle\caches\7.5.1\fileHashes)" [_thread_blocked, id=17952, stack(0x000000f4e2900000,0x000000f4e2a00000)]
  0x0000026ba2c1c000 JavaThread "File lock release action executor" [_thread_blocked, id=16932, stack(0x000000f4e2a00000,0x000000f4e2b00000)]
  0x0000026ba2c1d800 JavaThread "File watcher server" daemon [_thread_in_native, id=18056, stack(0x000000f4e2b00000,0x000000f4e2c00000)]
  0x0000026ba2c20000 JavaThread "File watcher consumer" daemon [_thread_blocked, id=16356, stack(0x000000f4e2c00000,0x000000f4e2d00000)]
  0x0000026ba2c1e000 JavaThread "Cache worker for checksums cache (D:\React-Native-Cli\AwesomeProject\android\.gradle\7.5.1\checksums)" [_thread_blocked, id=17128, stack(0x000000f4e2d00000,0x000000f4e2e00000)]
  0x0000026ba2c20800 JavaThread "Cache worker for cache directory md-rule (C:\Users\DELL\.gradle\caches\7.5.1\md-rule)" [_thread_blocked, id=11284, stack(0x000000f4e2e00000,0x000000f4e2f00000)]
  0x0000026ba2c1c800 JavaThread "Cache worker for file content cache (C:\Users\DELL\.gradle\caches\7.5.1\fileContent)" [_thread_blocked, id=1360, stack(0x000000f4e2f00000,0x000000f4e3000000)]
  0x0000026ba39b2000 JavaThread "Cache worker for file hash cache (D:\React-Native-Cli\AwesomeProject\android\.gradle\7.5.1\fileHashes)" [_thread_blocked, id=17652, stack(0x000000f4e3000000,0x000000f4e3100000)]
  0x0000026ba39b0800 JavaThread "Cache worker for cache directory md-supplier (C:\Users\DELL\.gradle\caches\7.5.1\md-supplier)" [_thread_blocked, id=17576, stack(0x000000f4e3100000,0x000000f4e3200000)]
  0x0000026ba39b1000 JavaThread "Cache worker for execution history cache (C:\Users\DELL\.gradle\caches\7.5.1\executionHistory)" [_thread_blocked, id=896, stack(0x000000f4e3200000,0x000000f4e3300000)]

Other Threads:
  0x0000026ba0fe8000 VMThread "VM Thread" [stack: 0x000000f4e0f00000,0x000000f4e1000000] [id=9828]
  0x0000026ba1ad9000 WatcherThread [stack: 0x000000f4e1900000,0x000000f4e1a00000] [id=16876]
  0x0000026b827bb800 GCTaskThread "GC Thread#0" [stack: 0x000000f4e0a00000,0x000000f4e0b00000] [id=16856]
  0x0000026ba1cdf000 GCTaskThread "GC Thread#1" [stack: 0x000000f4e1a00000,0x000000f4e1b00000] [id=17736]
  0x0000026ba27d0800 GCTaskThread "GC Thread#2" [stack: 0x000000f4e2700000,0x000000f4e2800000] [id=13824]
  0x0000026ba3040800 GCTaskThread "GC Thread#3" [stack: 0x000000f4e2800000,0x000000f4e2900000] [id=19076]
  0x0000026b827ec800 ConcurrentGCThread "G1 Main Marker" [stack: 0x000000f4e0b00000,0x000000f4e0c00000] [id=16576]
  0x0000026b827ed800 ConcurrentGCThread "G1 Conc#0" [stack: 0x000000f4e0c00000,0x000000f4e0d00000] [id=16572]
  0x0000026b82879800 ConcurrentGCThread "G1 Refine#0" [stack: 0x000000f4e0d00000,0x000000f4e0e00000] [id=16880]
  0x0000026b8287a800 ConcurrentGCThread "G1 Young RemSet Sampling" [stack: 0x000000f4e0e00000,0x000000f4e0f00000] [id=17092]

Threads with active compile tasks:
C2 CompilerThread0   151011 3467       4       javax.management.ObjectName::construct (1135 bytes)

VM state:not at safepoint (normal execution)

VM Mutex/Monitor currently owned by a thread: None

Heap address: 0x0000000080000000, size: 2048 MB, Compressed Oops mode: 32-bit
Narrow klass base: 0x0000000000000000, Narrow klass shift: 3
Compressed class space size: 528482304 Address: 0x0000000100000000

Heap:
 garbage-first heap   total 126976K, used 50493K [0x0000000080000000, 0x0000000100000000)
  region size 1024K, 34 young (34816K), 6 survivors (6144K)
 Metaspace       used 37416K, capacity 38306K, committed 38480K, reserved 550912K
  class space    used 4754K, capacity 5102K, committed 5120K, reserved 516096K
Heap Regions: E=young(eden), S=young(survivor), O=old, HS=humongous(starts), HC=humongous(continues), CS=collection set, F=free, A=archive, TAMS=top-at-mark-start (previous, next)
|   0|0x0000000080000000, 0x0000000080100000, 0x0000000080100000|100%|HS|  |TAMS 0x0000000080100000, 0x0000000080000000| Complete 
|   1|0x0000000080100000, 0x0000000080200000, 0x0000000080200000|100%|HC|  |TAMS 0x0000000080200000, 0x0000000080100000| Complete 
|   2|0x0000000080200000, 0x0000000080300000, 0x0000000080300000|100%|HC|  |TAMS 0x0000000080300000, 0x0000000080200000| Complete 
|   3|0x0000000080300000, 0x0000000080400000, 0x0000000080400000|100%| O|  |TAMS 0x0000000080400000, 0x0000000080300000| Untracked 
|   4|0x0000000080400000, 0x0000000080500000, 0x0000000080500000|100%| O|  |TAMS 0x0000000080500000, 0x0000000080400000| Untracked 
|   5|0x0000000080500000, 0x0000000080600000, 0x0000000080600000|100%| O|  |TAMS 0x0000000080600000, 0x0000000080500000| Untracked 
|   6|0x0000000080600000, 0x0000000080700000, 0x0000000080700000|100%| O|  |TAMS 0x0000000080700000, 0x0000000080600000| Untracked 
|   7|0x0000000080700000, 0x0000000080800000, 0x0000000080800000|100%| O|  |TAMS 0x0000000080800000, 0x0000000080700000| Untracked 
|   8|0x0000000080800000, 0x0000000080900000, 0x0000000080900000|100%| O|  |TAMS 0x0000000080900000, 0x0000000080800000| Untracked 
|   9|0x0000000080900000, 0x0000000080a00000, 0x0000000080a00000|100%| O|  |TAMS 0x0000000080a00000, 0x0000000080900000| Untracked 
|  10|0x0000000080a00000, 0x0000000080b00000, 0x0000000080b00000|100%| O|  |TAMS 0x0000000080b00000, 0x0000000080a00000| Untracked 
|  11|0x0000000080b00000, 0x0000000080c00000, 0x0000000080c00000|100%| O|  |TAMS 0x0000000080c00000, 0x0000000080b00000| Untracked 
|  12|0x0000000080c00000, 0x0000000080d00000, 0x0000000080d00000|100%| O|  |TAMS 0x0000000080d00000, 0x0000000080c00000| Untracked 
|  13|0x0000000080d00000, 0x0000000080e00000, 0x0000000080e00000|100%| O|  |TAMS 0x0000000080e00000, 0x0000000080d00000| Untracked 
|  14|0x0000000080e00000, 0x0000000080f00000, 0x0000000080f00000|100%| O|  |TAMS 0x0000000080f00000, 0x0000000080e00000| Untracked 
|  15|0x0000000080f00000, 0x0000000081000000, 0x0000000081000000|100%| O|  |TAMS 0x0000000081000000, 0x0000000080f00000| Untracked 
|  16|0x0000000081000000, 0x00000000810d9008, 0x0000000081100000| 84%| O|  |TAMS 0x00000000810d9008, 0x0000000081000000| Untracked 
|  17|0x0000000081100000, 0x0000000081100000, 0x0000000081200000|  0%| F|  |TAMS 0x0000000081100000, 0x0000000081100000| Untracked 
|  18|0x0000000081200000, 0x0000000081200000, 0x0000000081300000|  0%| F|  |TAMS 0x0000000081200000, 0x0000000081200000| Untracked 
|  19|0x0000000081300000, 0x0000000081300000, 0x0000000081400000|  0%| F|  |TAMS 0x0000000081300000, 0x0000000081300000| Untracked 
|  20|0x0000000081400000, 0x0000000081400000, 0x0000000081500000|  0%| F|  |TAMS 0x0000000081400000, 0x0000000081400000| Untracked 
|  21|0x0000000081500000, 0x0000000081500000, 0x0000000081600000|  0%| F|  |TAMS 0x0000000081500000, 0x0000000081500000| Untracked 
|  22|0x0000000081600000, 0x0000000081600000, 0x0000000081700000|  0%| F|  |TAMS 0x0000000081600000, 0x0000000081600000| Untracked 
|  23|0x0000000081700000, 0x0000000081700000, 0x0000000081800000|  0%| F|  |TAMS 0x0000000081700000, 0x0000000081700000| Untracked 
|  24|0x0000000081800000, 0x0000000081800000, 0x0000000081900000|  0%| F|  |TAMS 0x0000000081800000, 0x0000000081800000| Untracked 
|  25|0x0000000081900000, 0x0000000081900000, 0x0000000081a00000|  0%| F|  |TAMS 0x0000000081900000, 0x0000000081900000| Untracked 
|  26|0x0000000081a00000, 0x0000000081a00000, 0x0000000081b00000|  0%| F|  |TAMS 0x0000000081a00000, 0x0000000081a00000| Untracked 
|  27|0x0000000081b00000, 0x0000000081b00000, 0x0000000081c00000|  0%| F|  |TAMS 0x0000000081b00000, 0x0000000081b00000| Untracked 
|  28|0x0000000081c00000, 0x0000000081c00000, 0x0000000081d00000|  0%| F|  |TAMS 0x0000000081c00000, 0x0000000081c00000| Untracked 
|  29|0x0000000081d00000, 0x0000000081d00000, 0x0000000081e00000|  0%| F|  |TAMS 0x0000000081d00000, 0x0000000081d00000| Untracked 
|  30|0x0000000081e00000, 0x0000000081e00000, 0x0000000081f00000|  0%| F|  |TAMS 0x0000000081e00000, 0x0000000081e00000| Untracked 
|  31|0x0000000081f00000, 0x0000000081f00000, 0x0000000082000000|  0%| F|  |TAMS 0x0000000081f00000, 0x0000000081f00000| Untracked 
|  32|0x0000000082000000, 0x0000000082000000, 0x0000000082100000|  0%| F|  |TAMS 0x0000000082000000, 0x0000000082000000| Untracked 
|  33|0x0000000082100000, 0x0000000082100000, 0x0000000082200000|  0%| F|  |TAMS 0x0000000082100000, 0x0000000082100000| Untracked 
|  34|0x0000000082200000, 0x0000000082200000, 0x0000000082300000|  0%| F|  |TAMS 0x0000000082200000, 0x0000000082200000| Untracked 
|  35|0x0000000082300000, 0x0000000082300000, 0x0000000082400000|  0%| F|  |TAMS 0x0000000082300000, 0x0000000082300000| Untracked 
|  36|0x0000000082400000, 0x0000000082400000, 0x0000000082500000|  0%| F|  |TAMS 0x0000000082400000, 0x0000000082400000| Untracked 
|  37|0x0000000082500000, 0x0000000082500000, 0x0000000082600000|  0%| F|  |TAMS 0x0000000082500000, 0x0000000082500000| Untracked 
|  38|0x0000000082600000, 0x0000000082600000, 0x0000000082700000|  0%| F|  |TAMS 0x0000000082600000, 0x0000000082600000| Untracked 
|  39|0x0000000082700000, 0x0000000082700000, 0x0000000082800000|  0%| F|  |TAMS 0x0000000082700000, 0x0000000082700000| Untracked 
|  40|0x0000000082800000, 0x0000000082800000, 0x0000000082900000|  0%| F|  |TAMS 0x0000000082800000, 0x0000000082800000| Untracked 
|  41|0x0000000082900000, 0x0000000082900000, 0x0000000082a00000|  0%| F|  |TAMS 0x0000000082900000, 0x0000000082900000| Untracked 
|  42|0x0000000082a00000, 0x0000000082a00000, 0x0000000082b00000|  0%| F|  |TAMS 0x0000000082a00000, 0x0000000082a00000| Untracked 
|  43|0x0000000082b00000, 0x0000000082b00000, 0x0000000082c00000|  0%| F|  |TAMS 0x0000000082b00000, 0x0000000082b00000| Untracked 
|  44|0x0000000082c00000, 0x0000000082c00000, 0x0000000082d00000|  0%| F|  |TAMS 0x0000000082c00000, 0x0000000082c00000| Untracked 
|  45|0x0000000082d00000, 0x0000000082d00000, 0x0000000082e00000|  0%| F|  |TAMS 0x0000000082d00000, 0x0000000082d00000| Untracked 
|  46|0x0000000082e00000, 0x0000000082e00000, 0x0000000082f00000|  0%| F|  |TAMS 0x0000000082e00000, 0x0000000082e00000| Untracked 
|  47|0x0000000082f00000, 0x0000000082f00000, 0x0000000083000000|  0%| F|  |TAMS 0x0000000082f00000, 0x0000000082f00000| Untracked 
|  48|0x0000000083000000, 0x0000000083000000, 0x0000000083100000|  0%| F|  |TAMS 0x0000000083000000, 0x0000000083000000| Untracked 
|  49|0x0000000083100000, 0x0000000083100000, 0x0000000083200000|  0%| F|  |TAMS 0x0000000083100000, 0x0000000083100000| Untracked 
|  50|0x0000000083200000, 0x0000000083200000, 0x0000000083300000|  0%| F|  |TAMS 0x0000000083200000, 0x0000000083200000| Untracked 
|  51|0x0000000083300000, 0x0000000083300000, 0x0000000083400000|  0%| F|  |TAMS 0x0000000083300000, 0x0000000083300000| Untracked 
|  52|0x0000000083400000, 0x0000000083400000, 0x0000000083500000|  0%| F|  |TAMS 0x0000000083400000, 0x0000000083400000| Untracked 
|  53|0x0000000083500000, 0x0000000083500000, 0x0000000083600000|  0%| F|  |TAMS 0x0000000083500000, 0x0000000083500000| Untracked 
|  54|0x0000000083600000, 0x0000000083600000, 0x0000000083700000|  0%| F|  |TAMS 0x0000000083600000, 0x0000000083600000| Untracked 
|  55|0x0000000083700000, 0x0000000083700000, 0x0000000083800000|  0%| F|  |TAMS 0x0000000083700000, 0x0000000083700000| Untracked 
|  56|0x0000000083800000, 0x0000000083800000, 0x0000000083900000|  0%| F|  |TAMS 0x0000000083800000, 0x0000000083800000| Untracked 
|  57|0x0000000083900000, 0x0000000083900000, 0x0000000083a00000|  0%| F|  |TAMS 0x0000000083900000, 0x0000000083900000| Untracked 
|  58|0x0000000083a00000, 0x0000000083a00000, 0x0000000083b00000|  0%| F|  |TAMS 0x0000000083a00000, 0x0000000083a00000| Untracked 
|  59|0x0000000083b00000, 0x0000000083b00000, 0x0000000083c00000|  0%| F|  |TAMS 0x0000000083b00000, 0x0000000083b00000| Untracked 
|  60|0x0000000083c00000, 0x0000000083c00000, 0x0000000083d00000|  0%| F|  |TAMS 0x0000000083c00000, 0x0000000083c00000| Untracked 
|  61|0x0000000083d00000, 0x0000000083d00000, 0x0000000083e00000|  0%| F|  |TAMS 0x0000000083d00000, 0x0000000083d00000| Untracked 
|  62|0x0000000083e00000, 0x0000000083e00000, 0x0000000083f00000|  0%| F|  |TAMS 0x0000000083e00000, 0x0000000083e00000| Untracked 
|  63|0x0000000083f00000, 0x0000000083f00000, 0x0000000084000000|  0%| F|  |TAMS 0x0000000083f00000, 0x0000000083f00000| Untracked 
|  64|0x0000000084000000, 0x0000000084000000, 0x0000000084100000|  0%| F|  |TAMS 0x0000000084000000, 0x0000000084000000| Untracked 
|  65|0x0000000084100000, 0x0000000084100000, 0x0000000084200000|  0%| F|  |TAMS 0x0000000084100000, 0x0000000084100000| Untracked 
|  66|0x0000000084200000, 0x0000000084200000, 0x0000000084300000|  0%| F|  |TAMS 0x0000000084200000, 0x0000000084200000| Untracked 
|  67|0x0000000084300000, 0x0000000084300000, 0x0000000084400000|  0%| F|  |TAMS 0x0000000084300000, 0x0000000084300000| Untracked 
|  68|0x0000000084400000, 0x0000000084400000, 0x0000000084500000|  0%| F|  |TAMS 0x0000000084400000, 0x0000000084400000| Untracked 
|  69|0x0000000084500000, 0x0000000084500000, 0x0000000084600000|  0%| F|  |TAMS 0x0000000084500000, 0x0000000084500000| Untracked 
|  70|0x0000000084600000, 0x0000000084600000, 0x0000000084700000|  0%| F|  |TAMS 0x0000000084600000, 0x0000000084600000| Untracked 
|  71|0x0000000084700000, 0x0000000084700000, 0x0000000084800000|  0%| F|  |TAMS 0x0000000084700000, 0x0000000084700000| Untracked 
|  72|0x0000000084800000, 0x0000000084800000, 0x0000000084900000|  0%| F|  |TAMS 0x0000000084800000, 0x0000000084800000| Untracked 
|  73|0x0000000084900000, 0x0000000084900000, 0x0000000084a00000|  0%| F|  |TAMS 0x0000000084900000, 0x0000000084900000| Untracked 
|  74|0x0000000084a00000, 0x0000000084a00000, 0x0000000084b00000|  0%| F|  |TAMS 0x0000000084a00000, 0x0000000084a00000| Untracked 
|  75|0x0000000084b00000, 0x0000000084b00000, 0x0000000084c00000|  0%| F|  |TAMS 0x0000000084b00000, 0x0000000084b00000| Untracked 
|  76|0x0000000084c00000, 0x0000000084c00000, 0x0000000084d00000|  0%| F|  |TAMS 0x0000000084c00000, 0x0000000084c00000| Untracked 
|  77|0x0000000084d00000, 0x0000000084d00000, 0x0000000084e00000|  0%| F|  |TAMS 0x0000000084d00000, 0x0000000084d00000| Untracked 
|  78|0x0000000084e00000, 0x0000000084e00000, 0x0000000084f00000|  0%| F|  |TAMS 0x0000000084e00000, 0x0000000084e00000| Untracked 
|  79|0x0000000084f00000, 0x0000000084f00000, 0x0000000085000000|  0%| F|  |TAMS 0x0000000084f00000, 0x0000000084f00000| Untracked 
|  80|0x0000000085000000, 0x0000000085000000, 0x0000000085100000|  0%| F|  |TAMS 0x0000000085000000, 0x0000000085000000| Untracked 
|  81|0x0000000085100000, 0x0000000085100000, 0x0000000085200000|  0%| F|  |TAMS 0x0000000085100000, 0x0000000085100000| Untracked 
|  82|0x0000000085200000, 0x0000000085200000, 0x0000000085300000|  0%| F|  |TAMS 0x0000000085200000, 0x0000000085200000| Untracked 
|  83|0x0000000085300000, 0x0000000085300000, 0x0000000085400000|  0%| F|  |TAMS 0x0000000085300000, 0x0000000085300000| Untracked 
|  84|0x0000000085400000, 0x0000000085400000, 0x0000000085500000|  0%| F|  |TAMS 0x0000000085400000, 0x0000000085400000| Untracked 
|  85|0x0000000085500000, 0x0000000085500000, 0x0000000085600000|  0%| F|  |TAMS 0x0000000085500000, 0x0000000085500000| Untracked 
|  86|0x0000000085600000, 0x0000000085600000, 0x0000000085700000|  0%| F|  |TAMS 0x0000000085600000, 0x0000000085600000| Untracked 
|  87|0x0000000085700000, 0x0000000085700000, 0x0000000085800000|  0%| F|  |TAMS 0x0000000085700000, 0x0000000085700000| Untracked 
|  88|0x0000000085800000, 0x0000000085800000, 0x0000000085900000|  0%| F|  |TAMS 0x0000000085800000, 0x0000000085800000| Untracked 
|  89|0x0000000085900000, 0x0000000085900000, 0x0000000085a00000|  0%| F|  |TAMS 0x0000000085900000, 0x0000000085900000| Untracked 
|  90|0x0000000085a00000, 0x0000000085a80800, 0x0000000085b00000| 50%| E|  |TAMS 0x0000000085a00000, 0x0000000085a00000| Complete 
|  91|0x0000000085b00000, 0x0000000085c00000, 0x0000000085c00000|100%| E|CS|TAMS 0x0000000085b00000, 0x0000000085b00000| Complete 
|  92|0x0000000085c00000, 0x0000000085d00000, 0x0000000085d00000|100%| E|CS|TAMS 0x0000000085c00000, 0x0000000085c00000| Complete 
|  93|0x0000000085d00000, 0x0000000085e00000, 0x0000000085e00000|100%| E|CS|TAMS 0x0000000085d00000, 0x0000000085d00000| Complete 
|  94|0x0000000085e00000, 0x0000000085f00000, 0x0000000085f00000|100%| E|CS|TAMS 0x0000000085e00000, 0x0000000085e00000| Complete 
|  95|0x0000000085f00000, 0x0000000086000000, 0x0000000086000000|100%| E|CS|TAMS 0x0000000085f00000, 0x0000000085f00000| Complete 
|  96|0x0000000086000000, 0x0000000086100000, 0x0000000086100000|100%| E|CS|TAMS 0x0000000086000000, 0x0000000086000000| Complete 
|  97|0x0000000086100000, 0x0000000086200000, 0x0000000086200000|100%| E|CS|TAMS 0x0000000086100000, 0x0000000086100000| Complete 
|  98|0x0000000086200000, 0x0000000086300000, 0x0000000086300000|100%| E|CS|TAMS 0x0000000086200000, 0x0000000086200000| Complete 
|  99|0x0000000086300000, 0x0000000086400000, 0x0000000086400000|100%| E|CS|TAMS 0x0000000086300000, 0x0000000086300000| Complete 
| 100|0x0000000086400000, 0x0000000086500000, 0x0000000086500000|100%| E|CS|TAMS 0x0000000086400000, 0x0000000086400000| Complete 
| 101|0x0000000086500000, 0x0000000086600000, 0x0000000086600000|100%| E|CS|TAMS 0x0000000086500000, 0x0000000086500000| Complete 
| 102|0x0000000086600000, 0x0000000086700000, 0x0000000086700000|100%| E|CS|TAMS 0x0000000086600000, 0x0000000086600000| Complete 
| 103|0x0000000086700000, 0x0000000086800000, 0x0000000086800000|100%| E|CS|TAMS 0x0000000086700000, 0x0000000086700000| Complete 
| 104|0x0000000086800000, 0x0000000086900000, 0x0000000086900000|100%| E|CS|TAMS 0x0000000086800000, 0x0000000086800000| Complete 
| 105|0x0000000086900000, 0x0000000086a00000, 0x0000000086a00000|100%| E|CS|TAMS 0x0000000086900000, 0x0000000086900000| Complete 
| 106|0x0000000086a00000, 0x0000000086b00000, 0x0000000086b00000|100%| E|CS|TAMS 0x0000000086a00000, 0x0000000086a00000| Complete 
| 107|0x0000000086b00000, 0x0000000086c00000, 0x0000000086c00000|100%| E|CS|TAMS 0x0000000086b00000, 0x0000000086b00000| Complete 
| 108|0x0000000086c00000, 0x0000000086d00000, 0x0000000086d00000|100%| E|CS|TAMS 0x0000000086c00000, 0x0000000086c00000| Complete 
| 109|0x0000000086d00000, 0x0000000086e00000, 0x0000000086e00000|100%| E|CS|TAMS 0x0000000086d00000, 0x0000000086d00000| Complete 
| 110|0x0000000086e00000, 0x0000000086f00000, 0x0000000086f00000|100%| E|CS|TAMS 0x0000000086e00000, 0x0000000086e00000| Complete 
| 111|0x0000000086f00000, 0x0000000087000000, 0x0000000087000000|100%| E|CS|TAMS 0x0000000086f00000, 0x0000000086f00000| Complete 
| 112|0x0000000087000000, 0x0000000087100000, 0x0000000087100000|100%| E|CS|TAMS 0x0000000087000000, 0x0000000087000000| Complete 
| 113|0x0000000087100000, 0x0000000087200000, 0x0000000087200000|100%| E|CS|TAMS 0x0000000087100000, 0x0000000087100000| Complete 
| 114|0x0000000087200000, 0x0000000087300000, 0x0000000087300000|100%| E|CS|TAMS 0x0000000087200000, 0x0000000087200000| Complete 
| 115|0x0000000087300000, 0x0000000087400000, 0x0000000087400000|100%| E|CS|TAMS 0x0000000087300000, 0x0000000087300000| Complete 
| 116|0x0000000087400000, 0x0000000087476580, 0x0000000087500000| 46%| S|CS|TAMS 0x0000000087400000, 0x0000000087400000| Complete 
| 117|0x0000000087500000, 0x0000000087600000, 0x0000000087600000|100%| S|CS|TAMS 0x0000000087500000, 0x0000000087500000| Complete 
| 118|0x0000000087600000, 0x0000000087700000, 0x0000000087700000|100%| S|CS|TAMS 0x0000000087600000, 0x0000000087600000| Complete 
| 119|0x0000000087700000, 0x0000000087800000, 0x0000000087800000|100%| S|CS|TAMS 0x0000000087700000, 0x0000000087700000| Complete 
| 120|0x0000000087800000, 0x0000000087900000, 0x0000000087900000|100%| S|CS|TAMS 0x0000000087800000, 0x0000000087800000| Complete 
| 121|0x0000000087900000, 0x0000000087a00000, 0x0000000087a00000|100%| S|CS|TAMS 0x0000000087900000, 0x0000000087900000| Complete 
| 122|0x0000000087a00000, 0x0000000087b00000, 0x0000000087b00000|100%| E|CS|TAMS 0x0000000087a00000, 0x0000000087a00000| Complete 
| 123|0x0000000087b00000, 0x0000000087c00000, 0x0000000087c00000|100%| E|CS|TAMS 0x0000000087b00000, 0x0000000087b00000| Complete 

Card table byte_map: [0x0000026b9a320000,0x0000026b9a720000] _byte_map_base: 0x0000026b99f20000

Marking Bits (Prev, Next): (CMBitMap*) 0x0000026b827e3c28, (CMBitMap*) 0x0000026b827e3c60
 Prev Bits: [0x0000026b9ab20000, 0x0000026b9cb20000)
 Next Bits: [0x0000026b9cb20000, 0x0000026b9eb20000)

Polling page: 0x0000026b80680000

Metaspace:

Usage:
  Non-class:     32.43 MB capacity,    31.90 MB ( 98%) used,   456.29 KB (  1%) free+waste,    86.06 KB ( <1%) overhead. 
      Class:      4.98 MB capacity,     4.64 MB ( 93%) used,   306.07 KB (  6%) free+waste,    41.56 KB ( <1%) overhead. 
       Both:     37.41 MB capacity,    36.54 MB ( 98%) used,   762.36 KB (  2%) free+waste,   127.63 KB ( <1%) overhead. 

Virtual space:
  Non-class space:       34.00 MB reserved,      32.58 MB ( 96%) committed 
      Class space:      504.00 MB reserved,       5.00 MB ( <1%) committed 
             Both:      538.00 MB reserved,      37.58 MB (  7%) committed 

Chunk freelists:
   Non-Class:  28.00 KB
       Class:  18.00 KB
        Both:  46.00 KB

MaxMetaspaceSize: 512.00 MB
CompressedClassSpaceSize: 504.00 MB
Initial GC threshold: 20.80 MB
Current GC threshold: 58.88 MB
CDS: off

CodeHeap 'non-profiled nmethods': size=120064Kb used=1903Kb max_used=1903Kb free=118160Kb
 bounds [0x0000026b929e0000, 0x0000026b92c50000, 0x0000026b99f20000]
CodeHeap 'profiled nmethods': size=120000Kb used=7145Kb max_used=7145Kb free=112854Kb
 bounds [0x0000026b8b4b0000, 0x0000026b8bbb0000, 0x0000026b929e0000]
CodeHeap 'non-nmethods': size=5696Kb used=1586Kb max_used=1617Kb free=4109Kb
 bounds [0x0000026b8af20000, 0x0000026b8b190000, 0x0000026b8b4b0000]
 total_blobs=4081 nmethods=3452 adapters=541
 compilation: enabled
              stopped_count=0, restarted_count=0
 full_count=0

Compilation events (20 events):
Event: 150.182 Thread 0x0000026ba1961800 3460       3       groovy.lang.MetaClassImpl::isGenericGetMethod (44 bytes)
Event: 150.182 Thread 0x0000026ba1961800 nmethod 3460 0x0000026b8bba4f90 code [0x0000026b8bba5180, 0x0000026b8bba5608]
Event: 150.187 Thread 0x0000026ba1961800 3462   !   2       jdk.internal.loader.URLClassPath$JarLoader::getResource (353 bytes)
Event: 150.191 Thread 0x0000026ba1961800 nmethod 3462 0x0000026b8bba5790 code [0x0000026b8bba5b20, 0x0000026b8bba6b18]
Event: 150.213 Thread 0x0000026ba1961800 3464       1       java.util.TreeMap$Entry::getValue (5 bytes)
Event: 150.213 Thread 0x0000026ba1961800 nmethod 3464 0x0000026b92bb0f10 code [0x0000026b92bb10c0, 0x0000026b92bb1178]
Event: 150.304 Thread 0x0000026ba1960800 nmethod 3429 0x0000026b92bb1210 code [0x0000026b92bb1680, 0x0000026b92bb6ee0]
Event: 150.305 Thread 0x0000026ba1960800 3463       4       jdk.internal.loader.URLClassPath::getResource (74 bytes)
Event: 150.327 Thread 0x0000026ba1960800 nmethod 3463 0x0000026b92bb9f10 code [0x0000026b92bba1c0, 0x0000026b92bbab90]
Event: 150.328 Thread 0x0000026ba1960800 3455       4       java.util.HashMap$HashMapSpliterator::getFence (53 bytes)
Event: 150.329 Thread 0x0000026ba1960800 nmethod 3455 0x0000026b92bbb310 code [0x0000026b92bbb4a0, 0x0000026b92bbb538]
Event: 150.329 Thread 0x0000026ba1960800 3456       4       java.util.HashMap$KeySpliterator::characteristics (30 bytes)
Event: 150.330 Thread 0x0000026ba1960800 nmethod 3456 0x0000026b92bbb610 code [0x0000026b92bbb7a0, 0x0000026b92bbb818]
Event: 150.330 Thread 0x0000026ba1960800 3430       4       java.util.stream.ReferencePipeline$3$1::accept (23 bytes)
Event: 150.331 Thread 0x0000026ba1960800 nmethod 3430 0x0000026b92bbb910 code [0x0000026b92bbbaa0, 0x0000026b92bbbb58]
Event: 150.622 Thread 0x0000026ba1961800 3465   !   3       com.sun.beans.TypeResolver::resolve (261 bytes)
Event: 150.623 Thread 0x0000026ba1961800 nmethod 3465 0x0000026b8bba7b10 code [0x0000026b8bba7f20, 0x0000026b8bbaa018]
Event: 150.623 Thread 0x0000026ba1961800 3466       1       org.codehaus.groovy.util.ComplexKeyHashMap$Entry::getValue (5 bytes)
Event: 150.624 Thread 0x0000026ba1961800 nmethod 3466 0x0000026b92bbbc90 code [0x0000026b92bbbe40, 0x0000026b92bbbef8]
Event: 150.720 Thread 0x0000026ba1960800 3467       4       javax.management.ObjectName::construct (1135 bytes)

GC Heap History (16 events):
Event: 18.178 GC heap before
{Heap before GC invocations=0 (full 0):
 garbage-first heap   total 126976K, used 16384K [0x0000000080000000, 0x0000000100000000)
  region size 1024K, 14 young (14336K), 0 survivors (0K)
 Metaspace       used 6771K, capacity 6989K, committed 7168K, reserved 524288K
  class space    used 573K, capacity 650K, committed 768K, reserved 516096K
}
Event: 18.608 GC heap after
{Heap after GC invocations=1 (full 0):
 garbage-first heap   total 126976K, used 3846K [0x0000000080000000, 0x0000000100000000)
  region size 1024K, 2 young (2048K), 2 survivors (2048K)
 Metaspace       used 6771K, capacity 6989K, committed 7168K, reserved 524288K
  class space    used 573K, capacity 650K, committed 768K, reserved 516096K
}
Event: 25.302 GC heap before
{Heap before GC invocations=1 (full 0):
 garbage-first heap   total 126976K, used 18182K [0x0000000080000000, 0x0000000100000000)
  region size 1024K, 14 young (14336K), 2 survivors (2048K)
 Metaspace       used 9937K, capacity 10182K, committed 10368K, reserved 526336K
  class space    used 1011K, capacity 1102K, committed 1152K, reserved 516096K
}
Event: 25.310 GC heap after
{Heap after GC invocations=2 (full 0):
 garbage-first heap   total 126976K, used 9311K [0x0000000080000000, 0x0000000100000000)
  region size 1024K, 2 young (2048K), 2 survivors (2048K)
 Metaspace       used 9937K, capacity 10182K, committed 10368K, reserved 526336K
  class space    used 1011K, capacity 1102K, committed 1152K, reserved 516096K
}
Event: 38.479 GC heap before
{Heap before GC invocations=2 (full 0):
 garbage-first heap   total 126976K, used 36959K [0x0000000080000000, 0x0000000100000000)
  region size 1024K, 28 young (28672K), 2 survivors (2048K)
 Metaspace       used 10905K, capacity 11137K, committed 11264K, reserved 526336K
  class space    used 1113K, capacity 1207K, committed 1280K, reserved 516096K
}
Event: 38.491 GC heap after
{Heap after GC invocations=3 (full 0):
 garbage-first heap   total 126976K, used 11332K [0x0000000080000000, 0x0000000100000000)
  region size 1024K, 4 young (4096K), 4 survivors (4096K)
 Metaspace       used 10905K, capacity 11137K, committed 11264K, reserved 526336K
  class space    used 1113K, capacity 1207K, committed 1280K, reserved 516096K
}
Event: 88.852 GC heap before
{Heap before GC invocations=3 (full 0):
 garbage-first heap   total 126976K, used 49220K [0x0000000080000000, 0x0000000100000000)
  region size 1024K, 41 young (41984K), 4 survivors (4096K)
 Metaspace       used 17558K, capacity 17912K, committed 18048K, reserved 532480K
  class space    used 2024K, capacity 2144K, committed 2176K, reserved 516096K
}
Event: 89.068 GC heap after
{Heap after GC invocations=4 (full 0):
 garbage-first heap   total 126976K, used 16088K [0x0000000080000000, 0x0000000100000000)
  region size 1024K, 6 young (6144K), 6 survivors (6144K)
 Metaspace       used 17558K, capacity 17912K, committed 18048K, reserved 532480K
  class space    used 2024K, capacity 2144K, committed 2176K, reserved 516096K
}
Event: 99.617 GC heap before
{Heap before GC invocations=4 (full 0):
 garbage-first heap   total 126976K, used 40664K [0x0000000080000000, 0x0000000100000000)
  region size 1024K, 32 young (32768K), 6 survivors (6144K)
 Metaspace       used 20697K, capacity 21166K, committed 21296K, reserved 536576K
  class space    used 2477K, capacity 2658K, committed 2688K, reserved 516096K
}
Event: 99.638 GC heap after
{Heap after GC invocations=5 (full 0):
 garbage-first heap   total 126976K, used 17534K [0x0000000080000000, 0x0000000100000000)
  region size 1024K, 2 young (2048K), 2 survivors (2048K)
 Metaspace       used 20697K, capacity 21166K, committed 21296K, reserved 536576K
  class space    used 2477K, capacity 2658K, committed 2688K, reserved 516096K
}
Event: 110.293 GC heap before
{Heap before GC invocations=6 (full 0):
 garbage-first heap   total 126976K, used 63614K [0x0000000080000000, 0x0000000100000000)
  region size 1024K, 47 young (48128K), 2 survivors (2048K)
 Metaspace       used 25432K, capacity 25952K, committed 26160K, reserved 540672K
  class space    used 3237K, capacity 3450K, committed 3456K, reserved 516096K
}
Event: 110.303 GC heap after
{Heap after GC invocations=7 (full 0):
 garbage-first heap   total 126976K, used 19202K [0x0000000080000000, 0x0000000100000000)
  region size 1024K, 3 young (3072K), 3 survivors (3072K)
 Metaspace       used 25432K, capacity 25952K, committed 26160K, reserved 540672K
  class space    used 3237K, capacity 3450K, committed 3456K, reserved 516096K
}
Event: 138.488 GC heap before
{Heap before GC invocations=7 (full 0):
 garbage-first heap   total 126976K, used 88834K [0x0000000080000000, 0x0000000100000000)
  region size 1024K, 71 young (72704K), 3 survivors (3072K)
 Metaspace       used 33725K, capacity 34466K, committed 34608K, reserved 546816K
  class space    used 4342K, capacity 4655K, committed 4736K, reserved 516096K
}
Event: 138.544 GC heap after
{Heap after GC invocations=8 (full 0):
 garbage-first heap   total 126976K, used 22190K [0x0000000080000000, 0x0000000100000000)
  region size 1024K, 6 young (6144K), 6 survivors (6144K)
 Metaspace       used 33725K, capacity 34466K, committed 34608K, reserved 546816K
  class space    used 4342K, capacity 4655K, committed 4736K, reserved 516096K
}
Event: 139.590 GC heap before
{Heap before GC invocations=8 (full 0):
 garbage-first heap   total 126976K, used 23214K [0x0000000080000000, 0x0000000100000000)
  region size 1024K, 8 young (8192K), 6 survivors (6144K)
 Metaspace       used 34993K, capacity 35764K, committed 35920K, reserved 548864K
  class space    used 4462K, capacity 4790K, committed 4864K, reserved 516096K
}
Event: 139.616 GC heap after
{Heap after GC invocations=9 (full 0):
 garbage-first heap   total 126976K, used 22845K [0x0000000080000000, 0x0000000100000000)
  region size 1024K, 6 young (6144K), 6 survivors (6144K)
 Metaspace       used 34993K, capacity 35764K, committed 35920K, reserved 548864K
  class space    used 4462K, capacity 4790K, committed 4864K, reserved 516096K
}

Deoptimization events (20 events):
Event: 147.559 Thread 0x0000026ba23ac000 DEOPT PACKING pc=0x0000026b92b9b78c sp=0x000000f4e21f8840
Event: 147.559 Thread 0x0000026ba23ac000 DEOPT UNPACKING pc=0x0000026b8af6a1af sp=0x000000f4e21f8648 mode 2
Event: 147.559 Thread 0x0000026ba23ac000 Uncommon trap: trap_request=0xffffffbe fr.pc=0x0000026b92b9b78c relative=0x000000000000098c
Event: 147.559 Thread 0x0000026ba23ac000 Uncommon trap: reason=profile_predicate action=maybe_recompile pc=0x0000026b92b9b78c method=jdk.internal.jimage.ImageStringsReader.charsFromByteBuffer([CLjava/nio/ByteBuffer;)V @ 6 c2
Event: 147.559 Thread 0x0000026ba23ac000 DEOPT PACKING pc=0x0000026b92b9b78c sp=0x000000f4e21f8840
Event: 147.559 Thread 0x0000026ba23ac000 DEOPT UNPACKING pc=0x0000026b8af6a1af sp=0x000000f4e21f8648 mode 2
Event: 147.559 Thread 0x0000026ba23ac000 Uncommon trap: trap_request=0xffffffbe fr.pc=0x0000026b92b9b78c relative=0x000000000000098c
Event: 147.559 Thread 0x0000026ba23ac000 Uncommon trap: reason=profile_predicate action=maybe_recompile pc=0x0000026b92b9b78c method=jdk.internal.jimage.ImageStringsReader.charsFromByteBuffer([CLjava/nio/ByteBuffer;)V @ 6 c2
Event: 147.559 Thread 0x0000026ba23ac000 DEOPT PACKING pc=0x0000026b92b9b78c sp=0x000000f4e21f8840
Event: 147.559 Thread 0x0000026ba23ac000 DEOPT UNPACKING pc=0x0000026b8af6a1af sp=0x000000f4e21f8648 mode 2
Event: 147.559 Thread 0x0000026ba23ac000 Uncommon trap: trap_request=0xffffffbe fr.pc=0x0000026b92b9b78c relative=0x000000000000098c
Event: 147.559 Thread 0x0000026ba23ac000 Uncommon trap: reason=profile_predicate action=maybe_recompile pc=0x0000026b92b9b78c method=jdk.internal.jimage.ImageStringsReader.charsFromByteBuffer([CLjava/nio/ByteBuffer;)V @ 6 c2
Event: 147.559 Thread 0x0000026ba23ac000 DEOPT PACKING pc=0x0000026b92b9b78c sp=0x000000f4e21f8840
Event: 147.559 Thread 0x0000026ba23ac000 DEOPT UNPACKING pc=0x0000026b8af6a1af sp=0x000000f4e21f8648 mode 2
Event: 147.618 Thread 0x0000026ba23ac000 DEOPT PACKING pc=0x0000026b8bb6db18 sp=0x000000f4e21f8c90
Event: 147.619 Thread 0x0000026ba23ac000 DEOPT UNPACKING pc=0x0000026b8af6a95e sp=0x000000f4e21f81a0 mode 0
Event: 149.781 Thread 0x0000026ba23ac000 Uncommon trap: trap_request=0xffffffcc fr.pc=0x0000026b92babbcc relative=0x00000000000046cc
Event: 149.782 Thread 0x0000026ba23ac000 Uncommon trap: reason=intrinsic_or_type_checked_inlining action=make_not_entrant pc=0x0000026b92babbcc method=java.util.ArrayList$SubList.toArray([Ljava/lang/Object;)[Ljava/lang/Object; @ 58 c2
Event: 149.782 Thread 0x0000026ba23ac000 DEOPT PACKING pc=0x0000026b92babbcc sp=0x000000f4e21f8f80
Event: 149.782 Thread 0x0000026ba23ac000 DEOPT UNPACKING pc=0x0000026b8af6a1af sp=0x000000f4e21f8e58 mode 2

Classes redefined (0 events):
No events

Internal exceptions (20 events):
Event: 127.978 Thread 0x0000026ba23ac000 Exception <a 'java/lang/IncompatibleClassChangeError'{0x0000000084e65500}: Found class java.lang.Object, but interface was expected> (0x0000000084e65500) thrown at [./src/hotspot/share/interpreter/linkResolver.cpp, line 839]
Event: 135.609 Thread 0x0000026ba23ac000 Exception <a 'java/lang/NoSuchMethodError'{0x00000000839a1218}: 'void java.lang.invoke.DirectMethodHandle$Holder.invokeStaticInit(java.lang.Object, java.lang.Object, java.lang.Object)'> (0x00000000839a1218) thrown at [./src/hotspot/share/interpreter/linkResolver.cpp, line 773]
Event: 135.611 Thread 0x0000026ba23ac000 Exception <a 'java/lang/NoSuchMethodError'{0x00000000839a83c8}: 'void java.lang.invoke.DirectMethodHandle$Holder.invokeStaticInit(java.lang.Object, java.lang.Object, java.lang.Object, java.lang.Object)'> (0x00000000839a83c8) thrown at [./src/hotspot/share/interpreter/linkResolver.cpp, line 773]
Event: 135.780 Thread 0x0000026ba23ac000 Exception <a 'java/lang/NoSuchMethodError'{0x00000000839cac70}: 'void java.lang.invoke.DirectMethodHandle$Holder.invokeStaticInit(java.lang.Object, java.lang.Object, java.lang.Object, java.lang.Object, java.lang.Object)'> (0x00000000839cac70) thrown at [./src/hotspot/share/interpreter/linkResolver.cpp, line 773]
Event: 136.728 Thread 0x0000026ba23ac000 Exception <a 'java/lang/NoSuchMethodError'{0x000000008382be58}: 'int java.lang.invoke.DirectMethodHandle$Holder.invokeStaticInit(java.lang.Object, java.lang.Object, java.lang.Object, java.lang.Object)'> (0x000000008382be58) thrown at [./src/hotspot/share/interpreter/linkResolver.cpp, line 773]
Event: 140.154 Thread 0x0000026ba23ac000 Exception <a 'java/lang/NoSuchMethodError'{0x000000008735e860}: 'java.lang.Object java.lang.invoke.DirectMethodHandle$Holder.invokeStatic(java.lang.Object, java.lang.Object, java.lang.Object, java.lang.Object, java.lang.Object, java.lang.Object, java.lang.Object, java.lang.Object, java.lang.Object, java.lang.Object, java.lang.Object, int)'> (0x000000008735e860) thrown at [./src/hotspot/share/interpreter/linkResolver.cpp, line 773]
Event: 140.161 Thread 0x0000026ba23ac000 Exception <a 'java/lang/NoSuchMethodError'{0x000000008737d200}: 'java.lang.Object java.lang.invoke.DirectMethodHandle$Holder.invokeStatic(java.lang.Object, java.lang.Object, java.lang.Object, java.lang.Object, java.lang.Object, java.lang.Object, java.lang.Object, java.lang.Object, java.lang.Object, java.lang.Object, java.lang.Object, int, int)'> (0x000000008737d200) thrown at [./src/hotspot/share/interpreter/linkResolver.cpp, line 773]
Event: 140.165 Thread 0x0000026ba23ac000 Exception <a 'java/lang/NoSuchMethodError'{0x000000008739cfd8}: 'java.lang.Object java.lang.invoke.DirectMethodHandle$Holder.invokeStatic(java.lang.Object, java.lang.Object, java.lang.Object, java.lang.Object, java.lang.Object, java.lang.Object, java.lang.Object, java.lang.Object, java.lang.Object, java.lang.Object, java.lang.Object, int, int, java.lang.Object)'> (0x000000008739cfd8) thrown at [./src/hotspot/share/interpreter/linkResolver.cpp, line 773]
Event: 140.171 Thread 0x0000026ba23ac000 Exception <a 'java/lang/NoSuchMethodError'{0x00000000873be0d0}: 'java.lang.Object java.lang.invoke.DirectMethodHandle$Holder.invokeStatic(java.lang.Object, java.lang.Object, java.lang.Object, java.lang.Object, java.lang.Object, java.lang.Object, java.lang.Object, java.lang.Object, java.lang.Object, java.lang.Object, java.lang.Object, int, int, java.lang.Object, java.lang.Object)'> (0x00000000873be0d0) thrown at [./src/hotspot/share/interpreter/linkResolver.cpp, line 773]
Event: 140.264 Thread 0x0000026ba23ac000 Exception <a 'java/lang/ClassNotFoundException'{0x00000000873ed488}: groovy/lang/ExpandoMetaClassBeanInfo> (0x00000000873ed488) thrown at [./src/hotspot/share/classfile/systemDictionary.cpp, line 230]
Event: 140.268 Thread 0x0000026ba23ac000 Exception <a 'java/lang/ClassNotFoundException'{0x000000008720d268}: groovy/lang/MetaClassImplBeanInfo> (0x000000008720d268) thrown at [./src/hotspot/share/classfile/systemDictionary.cpp, line 230]
Event: 140.270 Thread 0x0000026ba23ac000 Exception <a 'java/lang/ClassNotFoundException'{0x0000000087215f70}: java/lang/ObjectBeanInfo> (0x0000000087215f70) thrown at [./src/hotspot/share/classfile/systemDictionary.cpp, line 230]
Event: 140.272 Thread 0x0000026ba23ac000 Exception <a 'java/lang/ClassNotFoundException'{0x00000000872210e8}: java/lang/ObjectCustomizer> (0x00000000872210e8) thrown at [./src/hotspot/share/classfile/systemDictionary.cpp, line 230]
Event: 140.300 Thread 0x0000026ba23ac000 Exception <a 'java/lang/ClassNotFoundException'{0x0000000087247830}: groovy/lang/MetaClassImplCustomizer> (0x0000000087247830) thrown at [./src/hotspot/share/classfile/systemDictionary.cpp, line 230]
Event: 140.316 Thread 0x0000026ba23ac000 Exception <a 'java/lang/ClassNotFoundException'{0x0000000087286d88}: groovy/lang/ExpandoMetaClassCustomizer> (0x0000000087286d88) thrown at [./src/hotspot/share/classfile/systemDictionary.cpp, line 230]
Event: 144.833 Thread 0x0000026ba23ac000 Exception <a 'java/lang/NoSuchMethodError'{0x0000000086d98dd8}: 'java.lang.Object java.lang.invoke.DirectMethodHandle$Holder.invokeStatic(java.lang.Object, int, java.lang.Object)'> (0x0000000086d98dd8) thrown at [./src/hotspot/share/interpreter/linkResolver.cpp, line 773]
Event: 150.193 Thread 0x0000026ba23ac000 Exception <a 'java/lang/ClassNotFoundException'{0x0000000085babfe8}: org/gradle/internal/extensibility/DefaultExtraPropertiesExtensionBeanInfo> (0x0000000085babfe8) thrown at [./src/hotspot/share/classfile/systemDictionary.cpp, line 230]
Event: 150.203 Thread 0x0000026ba23ac000 Exception <a 'java/lang/ClassNotFoundException'{0x0000000085bccb30}: groovy/lang/GroovyObjectSupportBeanInfo> (0x0000000085bccb30) thrown at [./src/hotspot/share/classfile/systemDictionary.cpp, line 230]
Event: 150.206 Thread 0x0000026ba23ac000 Exception <a 'java/lang/ClassNotFoundException'{0x0000000085bed6c0}: groovy/lang/GroovyObjectSupportCustomizer> (0x0000000085bed6c0) thrown at [./src/hotspot/share/classfile/systemDictionary.cpp, line 230]
Event: 150.620 Thread 0x0000026ba23ac000 Exception <a 'java/lang/ClassNotFoundException'{0x0000000085a14fe8}: org/gradle/internal/extensibility/DefaultExtraPropertiesExtensionCustomizer> (0x0000000085a14fe8) thrown at [./src/hotspot/share/classfile/systemDictionary.cpp, line 230]

Events (20 events):
Event: 150.640 loading class org/gradle/api/invocation/Gradle
Event: 150.640 loading class org/gradle/api/invocation/Gradle done
Event: 150.641 loading class org/gradle/api/invocation/Gradle
Event: 150.641 loading class org/gradle/api/invocation/Gradle done
Event: 150.641 loading class org/gradle/internal/operations/notify/BuildOperationNotificationBridge$2
Event: 150.641 loading class org/gradle/internal/operations/notify/BuildOperationNotificationBridge$2 done
Event: 150.650 loading class org/gradle/internal/event/BroadcastDispatch$ActionInvocationHandler
Event: 150.650 loading class org/gradle/internal/event/BroadcastDispatch$ActionInvocationHandler done
Event: 150.660 loading class org/gradle/configuration/DefaultScriptPluginFactory$ScriptPluginImpl
Event: 150.660 loading class org/gradle/configuration/DefaultScriptPluginFactory$ScriptPluginImpl done
Event: 150.664 loading class org/gradle/groovy/scripts/Script
Event: 150.664 loading class org/gradle/groovy/scripts/Script done
Event: 150.666 loading class org/gradle/configuration/ScriptTarget
Event: 150.666 loading class org/gradle/configuration/ScriptTarget done
Event: 150.667 loading class org/gradle/configuration/BuildOperationScriptPlugin
Event: 150.667 loading class org/gradle/configuration/BuildOperationScriptPlugin done
Event: 150.669 loading class org/gradle/configuration/ApplyScriptPluginBuildOperationType$Result
Event: 150.669 loading class org/gradle/configuration/ApplyScriptPluginBuildOperationType$Result done
Event: 150.671 loading class org/gradle/configuration/BuildOperationScriptPlugin$2
Event: 150.671 loading class org/gradle/configuration/BuildOperationScriptPlugin$2 done


Dynamic libraries:
0x00007ff638720000 - 0x00007ff63872d000 	C:\Program Files\Microsoft\jdk-11.0.18.10-hotspot\bin\java.exe
0x00007ffe4deb0000 - 0x00007ffe4e0a8000 	C:\Windows\SYSTEM32\ntdll.dll
0x00007ffe4cea0000 - 0x00007ffe4cf5f000 	C:\Windows\System32\KERNEL32.DLL
0x00007ffe4bb00000 - 0x00007ffe4bdd2000 	C:\Windows\System32\KERNELBASE.dll
0x00007ffe4b650000 - 0x00007ffe4b750000 	C:\Windows\System32\ucrtbase.dll
0x00007ffe3b6a0000 - 0x00007ffe3b6b7000 	C:\Program Files\Microsoft\jdk-11.0.18.10-hotspot\bin\jli.dll
0x00007ffe4d7b0000 - 0x00007ffe4d951000 	C:\Windows\System32\USER32.dll
0x00007ffe4b7e0000 - 0x00007ffe4b802000 	C:\Windows\System32\win32u.dll
0x00007ffe4cf60000 - 0x00007ffe4cf8b000 	C:\Windows\System32\GDI32.dll
0x00007ffe4b9f0000 - 0x00007ffe4baff000 	C:\Windows\System32\gdi32full.dll
0x00007ffe4b5b0000 - 0x00007ffe4b64d000 	C:\Windows\System32\msvcp_win.dll
0x00007ffe39540000 - 0x00007ffe39555000 	C:\Program Files\Microsoft\jdk-11.0.18.10-hotspot\bin\VCRUNTIME140.dll
0x00007ffe4a9b0000 - 0x00007ffe4ac4a000 	C:\Windows\WinSxS\amd64_microsoft.windows.common-controls_6595b64144ccf1df_6.0.19041.1110_none_60b5254171f9507e\COMCTL32.dll
0x00007ffe4d000000 - 0x00007ffe4d09e000 	C:\Windows\System32\msvcrt.dll
0x00007ffe4d9e0000 - 0x00007ffe4da10000 	C:\Windows\System32\IMM32.DLL
0x00007ffe394a0000 - 0x00007ffe3953b000 	C:\Program Files\Microsoft\jdk-11.0.18.10-hotspot\bin\msvcp140.dll
0x00007ffdbfac0000 - 0x00007ffdc0652000 	C:\Program Files\Microsoft\jdk-11.0.18.10-hotspot\bin\server\jvm.dll
0x00007ffe4dc80000 - 0x00007ffe4dd2e000 	C:\Windows\System32\ADVAPI32.dll
0x00007ffe4ca20000 - 0x00007ffe4cabc000 	C:\Windows\System32\sechost.dll
0x00007ffe4da10000 - 0x00007ffe4db34000 	C:\Windows\System32\RPCRT4.dll
0x00007ffe4cf90000 - 0x00007ffe4cf98000 	C:\Windows\System32\PSAPI.DLL
0x00007ffe35000000 - 0x00007ffe35009000 	C:\Windows\SYSTEM32\WSOCK32.dll
0x00007ffe4db40000 - 0x00007ffe4dbab000 	C:\Windows\System32\WS2_32.dll
0x00007ffe363f0000 - 0x00007ffe36417000 	C:\Windows\SYSTEM32\WINMM.dll
0x00007ffe3a6f0000 - 0x00007ffe3a6fa000 	C:\Windows\SYSTEM32\VERSION.dll
0x00007ffe49100000 - 0x00007ffe49112000 	C:\Windows\SYSTEM32\kernel.appcore.dll
0x00007ffe48280000 - 0x00007ffe48290000 	C:\Program Files\Microsoft\jdk-11.0.18.10-hotspot\bin\verify.dll
0x00007ffe4ae40000 - 0x00007ffe4b024000 	C:\Windows\SYSTEM32\DBGHELP.DLL
0x00007ffe4ad60000 - 0x00007ffe4ad95000 	C:\Windows\SYSTEM32\dbgcore.DLL
0x00007ffe4b750000 - 0x00007ffe4b7d2000 	C:\Windows\System32\bcryptPrimitives.dll
0x00007ffe39470000 - 0x00007ffe39498000 	C:\Program Files\Microsoft\jdk-11.0.18.10-hotspot\bin\java.dll
0x00007ffe3b690000 - 0x00007ffe3b69a000 	C:\Program Files\Microsoft\jdk-11.0.18.10-hotspot\bin\jimage.dll
0x00007ffe39450000 - 0x00007ffe39468000 	C:\Program Files\Microsoft\jdk-11.0.18.10-hotspot\bin\zip.dll
0x00007ffe4c090000 - 0x00007ffe4c7d5000 	C:\Windows\System32\SHELL32.dll
0x00007ffe48950000 - 0x00007ffe490e2000 	C:\Windows\SYSTEM32\windows.storage.dll
0x00007ffe4cac0000 - 0x00007ffe4ce15000 	C:\Windows\System32\combase.dll
0x00007ffe4a900000 - 0x00007ffe4a930000 	C:\Windows\SYSTEM32\Wldp.dll
0x00007ffe4d100000 - 0x00007ffe4d1ad000 	C:\Windows\System32\SHCORE.dll
0x00007ffe4ce40000 - 0x00007ffe4ce95000 	C:\Windows\System32\shlwapi.dll
0x00007ffe4b4f0000 - 0x00007ffe4b50f000 	C:\Windows\SYSTEM32\profapi.dll
0x00007ffe39430000 - 0x00007ffe39449000 	C:\Program Files\Microsoft\jdk-11.0.18.10-hotspot\bin\net.dll
0x00007ffe3aaa0000 - 0x00007ffe3abaa000 	C:\Windows\SYSTEM32\WINHTTP.dll
0x00007ffe4a5e0000 - 0x00007ffe4a64a000 	C:\Windows\system32\mswsock.dll
0x00007ffe39410000 - 0x00007ffe39423000 	C:\Program Files\Microsoft\jdk-11.0.18.10-hotspot\bin\nio.dll
0x00007ffe393a0000 - 0x00007ffe393c7000 	C:\Users\DELL\.gradle\native\e1d6ef7f7dcc3fd88c89a11ec53ec762bb8ba0a96d01ffa2cd45eb1d1d8dd5c5\windows-amd64\native-platform.dll
0x00007ffe39220000 - 0x00007ffe39364000 	C:\Users\DELL\.gradle\native\0d407fdbe67a94daf76414ababcb853783967236a71b16ec16e742cd7a986fd3\windows-amd64\native-platform-file-events.dll
0x00007ffe39380000 - 0x00007ffe39389000 	C:\Program Files\Microsoft\jdk-11.0.18.10-hotspot\bin\management.dll
0x00007ffe39370000 - 0x00007ffe3937b000 	C:\Program Files\Microsoft\jdk-11.0.18.10-hotspot\bin\management_ext.dll
0x00007ffe4b340000 - 0x00007ffe4b358000 	C:\Windows\SYSTEM32\CRYPTSP.dll
0x00007ffe49f80000 - 0x00007ffe49fb4000 	C:\Windows\system32\rsaenh.dll
0x00007ffe4b970000 - 0x00007ffe4b997000 	C:\Windows\System32\bcrypt.dll
0x00007ffe4b4b0000 - 0x00007ffe4b4de000 	C:\Windows\SYSTEM32\USERENV.dll
0x00007ffe4a930000 - 0x00007ffe4a93c000 	C:\Windows\SYSTEM32\CRYPTBASE.dll
0x00007ffe4a2f0000 - 0x00007ffe4a32b000 	C:\Windows\SYSTEM32\IPHLPAPI.DLL
0x00007ffe4de60000 - 0x00007ffe4de68000 	C:\Windows\System32\NSI.dll
0x00007ffe3b240000 - 0x00007ffe3b257000 	C:\Windows\SYSTEM32\dhcpcsvc6.DLL
0x00007ffe3b820000 - 0x00007ffe3b83d000 	C:\Windows\SYSTEM32\dhcpcsvc.DLL
0x00007ffe4a330000 - 0x00007ffe4a3fb000 	C:\Windows\SYSTEM32\DNSAPI.dll

dbghelp: loaded successfully - version: 4.0.5 - missing functions: none
symbol engine: initialized successfully - sym options: 0x614 - pdb path: .;C:\Program Files\Microsoft\jdk-11.0.18.10-hotspot\bin;C:\Windows\SYSTEM32;C:\Windows\WinSxS\amd64_microsoft.windows.common-controls_6595b64144ccf1df_6.0.19041.1110_none_60b5254171f9507e;C:\Program Files\Microsoft\jdk-11.0.18.10-hotspot\bin\server;C:\Users\DELL\.gradle\native\e1d6ef7f7dcc3fd88c89a11ec53ec762bb8ba0a96d01ffa2cd45eb1d1d8dd5c5\windows-amd64;C:\Users\DELL\.gradle\native\0d407fdbe67a94daf76414ababcb853783967236a71b16ec16e742cd7a986fd3\windows-amd64

VM Arguments:
jvm_args: -XX:MaxMetaspaceSize=512m --add-opens=java.base/java.util=ALL-UNNAMED --add-opens=java.base/java.lang=ALL-UNNAMED --add-opens=java.base/java.lang.invoke=ALL-UNNAMED --add-opens=java.base/java.util=ALL-UNNAMED --add-opens=java.prefs/java.util.prefs=ALL-UNNAMED --add-opens=java.prefs/java.util.prefs=ALL-UNNAMED --add-opens=java.base/java.nio.charset=ALL-UNNAMED --add-opens=java.base/java.net=ALL-UNNAMED --add-opens=java.base/java.util.concurrent.atomic=ALL-UNNAMED -Xmx2048m -Dfile.encoding=windows-1252 -Duser.country=US -Duser.language=en -Duser.variant 
java_command: org.gradle.launcher.daemon.bootstrap.GradleDaemon 7.5.1
java_class_path (initial): C:\Users\DELL\.gradle\wrapper\dists\gradle-7.5.1-all\1ehga6e77gqps5uk2kc5kf1vc\gradle-7.5.1\lib\gradle-launcher-7.5.1.jar
Launcher Type: SUN_STANDARD

[Global flags]
     intx CICompilerCount                          = 3                                         {product} {ergonomic}
   size_t CompressedClassSpaceSize                 = 528482304                                 {product} {ergonomic}
     uint ConcGCThreads                            = 1                                         {product} {ergonomic}
     uint G1ConcRefinementThreads                  = 4                                         {product} {ergonomic}
   size_t G1HeapRegionSize                         = 1048576                                   {product} {ergonomic}
    uintx GCDrainStackTargetSize                   = 64                                        {product} {ergonomic}
   size_t InitialHeapSize                          = 130023424                                 {product} {ergonomic}
   size_t MarkStackSize                            = 4194304                                   {product} {ergonomic}
   size_t MaxHeapSize                              = 2147483648                                {product} {command line}
   size_t MaxMetaspaceSize                         = 536870912                                 {product} {command line}
   size_t MaxNewSize                               = 1287651328                                {product} {ergonomic}
   size_t MinHeapDeltaBytes                        = 1048576                                   {product} {ergonomic}
    uintx NonNMethodCodeHeapSize                   = 5830732                                {pd product} {ergonomic}
    uintx NonProfiledCodeHeapSize                  = 122913754                              {pd product} {ergonomic}
    uintx ProfiledCodeHeapSize                     = 122913754                              {pd product} {ergonomic}
    uintx ReservedCodeCacheSize                    = 251658240                              {pd product} {ergonomic}
     bool SegmentedCodeCache                       = true                                      {product} {ergonomic}
     bool UseCompressedClassPointers               = true                                 {lp64_product} {ergonomic}
     bool UseCompressedOops                        = true                                 {lp64_product} {ergonomic}
     bool UseG1GC                                  = true                                      {product} {ergonomic}
     bool UseLargePagesIndividualAllocation        = false                                  {pd product} {ergonomic}

Logging:
Log output configuration:
 #0: stdout all=warning uptime,level,tags
 #1: stderr all=off uptime,level,tags

Environment Variables:
JAVA_HOME=C:\Program Files\Microsoft\jdk-11.0.18.10-hotspot\
CLASSPATH=D:\React-Native-Cli\AwesomeProject\android\\gradle\wrapper\gradle-wrapper.jar
PATH=D:\React-Native-Cli\AwesomeProject\android\node_modules\.bin;D:\React-Native-Cli\AwesomeProject\node_modules\.bin;D:\React-Native-Cli\node_modules\.bin;D:\node_modules\.bin;C:\Program Files\nodejs;D:\React-Native-Cli\AwesomeProject\node_modules\.bin;D:\React-Native-Cli\AwesomeProject\node_modules\.bin;D:\React-Native-Cli\node_modules\.bin;D:\node_modules\.bin;C:\Program Files\nodejs\node_modules\npm\node_modules\@npmcli\run-script\lib\node-gyp-bin;D:\React-Native-Cli\AwesomeProject\node_modules\.bin;D:\React-Native-Cli\node_modules\.bin;D:\node_modules\.bin;C:\Program Files\nodejs;D:\React-Native-Cli\Awesomeproject\node_modules\react-native\scripts\node_modules\.bin;D:\React-Native-Cli\Awesomeproject\node_modules\react-native\node_modules\.bin;D:\React-Native-Cli\Awesomeproject\node_modules\node_modules\.bin;D:\React-Native-Cli\Awesomeproject\node_modules\.bin;D:\React-Native-Cli\node_modules\.bin;D:\node_modules\.bin;C:\Program Files\nodejs;D:\React-Native-Cli\Awesomeproject\node_modules\.bin;D:\React-Native-Cli\Awesomeproject\node_modules\.bin;D:\React-Native-Cli\node_modules\.bin;D:\node_modules\.bin;C:\Program Files\nodejs\node_modules\npm\node_modules\@npmcli\run-script\lib\node-gyp-bin;C:\Program Files\Microsoft\jdk-11.0.18.10-hotspot\bin;C:\Windows\system32;C:\Windows;C:\Windows\System32\Wbem;C:\Windows\System32\WindowsPowerShell\v1.0\;C:\Windows\System32\OpenSSH\;C:\Program Files (x86)\Intel\Intel(R) Management Engine Components\DAL;C:\Program Files\Intel\Intel(R) Management Engine Components\DAL;C:\Program Files\Git\cmd;C:\laragon\bin\php\php-8.1.10-Win32-vs16-x64;C:\ProgramData\ComposerSetup\bin;C:\Program Files\nodejs\;C:\ProgramData\chocolatey\bin;C:\Users\DELL\AppData\Local\Microsoft\WindowsApps;C:\Users\DELL\AppData\Local\Programs\Microsoft VS Code\bin;C:\Users\DELL\AppData\Roaming\Composer\vendor\bin;C:\Users\DELL\AppData\Roaming\npm;C:\Users\DELL\AppData\Local\Android\Sdk\platform-tools;
USERNAME=DELL
LANG=en_US.UTF-8
OS=Windows_NT
PROCESSOR_IDENTIFIER=Intel64 Family 6 Model 78 Stepping 3, GenuineIntel
TMP=C:\Users\DELL\AppData\Local\Temp
TEMP=C:\Users\DELL\AppData\Local\Temp



---------------  S Y S T E M  ---------------

OS: Windows 10 , 64 bit Build 19041 (10.0.19041.2546)
OS uptime: 6 days 0:52 hours

CPU:total 4 (initial active 4) (2 cores per cpu, 2 threads per core) family 6 model 78 stepping 3 microcode 0xcc, cmov, cx8, fxsr, mmx, sse, sse2, sse3, ssse3, sse4.1, sse4.2, popcnt, avx, avx2, aes, clmul, erms, rtm, 3dnowpref, lzcnt, ht, tsc, tscinvbit, bmi1, bmi2, adx, fma

Memory: 4k page, system-wide physical 7839M (45M free)
TotalPageFile size 23028M (AvailPageFile size 9M)
current process WorkingSet (physical memory assigned to process): 102M, peak: 128M
current process commit charge ("private bytes"): 280M, peak: 281M

vm_info: OpenJDK 64-Bit Server VM (11.0.18+10-LTS) for windows-amd64 JRE (11.0.18+10-LTS), built on Jan 18 2023 15:56:47 by "MicrosoftCorporation" with MS VC++ 15.9 (VS2017)

END.
