#
# There is insufficient memory for the Java Runtime Environment to continue.
# Native memory allocation (malloc) failed to allocate 32744 bytes for ChunkPool::allocate
# Possible reasons:
#   The system is out of physical RAM or swap space
#   The process is running with CompressedOops enabled, and the Java Heap may be blocking the growth of the native heap
# Possible solutions:
#   Reduce memory load on the system
#   Increase physical memory or swap space
#   Check if swap backing store is full
#   Decrease Java heap size (-Xmx/-Xms)
#   Decrease number of Java threads
#   Decrease Java thread stack sizes (-Xss)
#   Set larger code cache with -XX:ReservedCodeCacheSize=
#   JVM is running with Unscaled Compressed Oops mode in which the Java heap is
#     placed in the first 4GB address space. The Java Heap base address is the
#     maximum limit for the native heap growth. Please use -XX:HeapBaseMinAddress
#     to set the Java Heap base and to place the Java Heap above 4GB virtual address.
# This output file may be truncated or incomplete.
#
#  Out of Memory Error (./src/hotspot/share/memory/arena.cpp:81), pid=14224, tid=8444
#
# JRE version: OpenJDK Runtime Environment Microsoft-7208460 (11.0.18+10) (build 11.0.18+10-LTS)
# Java VM: OpenJDK 64-Bit Server VM Microsoft-7208460 (11.0.18+10-LTS, mixed mode, tiered, compressed oops, g1 gc, windows-amd64)
# No core dump will be written. Minidumps are not enabled by default on client versions of Windows
#

---------------  S U M M A R Y ------------

Command Line: -XX:MaxMetaspaceSize=512m --add-opens=java.base/java.util=ALL-UNNAMED --add-opens=java.base/java.lang=ALL-UNNAMED --add-opens=java.base/java.lang.invoke=ALL-UNNAMED --add-opens=java.base/java.util=ALL-UNNAMED --add-opens=java.prefs/java.util.prefs=ALL-UNNAMED --add-opens=java.prefs/java.util.prefs=ALL-UNNAMED --add-opens=java.base/java.nio.charset=ALL-UNNAMED --add-opens=java.base/java.net=ALL-UNNAMED --add-opens=java.base/java.util.concurrent.atomic=ALL-UNNAMED -Xmx2048m -Dfile.encoding=windows-1252 -Duser.country=US -Duser.language=en -Duser.variant org.gradle.launcher.daemon.bootstrap.GradleDaemon 7.5.1

Host: Intel(R) Core(TM) i5-6300U CPU @ 2.40GHz, 4 cores, 7G,  Windows 10 , 64 bit Build 19041 (10.0.19041.2546)
Time: Tue May  2 04:05:23 2023 Pacific Daylight Time elapsed time: 144.267189 seconds (0d 0h 2m 24s)

---------------  T H R E A D  ---------------

Current thread (0x0000020b6bcc1000):  JavaThread "C2 CompilerThread0" daemon [_thread_in_native, id=8444, stack(0x00000093be400000,0x00000093be500000)]


Current CompileTask:
C2: 144267 2828   !   4       java.lang.reflect.Executable::declaredAnnotations (85 bytes)

Stack: [0x00000093be400000,0x00000093be500000]
Native frames: (J=compiled Java code, j=interpreted, Vv=VM code, C=native code)
V  [jvm.dll+0x62bf8a]
V  [jvm.dll+0x7b8fb9]
V  [jvm.dll+0x7ba6a8]
V  [jvm.dll+0x7bad83]
V  [jvm.dll+0x250248]
V  [jvm.dll+0xc286b]
V  [jvm.dll+0xc2bcc]
V  [jvm.dll+0x362f6d]
V  [jvm.dll+0x519096]
V  [jvm.dll+0x32a3a2]
V  [jvm.dll+0x3296aa]
V  [jvm.dll+0x2093b3]
V  [jvm.dll+0x20850d]
V  [jvm.dll+0x18a4b1]
V  [jvm.dll+0x217eec]
V  [jvm.dll+0x21612b]
V  [jvm.dll+0x77bac0]
V  [jvm.dll+0x7749f4]
V  [jvm.dll+0x62adf5]
C  [ucrtbase.dll+0x21bb2]
C  [KERNEL32.DLL+0x17614]
C  [ntdll.dll+0x526a1]


---------------  P R O C E S S  ---------------

Threads class SMR info:
_java_thread_list=0x0000020b6c6708f0, length=32, elements={
0x0000020b4ab9a800, 0x0000020b6b33f000, 0x0000020b6b342800, 0x0000020b6b3a6000,
0x0000020b6b3a8000, 0x0000020b6bcc0800, 0x0000020b6bcc1000, 0x0000020b6b3ad000,
0x0000020b6b3ae800, 0x0000020b6be30000, 0x0000020b6cc05000, 0x0000020b6dba9800,
0x0000020b6dd54800, 0x0000020b6dd59800, 0x0000020b6c968800, 0x0000020b6d7ec800,
0x0000020b6d327800, 0x0000020b6db0c800, 0x0000020b6ca6c800, 0x0000020b6d08d000,
0x0000020b6d3ce000, 0x0000020b6d3cd000, 0x0000020b6d3c8000, 0x0000020b6d3ce800,
0x0000020b6d3ca800, 0x0000020b6d3c9000, 0x0000020b6d3ca000, 0x0000020b6d3cc800,
0x0000020b6d3cb800, 0x0000020b6d275000, 0x0000020b6d271800, 0x0000020b6d278000
}

Java Threads: ( => current thread )
  0x0000020b4ab9a800 JavaThread "main" [_thread_blocked, id=15564, stack(0x00000093bd800000,0x00000093bd900000)]
  0x0000020b6b33f000 JavaThread "Reference Handler" daemon [_thread_blocked, id=8304, stack(0x00000093bdf00000,0x00000093be000000)]
  0x0000020b6b342800 JavaThread "Finalizer" daemon [_thread_blocked, id=8332, stack(0x00000093be000000,0x00000093be100000)]
  0x0000020b6b3a6000 JavaThread "Signal Dispatcher" daemon [_thread_blocked, id=9132, stack(0x00000093be100000,0x00000093be200000)]
  0x0000020b6b3a8000 JavaThread "Attach Listener" daemon [_thread_blocked, id=1236, stack(0x00000093be200000,0x00000093be300000)]
  0x0000020b6bcc0800 JavaThread "Service Thread" daemon [_thread_blocked, id=11260, stack(0x00000093be300000,0x00000093be400000)]
=>0x0000020b6bcc1000 JavaThread "C2 CompilerThread0" daemon [_thread_in_native, id=8444, stack(0x00000093be400000,0x00000093be500000)]
  0x0000020b6b3ad000 JavaThread "C1 CompilerThread0" daemon [_thread_blocked, id=19444, stack(0x00000093be500000,0x00000093be600000)]
  0x0000020b6b3ae800 JavaThread "Sweeper thread" daemon [_thread_blocked, id=19408, stack(0x00000093be600000,0x00000093be700000)]
  0x0000020b6be30000 JavaThread "Common-Cleaner" daemon [_thread_blocked, id=19304, stack(0x00000093be700000,0x00000093be800000)]
  0x0000020b6cc05000 JavaThread "Daemon health stats" [_thread_blocked, id=16668, stack(0x00000093bea00000,0x00000093beb00000)]
  0x0000020b6dba9800 JavaThread "Incoming local TCP Connector on port 57575" [_thread_in_native, id=8588, stack(0x00000093bd500000,0x00000093bd600000)]
  0x0000020b6dd54800 JavaThread "Daemon periodic checks" [_thread_blocked, id=1764, stack(0x00000093bed00000,0x00000093bee00000)]
  0x0000020b6dd59800 JavaThread "Daemon" [_thread_blocked, id=16236, stack(0x00000093bee00000,0x00000093bef00000)]
  0x0000020b6c968800 JavaThread "Handler for socket connection from /127.0.0.1:57575 to /127.0.0.1:57593" [_thread_in_native, id=14312, stack(0x00000093bef00000,0x00000093bf000000)]
  0x0000020b6d7ec800 JavaThread "Cancel handler" [_thread_blocked, id=17812, stack(0x00000093bf000000,0x00000093bf100000)]
  0x0000020b6d327800 JavaThread "Daemon worker" [_thread_in_vm, id=12588, stack(0x00000093bf100000,0x00000093bf200000)]
  0x0000020b6db0c800 JavaThread "Asynchronous log dispatcher for DefaultDaemonConnection: socket connection from /127.0.0.1:57575 to /127.0.0.1:57593" [_thread_blocked, id=15256, stack(0x00000093bf200000,0x00000093bf300000)]
  0x0000020b6ca6c800 JavaThread "Stdin handler" [_thread_blocked, id=9364, stack(0x00000093bf300000,0x00000093bf400000)]
  0x0000020b6d08d000 JavaThread "Daemon client event forwarder" [_thread_blocked, id=18864, stack(0x00000093bf400000,0x00000093bf500000)]
  0x0000020b6d3ce000 JavaThread "Cache worker for journal cache (C:\Users\DELL\.gradle\caches\journal-1)" [_thread_blocked, id=18936, stack(0x00000093bf700000,0x00000093bf800000)]
  0x0000020b6d3cd000 JavaThread "File lock request listener" [_thread_in_native, id=17768, stack(0x00000093bf800000,0x00000093bf900000)]
  0x0000020b6d3c8000 JavaThread "File lock release action executor" [_thread_blocked, id=7252, stack(0x00000093bf900000,0x00000093bfa00000)]
  0x0000020b6d3ce800 JavaThread "Cache worker for file hash cache (C:\Users\DELL\.gradle\caches\7.5.1\fileHashes)" [_thread_blocked, id=19060, stack(0x00000093bfa00000,0x00000093bfb00000)]
  0x0000020b6d3ca800 JavaThread "File watcher server" daemon [_thread_in_native, id=14748, stack(0x00000093bfb00000,0x00000093bfc00000)]
  0x0000020b6d3c9000 JavaThread "File watcher consumer" daemon [_thread_blocked, id=1748, stack(0x00000093bfc00000,0x00000093bfd00000)]
  0x0000020b6d3ca000 JavaThread "Cache worker for checksums cache (D:\React-Native-Cli\AwesomeProject\android\.gradle\7.5.1\checksums)" [_thread_blocked, id=9940, stack(0x00000093bd600000,0x00000093bd700000)]
  0x0000020b6d3cc800 JavaThread "Cache worker for cache directory md-rule (C:\Users\DELL\.gradle\caches\7.5.1\md-rule)" [_thread_blocked, id=15976, stack(0x00000093bd700000,0x00000093bd800000)]
  0x0000020b6d3cb800 JavaThread "Cache worker for file content cache (C:\Users\DELL\.gradle\caches\7.5.1\fileContent)" [_thread_blocked, id=15676, stack(0x00000093bfd00000,0x00000093bfe00000)]
  0x0000020b6d275000 JavaThread "Cache worker for file hash cache (D:\React-Native-Cli\AwesomeProject\android\.gradle\7.5.1\fileHashes)" [_thread_blocked, id=17572, stack(0x00000093bfe00000,0x00000093bff00000)]
  0x0000020b6d271800 JavaThread "Cache worker for cache directory md-supplier (C:\Users\DELL\.gradle\caches\7.5.1\md-supplier)" [_thread_blocked, id=14932, stack(0x00000093bff00000,0x00000093c0000000)]
  0x0000020b6d278000 JavaThread "Cache worker for execution history cache (C:\Users\DELL\.gradle\caches\7.5.1\executionHistory)" [_thread_blocked, id=19492, stack(0x00000093c0000000,0x00000093c0100000)]

Other Threads:
  0x0000020b6b33b000 VMThread "VM Thread" [stack: 0x00000093bde00000,0x00000093bdf00000] [id=8020]
  0x0000020b6be3a000 WatcherThread [stack: 0x00000093be800000,0x00000093be900000] [id=19432]
  0x0000020b4abad800 GCTaskThread "GC Thread#0" [stack: 0x00000093bd900000,0x00000093bda00000] [id=4340]
  0x0000020b6c0be000 GCTaskThread "GC Thread#1" [stack: 0x00000093be900000,0x00000093bea00000] [id=17348]
  0x0000020b6d4d7000 GCTaskThread "GC Thread#2" [stack: 0x00000093bf500000,0x00000093bf600000] [id=19384]
  0x0000020b6d4d8000 GCTaskThread "GC Thread#3" [stack: 0x00000093bf600000,0x00000093bf700000] [id=17272]
  0x0000020b4abde800 ConcurrentGCThread "G1 Main Marker" [stack: 0x00000093bda00000,0x00000093bdb00000] [id=16852]
  0x0000020b4abdf800 ConcurrentGCThread "G1 Conc#0" [stack: 0x00000093bdb00000,0x00000093bdc00000] [id=14228]
  0x0000020b4ac69000 ConcurrentGCThread "G1 Refine#0" [stack: 0x00000093bdc00000,0x00000093bdd00000] [id=5468]
  0x0000020b4ac6a000 ConcurrentGCThread "G1 Young RemSet Sampling" [stack: 0x00000093bdd00000,0x00000093bde00000] [id=14904]

Threads with active compile tasks:
C2 CompilerThread0   144316 2828   !   4       java.lang.reflect.Executable::declaredAnnotations (85 bytes)

VM state:not at safepoint (normal execution)

VM Mutex/Monitor currently owned by a thread: None

Heap address: 0x0000000080000000, size: 2048 MB, Compressed Oops mode: 32-bit
Narrow klass base: 0x0000000000000000, Narrow klass shift: 3
Compressed class space size: 528482304 Address: 0x0000000100000000

Heap:
 garbage-first heap   total 126976K, used 77552K [0x0000000080000000, 0x0000000100000000)
  region size 1024K, 61 young (62464K), 3 survivors (3072K)
 Metaspace       used 30881K, capacity 31614K, committed 31664K, reserved 544768K
  class space    used 4074K, capacity 4323K, committed 4352K, reserved 516096K
Heap Regions: E=young(eden), S=young(survivor), O=old, HS=humongous(starts), HC=humongous(continues), CS=collection set, F=free, A=archive, TAMS=top-at-mark-start (previous, next)
|   0|0x0000000080000000, 0x0000000080100000, 0x0000000080100000|100%|HS|  |TAMS 0x0000000080100000, 0x0000000080000000| Complete 
|   1|0x0000000080100000, 0x0000000080200000, 0x0000000080200000|100%|HC|  |TAMS 0x0000000080200000, 0x0000000080100000| Complete 
|   2|0x0000000080200000, 0x0000000080300000, 0x0000000080300000|100%|HC|  |TAMS 0x0000000080300000, 0x0000000080200000| Complete 
|   3|0x0000000080300000, 0x0000000080400000, 0x0000000080400000|100%| O|  |TAMS 0x0000000080400000, 0x0000000080300000| Untracked 
|   4|0x0000000080400000, 0x0000000080500000, 0x0000000080500000|100%| O|  |TAMS 0x0000000080500000, 0x0000000080400000| Untracked 
|   5|0x0000000080500000, 0x0000000080600000, 0x0000000080600000|100%| O|  |TAMS 0x0000000080600000, 0x0000000080500000| Untracked 
|   6|0x0000000080600000, 0x0000000080700000, 0x0000000080700000|100%| O|  |TAMS 0x0000000080700000, 0x0000000080600000| Untracked 
|   7|0x0000000080700000, 0x0000000080800000, 0x0000000080800000|100%| O|  |TAMS 0x0000000080800000, 0x0000000080700000| Untracked 
|   8|0x0000000080800000, 0x0000000080900000, 0x0000000080900000|100%| O|  |TAMS 0x0000000080900000, 0x0000000080800000| Untracked 
|   9|0x0000000080900000, 0x0000000080a00000, 0x0000000080a00000|100%| O|  |TAMS 0x0000000080a00000, 0x0000000080900000| Untracked 
|  10|0x0000000080a00000, 0x0000000080b00000, 0x0000000080b00000|100%| O|  |TAMS 0x0000000080b00000, 0x0000000080a00000| Untracked 
|  11|0x0000000080b00000, 0x0000000080c00000, 0x0000000080c00000|100%| O|  |TAMS 0x0000000080c00000, 0x0000000080b00000| Untracked 
|  12|0x0000000080c00000, 0x0000000080d00000, 0x0000000080d00000|100%| O|  |TAMS 0x0000000080d00000, 0x0000000080c00000| Untracked 
|  13|0x0000000080d00000, 0x0000000080e00000, 0x0000000080e00000|100%| O|  |TAMS 0x0000000080e00000, 0x0000000080d00000| Untracked 
|  14|0x0000000080e00000, 0x0000000080f00000, 0x0000000080f00000|100%| O|  |TAMS 0x0000000080f00000, 0x0000000080e00000| Untracked 
|  15|0x0000000080f00000, 0x0000000080fef400, 0x0000000081000000| 93%| O|  |TAMS 0x0000000080fef400, 0x0000000080f00000| Untracked 
|  16|0x0000000081000000, 0x0000000081000000, 0x0000000081100000|  0%| F|  |TAMS 0x0000000081000000, 0x0000000081000000| Untracked 
|  17|0x0000000081100000, 0x0000000081100000, 0x0000000081200000|  0%| F|  |TAMS 0x0000000081100000, 0x0000000081100000| Untracked 
|  18|0x0000000081200000, 0x0000000081200000, 0x0000000081300000|  0%| F|  |TAMS 0x0000000081200000, 0x0000000081200000| Untracked 
|  19|0x0000000081300000, 0x0000000081300000, 0x0000000081400000|  0%| F|  |TAMS 0x0000000081300000, 0x0000000081300000| Untracked 
|  20|0x0000000081400000, 0x0000000081400000, 0x0000000081500000|  0%| F|  |TAMS 0x0000000081400000, 0x0000000081400000| Untracked 
|  21|0x0000000081500000, 0x0000000081500000, 0x0000000081600000|  0%| F|  |TAMS 0x0000000081500000, 0x0000000081500000| Untracked 
|  22|0x0000000081600000, 0x0000000081600000, 0x0000000081700000|  0%| F|  |TAMS 0x0000000081600000, 0x0000000081600000| Untracked 
|  23|0x0000000081700000, 0x0000000081700000, 0x0000000081800000|  0%| F|  |TAMS 0x0000000081700000, 0x0000000081700000| Untracked 
|  24|0x0000000081800000, 0x0000000081800000, 0x0000000081900000|  0%| F|  |TAMS 0x0000000081800000, 0x0000000081800000| Untracked 
|  25|0x0000000081900000, 0x0000000081900000, 0x0000000081a00000|  0%| F|  |TAMS 0x0000000081900000, 0x0000000081900000| Untracked 
|  26|0x0000000081a00000, 0x0000000081a00000, 0x0000000081b00000|  0%| F|  |TAMS 0x0000000081a00000, 0x0000000081a00000| Untracked 
|  27|0x0000000081b00000, 0x0000000081b00000, 0x0000000081c00000|  0%| F|  |TAMS 0x0000000081b00000, 0x0000000081b00000| Untracked 
|  28|0x0000000081c00000, 0x0000000081c00000, 0x0000000081d00000|  0%| F|  |TAMS 0x0000000081c00000, 0x0000000081c00000| Untracked 
|  29|0x0000000081d00000, 0x0000000081d00000, 0x0000000081e00000|  0%| F|  |TAMS 0x0000000081d00000, 0x0000000081d00000| Untracked 
|  30|0x0000000081e00000, 0x0000000081e00000, 0x0000000081f00000|  0%| F|  |TAMS 0x0000000081e00000, 0x0000000081e00000| Untracked 
|  31|0x0000000081f00000, 0x0000000081f00000, 0x0000000082000000|  0%| F|  |TAMS 0x0000000081f00000, 0x0000000081f00000| Untracked 
|  32|0x0000000082000000, 0x0000000082000000, 0x0000000082100000|  0%| F|  |TAMS 0x0000000082000000, 0x0000000082000000| Untracked 
|  33|0x0000000082100000, 0x0000000082100000, 0x0000000082200000|  0%| F|  |TAMS 0x0000000082100000, 0x0000000082100000| Untracked 
|  34|0x0000000082200000, 0x0000000082200000, 0x0000000082300000|  0%| F|  |TAMS 0x0000000082200000, 0x0000000082200000| Untracked 
|  35|0x0000000082300000, 0x0000000082300000, 0x0000000082400000|  0%| F|  |TAMS 0x0000000082300000, 0x0000000082300000| Untracked 
|  36|0x0000000082400000, 0x0000000082400000, 0x0000000082500000|  0%| F|  |TAMS 0x0000000082400000, 0x0000000082400000| Untracked 
|  37|0x0000000082500000, 0x0000000082500000, 0x0000000082600000|  0%| F|  |TAMS 0x0000000082500000, 0x0000000082500000| Untracked 
|  38|0x0000000082600000, 0x0000000082600000, 0x0000000082700000|  0%| F|  |TAMS 0x0000000082600000, 0x0000000082600000| Untracked 
|  39|0x0000000082700000, 0x0000000082700000, 0x0000000082800000|  0%| F|  |TAMS 0x0000000082700000, 0x0000000082700000| Untracked 
|  40|0x0000000082800000, 0x0000000082800000, 0x0000000082900000|  0%| F|  |TAMS 0x0000000082800000, 0x0000000082800000| Untracked 
|  41|0x0000000082900000, 0x0000000082900000, 0x0000000082a00000|  0%| F|  |TAMS 0x0000000082900000, 0x0000000082900000| Untracked 
|  42|0x0000000082a00000, 0x0000000082a00000, 0x0000000082b00000|  0%| F|  |TAMS 0x0000000082a00000, 0x0000000082a00000| Untracked 
|  43|0x0000000082b00000, 0x0000000082b00000, 0x0000000082c00000|  0%| F|  |TAMS 0x0000000082b00000, 0x0000000082b00000| Untracked 
|  44|0x0000000082c00000, 0x0000000082c00000, 0x0000000082d00000|  0%| F|  |TAMS 0x0000000082c00000, 0x0000000082c00000| Untracked 
|  45|0x0000000082d00000, 0x0000000082d00000, 0x0000000082e00000|  0%| F|  |TAMS 0x0000000082d00000, 0x0000000082d00000| Untracked 
|  46|0x0000000082e00000, 0x0000000082e00000, 0x0000000082f00000|  0%| F|  |TAMS 0x0000000082e00000, 0x0000000082e00000| Untracked 
|  47|0x0000000082f00000, 0x0000000082f00000, 0x0000000083000000|  0%| F|  |TAMS 0x0000000082f00000, 0x0000000082f00000| Untracked 
|  48|0x0000000083000000, 0x0000000083000000, 0x0000000083100000|  0%| F|  |TAMS 0x0000000083000000, 0x0000000083000000| Untracked 
|  49|0x0000000083100000, 0x0000000083100000, 0x0000000083200000|  0%| F|  |TAMS 0x0000000083100000, 0x0000000083100000| Untracked 
|  50|0x0000000083200000, 0x0000000083200000, 0x0000000083300000|  0%| F|  |TAMS 0x0000000083200000, 0x0000000083200000| Untracked 
|  51|0x0000000083300000, 0x0000000083300000, 0x0000000083400000|  0%| F|  |TAMS 0x0000000083300000, 0x0000000083300000| Untracked 
|  52|0x0000000083400000, 0x0000000083400000, 0x0000000083500000|  0%| F|  |TAMS 0x0000000083400000, 0x0000000083400000| Untracked 
|  53|0x0000000083500000, 0x0000000083500000, 0x0000000083600000|  0%| F|  |TAMS 0x0000000083500000, 0x0000000083500000| Untracked 
|  54|0x0000000083600000, 0x0000000083600000, 0x0000000083700000|  0%| F|  |TAMS 0x0000000083600000, 0x0000000083600000| Untracked 
|  55|0x0000000083700000, 0x0000000083700000, 0x0000000083800000|  0%| F|  |TAMS 0x0000000083700000, 0x0000000083700000| Untracked 
|  56|0x0000000083800000, 0x0000000083800000, 0x0000000083900000|  0%| F|  |TAMS 0x0000000083800000, 0x0000000083800000| Untracked 
|  57|0x0000000083900000, 0x0000000083900000, 0x0000000083a00000|  0%| F|  |TAMS 0x0000000083900000, 0x0000000083900000| Untracked 
|  58|0x0000000083a00000, 0x0000000083a00000, 0x0000000083b00000|  0%| F|  |TAMS 0x0000000083a00000, 0x0000000083a00000| Untracked 
|  59|0x0000000083b00000, 0x0000000083b00000, 0x0000000083c00000|  0%| F|  |TAMS 0x0000000083b00000, 0x0000000083b00000| Untracked 
|  60|0x0000000083c00000, 0x0000000083c00000, 0x0000000083d00000|  0%| F|  |TAMS 0x0000000083c00000, 0x0000000083c00000| Untracked 
|  61|0x0000000083d00000, 0x0000000083d00000, 0x0000000083e00000|  0%| F|  |TAMS 0x0000000083d00000, 0x0000000083d00000| Untracked 
|  62|0x0000000083e00000, 0x0000000083e00000, 0x0000000083f00000|  0%| F|  |TAMS 0x0000000083e00000, 0x0000000083e00000| Untracked 
|  63|0x0000000083f00000, 0x0000000083f80800, 0x0000000084000000| 50%| E|  |TAMS 0x0000000083f00000, 0x0000000083f00000| Complete 
|  64|0x0000000084000000, 0x0000000084100000, 0x0000000084100000|100%| E|CS|TAMS 0x0000000084000000, 0x0000000084000000| Complete 
|  65|0x0000000084100000, 0x0000000084200000, 0x0000000084200000|100%| E|CS|TAMS 0x0000000084100000, 0x0000000084100000| Complete 
|  66|0x0000000084200000, 0x0000000084300000, 0x0000000084300000|100%| E|CS|TAMS 0x0000000084200000, 0x0000000084200000| Complete 
|  67|0x0000000084300000, 0x0000000084400000, 0x0000000084400000|100%| E|CS|TAMS 0x0000000084300000, 0x0000000084300000| Complete 
|  68|0x0000000084400000, 0x0000000084500000, 0x0000000084500000|100%| E|CS|TAMS 0x0000000084400000, 0x0000000084400000| Complete 
|  69|0x0000000084500000, 0x0000000084600000, 0x0000000084600000|100%| E|CS|TAMS 0x0000000084500000, 0x0000000084500000| Complete 
|  70|0x0000000084600000, 0x0000000084700000, 0x0000000084700000|100%| E|CS|TAMS 0x0000000084600000, 0x0000000084600000| Complete 
|  71|0x0000000084700000, 0x0000000084800000, 0x0000000084800000|100%| E|CS|TAMS 0x0000000084700000, 0x0000000084700000| Complete 
|  72|0x0000000084800000, 0x0000000084900000, 0x0000000084900000|100%| E|CS|TAMS 0x0000000084800000, 0x0000000084800000| Complete 
|  73|0x0000000084900000, 0x00000000849ccda0, 0x0000000084a00000| 80%| S|CS|TAMS 0x0000000084900000, 0x0000000084900000| Complete 
|  74|0x0000000084a00000, 0x0000000084b00000, 0x0000000084b00000|100%| S|CS|TAMS 0x0000000084a00000, 0x0000000084a00000| Complete 
|  75|0x0000000084b00000, 0x0000000084c00000, 0x0000000084c00000|100%| S|CS|TAMS 0x0000000084b00000, 0x0000000084b00000| Complete 
|  76|0x0000000084c00000, 0x0000000084d00000, 0x0000000084d00000|100%| E|CS|TAMS 0x0000000084c00000, 0x0000000084c00000| Complete 
|  77|0x0000000084d00000, 0x0000000084e00000, 0x0000000084e00000|100%| E|CS|TAMS 0x0000000084d00000, 0x0000000084d00000| Complete 
|  78|0x0000000084e00000, 0x0000000084f00000, 0x0000000084f00000|100%| E|CS|TAMS 0x0000000084e00000, 0x0000000084e00000| Complete 
|  79|0x0000000084f00000, 0x0000000085000000, 0x0000000085000000|100%| E|CS|TAMS 0x0000000084f00000, 0x0000000084f00000| Complete 
|  80|0x0000000085000000, 0x0000000085100000, 0x0000000085100000|100%| E|CS|TAMS 0x0000000085000000, 0x0000000085000000| Complete 
|  81|0x0000000085100000, 0x0000000085200000, 0x0000000085200000|100%| E|CS|TAMS 0x0000000085100000, 0x0000000085100000| Complete 
|  82|0x0000000085200000, 0x0000000085300000, 0x0000000085300000|100%| E|CS|TAMS 0x0000000085200000, 0x0000000085200000| Complete 
|  83|0x0000000085300000, 0x0000000085400000, 0x0000000085400000|100%| E|CS|TAMS 0x0000000085300000, 0x0000000085300000| Complete 
|  84|0x0000000085400000, 0x0000000085500000, 0x0000000085500000|100%| E|CS|TAMS 0x0000000085400000, 0x0000000085400000| Complete 
|  85|0x0000000085500000, 0x0000000085600000, 0x0000000085600000|100%| E|CS|TAMS 0x0000000085500000, 0x0000000085500000| Complete 
|  86|0x0000000085600000, 0x0000000085700000, 0x0000000085700000|100%| E|CS|TAMS 0x0000000085600000, 0x0000000085600000| Complete 
|  87|0x0000000085700000, 0x0000000085800000, 0x0000000085800000|100%| E|CS|TAMS 0x0000000085700000, 0x0000000085700000| Complete 
|  88|0x0000000085800000, 0x0000000085900000, 0x0000000085900000|100%| E|CS|TAMS 0x0000000085800000, 0x0000000085800000| Complete 
|  89|0x0000000085900000, 0x0000000085a00000, 0x0000000085a00000|100%| E|CS|TAMS 0x0000000085900000, 0x0000000085900000| Complete 
|  90|0x0000000085a00000, 0x0000000085b00000, 0x0000000085b00000|100%| E|CS|TAMS 0x0000000085a00000, 0x0000000085a00000| Complete 
|  91|0x0000000085b00000, 0x0000000085c00000, 0x0000000085c00000|100%| E|CS|TAMS 0x0000000085b00000, 0x0000000085b00000| Complete 
|  92|0x0000000085c00000, 0x0000000085d00000, 0x0000000085d00000|100%| E|CS|TAMS 0x0000000085c00000, 0x0000000085c00000| Complete 
|  93|0x0000000085d00000, 0x0000000085e00000, 0x0000000085e00000|100%| E|CS|TAMS 0x0000000085d00000, 0x0000000085d00000| Complete 
|  94|0x0000000085e00000, 0x0000000085f00000, 0x0000000085f00000|100%| E|CS|TAMS 0x0000000085e00000, 0x0000000085e00000| Complete 
|  95|0x0000000085f00000, 0x0000000086000000, 0x0000000086000000|100%| E|CS|TAMS 0x0000000085f00000, 0x0000000085f00000| Complete 
|  96|0x0000000086000000, 0x0000000086100000, 0x0000000086100000|100%| E|CS|TAMS 0x0000000086000000, 0x0000000086000000| Complete 
|  97|0x0000000086100000, 0x0000000086200000, 0x0000000086200000|100%| E|CS|TAMS 0x0000000086100000, 0x0000000086100000| Complete 
|  98|0x0000000086200000, 0x0000000086300000, 0x0000000086300000|100%| E|CS|TAMS 0x0000000086200000, 0x0000000086200000| Complete 
|  99|0x0000000086300000, 0x0000000086400000, 0x0000000086400000|100%| E|CS|TAMS 0x0000000086300000, 0x0000000086300000| Complete 
| 100|0x0000000086400000, 0x0000000086500000, 0x0000000086500000|100%| E|CS|TAMS 0x0000000086400000, 0x0000000086400000| Complete 
| 101|0x0000000086500000, 0x0000000086600000, 0x0000000086600000|100%| E|CS|TAMS 0x0000000086500000, 0x0000000086500000| Complete 
| 102|0x0000000086600000, 0x0000000086700000, 0x0000000086700000|100%| E|CS|TAMS 0x0000000086600000, 0x0000000086600000| Complete 
| 103|0x0000000086700000, 0x0000000086800000, 0x0000000086800000|100%| E|CS|TAMS 0x0000000086700000, 0x0000000086700000| Complete 
| 104|0x0000000086800000, 0x0000000086900000, 0x0000000086900000|100%| E|CS|TAMS 0x0000000086800000, 0x0000000086800000| Complete 
| 105|0x0000000086900000, 0x0000000086a00000, 0x0000000086a00000|100%| E|CS|TAMS 0x0000000086900000, 0x0000000086900000| Complete 
| 106|0x0000000086a00000, 0x0000000086b00000, 0x0000000086b00000|100%| E|CS|TAMS 0x0000000086a00000, 0x0000000086a00000| Complete 
| 107|0x0000000086b00000, 0x0000000086c00000, 0x0000000086c00000|100%| E|CS|TAMS 0x0000000086b00000, 0x0000000086b00000| Complete 
| 108|0x0000000086c00000, 0x0000000086d00000, 0x0000000086d00000|100%| E|CS|TAMS 0x0000000086c00000, 0x0000000086c00000| Complete 
| 109|0x0000000086d00000, 0x0000000086e00000, 0x0000000086e00000|100%| E|CS|TAMS 0x0000000086d00000, 0x0000000086d00000| Complete 
| 110|0x0000000086e00000, 0x0000000086f00000, 0x0000000086f00000|100%| E|CS|TAMS 0x0000000086e00000, 0x0000000086e00000| Complete 
| 111|0x0000000086f00000, 0x0000000087000000, 0x0000000087000000|100%| E|CS|TAMS 0x0000000086f00000, 0x0000000086f00000| Complete 
| 112|0x0000000087000000, 0x0000000087100000, 0x0000000087100000|100%| E|CS|TAMS 0x0000000087000000, 0x0000000087000000| Complete 
| 113|0x0000000087100000, 0x0000000087200000, 0x0000000087200000|100%| E|CS|TAMS 0x0000000087100000, 0x0000000087100000| Complete 
| 114|0x0000000087200000, 0x0000000087300000, 0x0000000087300000|100%| E|CS|TAMS 0x0000000087200000, 0x0000000087200000| Complete 
| 115|0x0000000087300000, 0x0000000087400000, 0x0000000087400000|100%| E|CS|TAMS 0x0000000087300000, 0x0000000087300000| Complete 
| 116|0x0000000087400000, 0x0000000087500000, 0x0000000087500000|100%| E|CS|TAMS 0x0000000087400000, 0x0000000087400000| Complete 
| 117|0x0000000087500000, 0x0000000087600000, 0x0000000087600000|100%| E|CS|TAMS 0x0000000087500000, 0x0000000087500000| Complete 
| 118|0x0000000087600000, 0x0000000087700000, 0x0000000087700000|100%| E|CS|TAMS 0x0000000087600000, 0x0000000087600000| Complete 
| 119|0x0000000087700000, 0x0000000087800000, 0x0000000087800000|100%| E|CS|TAMS 0x0000000087700000, 0x0000000087700000| Complete 
| 120|0x0000000087800000, 0x0000000087900000, 0x0000000087900000|100%| E|CS|TAMS 0x0000000087800000, 0x0000000087800000| Complete 
| 121|0x0000000087900000, 0x0000000087a00000, 0x0000000087a00000|100%| E|CS|TAMS 0x0000000087900000, 0x0000000087900000| Complete 
| 122|0x0000000087a00000, 0x0000000087b00000, 0x0000000087b00000|100%| E|CS|TAMS 0x0000000087a00000, 0x0000000087a00000| Complete 
| 123|0x0000000087b00000, 0x0000000087c00000, 0x0000000087c00000|100%| E|CS|TAMS 0x0000000087b00000, 0x0000000087b00000| Complete 

Card table byte_map: [0x0000020b64510000,0x0000020b64910000] _byte_map_base: 0x0000020b64110000

Marking Bits (Prev, Next): (CMBitMap*) 0x0000020b4abd5b80, (CMBitMap*) 0x0000020b4abd5b48
 Prev Bits: [0x0000020b66d10000, 0x0000020b68d10000)
 Next Bits: [0x0000020b64d10000, 0x0000020b66d10000)

Polling page: 0x0000020b54ac0000

Metaspace:

Usage:
  Non-class:     26.65 MB capacity,    26.18 MB ( 98%) used,   416.81 KB (  2%) free+waste,    67.50 KB ( <1%) overhead. 
      Class:      4.22 MB capacity,     3.98 MB ( 94%) used,   214.56 KB (  5%) free+waste,    33.75 KB ( <1%) overhead. 
       Both:     30.87 MB capacity,    30.16 MB ( 98%) used,   631.38 KB (  2%) free+waste,   101.25 KB ( <1%) overhead. 

Virtual space:
  Non-class space:       28.00 MB reserved,      26.67 MB ( 95%) committed 
      Class space:      504.00 MB reserved,       4.25 MB ( <1%) committed 
             Both:      532.00 MB reserved,      30.92 MB (  6%) committed 

Chunk freelists:
   Non-Class:  21.00 KB
       Class:  29.00 KB
        Both:  50.00 KB

MaxMetaspaceSize: 512.00 MB
CompressedClassSpaceSize: 504.00 MB
Initial GC threshold: 20.80 MB
Current GC threshold: 35.08 MB
CDS: off

CodeHeap 'non-profiled nmethods': size=120064Kb used=1366Kb max_used=1366Kb free=118697Kb
 bounds [0x0000020b5c5a0000, 0x0000020b5c810000, 0x0000020b63ae0000]
CodeHeap 'profiled nmethods': size=120000Kb used=6160Kb max_used=6160Kb free=113839Kb
 bounds [0x0000020b55070000, 0x0000020b55680000, 0x0000020b5c5a0000]
CodeHeap 'non-nmethods': size=5696Kb used=1236Kb max_used=1266Kb free=4459Kb
 bounds [0x0000020b54ae0000, 0x0000020b54d50000, 0x0000020b55070000]
 total_blobs=3339 nmethods=2822 adapters=429
 compilation: enabled
              stopped_count=0, restarted_count=0
 full_count=0

Compilation events (20 events):
Event: 144.152 Thread 0x0000020b6b3ad000 nmethod 2821 0x0000020b5566e790 code [0x0000020b5566e9a0, 0x0000020b5566eed8]
Event: 144.152 Thread 0x0000020b6b3ad000 2822       3       com.google.common.reflect.TypeResolver$TypeMappingIntrospector::visitClass (24 bytes)
Event: 144.153 Thread 0x0000020b6bcc1000 2827       4       java.util.ArrayList::newCapacity (65 bytes)
Event: 144.154 Thread 0x0000020b6b3ad000 nmethod 2822 0x0000020b5566f090 code [0x0000020b5566f380, 0x0000020b55670428]
Event: 144.155 Thread 0x0000020b6b3ad000 2824       3       com.google.common.reflect.TypeResolver$TypeMappingIntrospector::visitParameterizedType (105 bytes)
Event: 144.156 Thread 0x0000020b6bcc1000 nmethod 2827 0x0000020b5c6f5010 code [0x0000020b5c6f51a0, 0x0000020b5c6f5278]
Event: 144.156 Thread 0x0000020b6bcc1000 2828   !   4       java.lang.reflect.Executable::declaredAnnotations (85 bytes)
Event: 144.157 Thread 0x0000020b6b3ad000 nmethod 2824 0x0000020b55670990 code [0x0000020b55670ca0, 0x0000020b55672168]
Event: 144.157 Thread 0x0000020b6b3ad000 2829       3       java.util.stream.AbstractPipeline::copyIntoWithCancel (46 bytes)
Event: 144.157 Thread 0x0000020b6b3ad000 nmethod 2829 0x0000020b55672790 code [0x0000020b55672980, 0x0000020b55672e38]
Event: 144.158 Thread 0x0000020b6b3ad000 2823       3       sun.reflect.generics.reflectiveObjects.ParameterizedTypeImpl::hashCode (24 bytes)
Event: 144.158 Thread 0x0000020b6b3ad000 nmethod 2823 0x0000020b55673010 code [0x0000020b55673200, 0x0000020b55673628]
Event: 144.158 Thread 0x0000020b6b3ad000 2825       3       sun.reflect.generics.reflectiveObjects.ParameterizedTypeImpl::getRawType (5 bytes)
Event: 144.158 Thread 0x0000020b6b3ad000 nmethod 2825 0x0000020b55673790 code [0x0000020b55673940, 0x0000020b55673a58]
Event: 144.158 Thread 0x0000020b6b3ad000 2826       3       sun.reflect.generics.reflectiveObjects.ParameterizedTypeImpl::getActualTypeArguments (11 bytes)
Event: 144.159 Thread 0x0000020b6b3ad000 nmethod 2826 0x0000020b55673b10 code [0x0000020b55673ce0, 0x0000020b55673fa8]
Event: 144.160 Thread 0x0000020b6b3ad000 2830       1       com.google.common.collect.LinkedHashMultimap$ValueEntry::setSuccessorInMultimap (6 bytes)
Event: 144.160 Thread 0x0000020b6b3ad000 nmethod 2830 0x0000020b5c6f5390 code [0x0000020b5c6f5540, 0x0000020b5c6f5638]
Event: 144.160 Thread 0x0000020b6b3ad000 2831       1       com.google.common.collect.LinkedHashMultimap$ValueEntry::setPredecessorInMultimap (6 bytes)
Event: 144.160 Thread 0x0000020b6b3ad000 nmethod 2831 0x0000020b5c6f5690 code [0x0000020b5c6f5840, 0x0000020b5c6f5938]

GC Heap History (12 events):
Event: 18.789 GC heap before
{Heap before GC invocations=0 (full 0):
 garbage-first heap   total 126976K, used 16384K [0x0000000080000000, 0x0000000100000000)
  region size 1024K, 14 young (14336K), 0 survivors (0K)
 Metaspace       used 6768K, capacity 6985K, committed 7168K, reserved 524288K
  class space    used 573K, capacity 650K, committed 768K, reserved 516096K
}
Event: 19.616 GC heap after
{Heap after GC invocations=1 (full 0):
 garbage-first heap   total 126976K, used 3839K [0x0000000080000000, 0x0000000100000000)
  region size 1024K, 2 young (2048K), 2 survivors (2048K)
 Metaspace       used 6768K, capacity 6985K, committed 7168K, reserved 524288K
  class space    used 573K, capacity 650K, committed 768K, reserved 516096K
}
Event: 28.066 GC heap before
{Heap before GC invocations=1 (full 0):
 garbage-first heap   total 126976K, used 18175K [0x0000000080000000, 0x0000000100000000)
  region size 1024K, 14 young (14336K), 2 survivors (2048K)
 Metaspace       used 9949K, capacity 10178K, committed 10368K, reserved 526336K
  class space    used 1011K, capacity 1102K, committed 1152K, reserved 516096K
}
Event: 28.073 GC heap after
{Heap after GC invocations=2 (full 0):
 garbage-first heap   total 126976K, used 9310K [0x0000000080000000, 0x0000000100000000)
  region size 1024K, 2 young (2048K), 2 survivors (2048K)
 Metaspace       used 9949K, capacity 10178K, committed 10368K, reserved 526336K
  class space    used 1011K, capacity 1102K, committed 1152K, reserved 516096K
}
Event: 41.224 GC heap before
{Heap before GC invocations=2 (full 0):
 garbage-first heap   total 126976K, used 36958K [0x0000000080000000, 0x0000000100000000)
  region size 1024K, 28 young (28672K), 2 survivors (2048K)
 Metaspace       used 10908K, capacity 11133K, committed 11264K, reserved 526336K
  class space    used 1113K, capacity 1207K, committed 1280K, reserved 516096K
}
Event: 41.242 GC heap after
{Heap after GC invocations=3 (full 0):
 garbage-first heap   total 126976K, used 11477K [0x0000000080000000, 0x0000000100000000)
  region size 1024K, 4 young (4096K), 4 survivors (4096K)
 Metaspace       used 10908K, capacity 11133K, committed 11264K, reserved 526336K
  class space    used 1113K, capacity 1207K, committed 1280K, reserved 516096K
}
Event: 96.098 GC heap before
{Heap before GC invocations=3 (full 0):
 garbage-first heap   total 126976K, used 49365K [0x0000000080000000, 0x0000000100000000)
  region size 1024K, 41 young (41984K), 4 survivors (4096K)
 Metaspace       used 17518K, capacity 17908K, committed 18048K, reserved 532480K
  class space    used 2013K, capacity 2144K, committed 2176K, reserved 516096K
}
Event: 96.374 GC heap after
{Heap after GC invocations=4 (full 0):
 garbage-first heap   total 126976K, used 16271K [0x0000000080000000, 0x0000000100000000)
  region size 1024K, 6 young (6144K), 6 survivors (6144K)
 Metaspace       used 17518K, capacity 17908K, committed 18048K, reserved 532480K
  class space    used 2013K, capacity 2144K, committed 2176K, reserved 516096K
}
Event: 103.581 GC heap before
{Heap before GC invocations=4 (full 0):
 garbage-first heap   total 126976K, used 43919K [0x0000000080000000, 0x0000000100000000)
  region size 1024K, 34 young (34816K), 6 survivors (6144K)
 Metaspace       used 20726K, capacity 21162K, committed 21296K, reserved 536576K
  class space    used 2477K, capacity 2658K, committed 2688K, reserved 516096K
}
Event: 103.599 GC heap after
{Heap after GC invocations=5 (full 0):
 garbage-first heap   total 126976K, used 17486K [0x0000000080000000, 0x0000000100000000)
  region size 1024K, 2 young (2048K), 2 survivors (2048K)
 Metaspace       used 20726K, capacity 21162K, committed 21296K, reserved 536576K
  class space    used 2477K, capacity 2658K, committed 2688K, reserved 516096K
}
Event: 114.522 GC heap before
{Heap before GC invocations=6 (full 0):
 garbage-first heap   total 126976K, used 64590K [0x0000000080000000, 0x0000000100000000)
  region size 1024K, 48 young (49152K), 2 survivors (2048K)
 Metaspace       used 25448K, capacity 26012K, committed 26160K, reserved 540672K
  class space    used 3235K, capacity 3450K, committed 3456K, reserved 516096K
}
Event: 114.534 GC heap after
{Heap after GC invocations=7 (full 0):
 garbage-first heap   total 126976K, used 19184K [0x0000000080000000, 0x0000000100000000)
  region size 1024K, 3 young (3072K), 3 survivors (3072K)
 Metaspace       used 25448K, capacity 26012K, committed 26160K, reserved 540672K
  class space    used 3235K, capacity 3450K, committed 3456K, reserved 516096K
}

Deoptimization events (20 events):
Event: 115.526 Thread 0x0000020b6d327800 Uncommon trap: trap_request=0xffffff7e fr.pc=0x0000020b5c6cc59c relative=0x000000000000015c
Event: 115.526 Thread 0x0000020b6d327800 Uncommon trap: reason=predicate action=maybe_recompile pc=0x0000020b5c6cc59c method=com.google.common.base.CharMatcher.indexIn(Ljava/lang/CharSequence;I)I @ 19 c2
Event: 115.526 Thread 0x0000020b6d327800 DEOPT PACKING pc=0x0000020b5c6cc59c sp=0x00000093bf1fbb10
Event: 115.526 Thread 0x0000020b6d327800 DEOPT UNPACKING pc=0x0000020b54b2a1af sp=0x00000093bf1fbaa0 mode 2
Event: 120.890 Thread 0x0000020b6d327800 Uncommon trap: trap_request=0xffffff4d fr.pc=0x0000020b5c6d6574 relative=0x0000000000000614
Event: 120.890 Thread 0x0000020b6d327800 Uncommon trap: reason=unstable_if action=reinterpret pc=0x0000020b5c6d6574 method=jdk.internal.org.objectweb.asm.Item.isEqualTo(Ljdk/internal/org/objectweb/asm/Item;)Z @ 317 c2
Event: 120.890 Thread 0x0000020b6d327800 DEOPT PACKING pc=0x0000020b5c6d6574 sp=0x00000093bf1f8170
Event: 120.890 Thread 0x0000020b6d327800 DEOPT UNPACKING pc=0x0000020b54b2a1af sp=0x00000093bf1f8110 mode 2
Event: 129.050 Thread 0x0000020b6d327800 Uncommon trap: trap_request=0xffffff4d fr.pc=0x0000020b5c6865cc relative=0x000000000000020c
Event: 129.050 Thread 0x0000020b6d327800 Uncommon trap: reason=unstable_if action=reinterpret pc=0x0000020b5c6865cc method=java.util.HashMap.hash(Ljava/lang/Object;)I @ 1 c2
Event: 129.050 Thread 0x0000020b6d327800 DEOPT PACKING pc=0x0000020b5c6865cc sp=0x00000093bf1f7f10
Event: 129.051 Thread 0x0000020b6d327800 DEOPT UNPACKING pc=0x0000020b54b2a1af sp=0x00000093bf1f7e48 mode 2
Event: 129.051 Thread 0x0000020b6d327800 Uncommon trap: trap_request=0xffffff4d fr.pc=0x0000020b5c6620ac relative=0x000000000000008c
Event: 129.051 Thread 0x0000020b6d327800 Uncommon trap: reason=unstable_if action=reinterpret pc=0x0000020b5c6620ac method=java.util.HashMap.hash(Ljava/lang/Object;)I @ 1 c2
Event: 129.051 Thread 0x0000020b6d327800 DEOPT PACKING pc=0x0000020b5c6620ac sp=0x00000093bf1f7c80
Event: 129.051 Thread 0x0000020b6d327800 DEOPT UNPACKING pc=0x0000020b54b2a1af sp=0x00000093bf1f7c18 mode 2
Event: 130.259 Thread 0x0000020b6d327800 DEOPT PACKING pc=0x0000020b554fabf9 sp=0x00000093bf1f80f0
Event: 130.259 Thread 0x0000020b6d327800 DEOPT UNPACKING pc=0x0000020b54b2a95e sp=0x00000093bf1f7638 mode 0
Event: 130.273 Thread 0x0000020b6d327800 DEOPT PACKING pc=0x0000020b554fabf9 sp=0x00000093bf1f8490
Event: 130.273 Thread 0x0000020b6d327800 DEOPT UNPACKING pc=0x0000020b54b2a95e sp=0x00000093bf1f79d8 mode 0

Classes redefined (0 events):
No events

Internal exceptions (20 events):
Event: 110.545 Thread 0x0000020b6d327800 Exception <a 'java/lang/NoSuchMethodError'{0x0000000085c8ea68}: 'java.lang.Object java.lang.invoke.Invokers$Holder.linkToTargetMethod(java.lang.Object, java.lang.Object, int, java.lang.Object, java.lang.Object, java.lang.Object)'> (0x0000000085c8ea68) thrown at [./src/hotspot/share/interpreter/linkResolver.cpp, line 773]
Event: 111.044 Thread 0x0000020b6d327800 Exception <a 'java/lang/NoSuchMethodError'{0x0000000085a81150}: 'java.lang.Object java.lang.invoke.DirectMethodHandle$Holder.invokeVirtual(java.lang.Object, java.lang.Object, java.lang.Object, java.lang.Object, java.lang.Object, java.lang.Object, java.lang.Object, java.lang.Object, java.lang.Object, java.lang.Object, java.lang.Object, java.lang.Object, java.lang.Object, java.lang.Object, java.lang.Object, java.lang.Object, java.lang.Object, java.lang.Object, java.lang.Object, java.lang.Object, java.lang.Ob
Event: 112.885 Thread 0x0000020b6d327800 Exception <a 'java/lang/NoSuchMethodError'{0x00000000852d2128}: 'int java.lang.invoke.DirectMethodHandle$Holder.invokeStaticInit(java.lang.Object, java.lang.Object, java.lang.Object)'> (0x00000000852d2128) thrown at [./src/hotspot/share/interpreter/linkResolver.cpp, line 773]
Event: 114.294 Thread 0x0000020b6d327800 Exception <a 'java/lang/NoSuchMethodError'{0x0000000084d8d970}: 'void java.lang.invoke.DirectMethodHandle$Holder.invokeStaticInit(java.lang.Object, java.lang.Object)'> (0x0000000084d8d970) thrown at [./src/hotspot/share/interpreter/linkResolver.cpp, line 773]
Event: 116.973 Thread 0x0000020b6d327800 Exception <a 'java/lang/NoSuchMethodError'{0x000000008763b058}: 'void java.lang.invoke.DirectMethodHandle$Holder.invokeStatic(java.lang.Object, java.lang.Object, java.lang.Object, java.lang.Object)'> (0x000000008763b058) thrown at [./src/hotspot/share/interpreter/linkResolver.cpp, line 773]
Event: 116.977 Thread 0x0000020b6d327800 Exception <a 'java/lang/NoSuchMethodError'{0x000000008765a630}: 'int java.lang.invoke.DirectMethodHandle$Holder.invokeVirtual(java.lang.Object, java.lang.Object)'> (0x000000008765a630) thrown at [./src/hotspot/share/interpreter/linkResolver.cpp, line 773]
Event: 117.240 Thread 0x0000020b6d327800 Exception <a 'java/lang/NoSuchMethodError'{0x00000000876733b0}: 'java.lang.Object java.lang.invoke.DirectMethodHandle$Holder.invokeVirtual(java.lang.Object, java.lang.Object, java.lang.Object)'> (0x00000000876733b0) thrown at [./src/hotspot/share/interpreter/linkResolver.cpp, line 773]
Event: 117.247 Thread 0x0000020b6d327800 Exception <a 'java/lang/NoSuchMethodError'{0x00000000876cc2a0}: 'int java.lang.invoke.DirectMethodHandle$Holder.invokeVirtual(java.lang.Object, java.lang.Object, java.lang.Object)'> (0x00000000876cc2a0) thrown at [./src/hotspot/share/interpreter/linkResolver.cpp, line 773]
Event: 117.515 Thread 0x0000020b6d327800 Exception <a 'java/lang/NoSuchMethodError'{0x0000000087466d68}: 'void java.lang.invoke.DirectMethodHandle$Holder.invokeSpecial(java.lang.Object, java.lang.Object)'> (0x0000000087466d68) thrown at [./src/hotspot/share/interpreter/linkResolver.cpp, line 773]
Event: 122.276 Thread 0x0000020b6d327800 Exception <a 'java/lang/NoSuchMethodError'{0x000000008641c738}: 'java.lang.Object java.lang.invoke.DirectMethodHandle$Holder.invokeSpecialIFC(java.lang.Object, java.lang.Object, java.lang.Object, java.lang.Object)'> (0x000000008641c738) thrown at [./src/hotspot/share/interpreter/linkResolver.cpp, line 773]
Event: 129.050 Thread 0x0000020b6d327800 Implicit null exception at 0x0000020b5c6863f5 to 0x0000020b5c6865bc
Event: 129.051 Thread 0x0000020b6d327800 Implicit null exception at 0x0000020b5c66202f to 0x0000020b5c66209d
Event: 130.009 Thread 0x0000020b6d327800 Exception <a 'java/lang/NoSuchMethodError'{0x00000000859fcb78}: 'java.lang.Object java.lang.invoke.DirectMethodHandle$Holder.invokeSpecial(java.lang.Object, java.lang.Object, java.lang.Object, java.lang.Object, java.lang.Object, java.lang.Object, java.lang.Object, java.lang.Object, java.lang.Object, java.lang.Object, java.lang.Object, java.lang.Object, java.lang.Object)'> (0x00000000859fcb78) thrown at [./src/hotspot/share/interpreter/linkResolver.cpp, line 773]
Event: 130.012 Thread 0x0000020b6d327800 Exception <a 'java/lang/NoSuchMethodError'{0x000000008580e4b0}: 'java.lang.Object java.lang.invoke.DirectMethodHandle$Holder.invokeSpecial(java.lang.Object, java.lang.Object, java.lang.Object, java.lang.Object, java.lang.Object, java.lang.Object, java.lang.Object, java.lang.Object, java.lang.Object, java.lang.Object, java.lang.Object, java.lang.Object)'> (0x000000008580e4b0) thrown at [./src/hotspot/share/interpreter/linkResolver.cpp, line 773]
Event: 130.013 Thread 0x0000020b6d327800 Exception <a 'java/lang/NoSuchMethodError'{0x0000000085813880}: 'java.lang.Object java.lang.invoke.Invokers$Holder.linkToTargetMethod(java.lang.Object, java.lang.Object, java.lang.Object, java.lang.Object, java.lang.Object, java.lang.Object, java.lang.Object, java.lang.Object, java.lang.Object, java.lang.Object, java.lang.Object)'> (0x0000000085813880) thrown at [./src/hotspot/share/interpreter/linkResolver.cpp, line 773]
Event: 130.259 Thread 0x0000020b6d327800 Exception <a 'java/lang/NoSuchMethodError'{0x00000000858b8060}: 'java.lang.Object java.lang.invoke.DirectMethodHandle$Holder.invokeSpecial(java.lang.Object, java.lang.Object, java.lang.Object, java.lang.Object, java.lang.Object, java.lang.Object, java.lang.Object, java.lang.Object, java.lang.Object, java.lang.Object, java.lang.Object, java.lang.Object, java.lang.Object, java.lang.Object)'> (0x00000000858b8060) thrown at [./src/hotspot/share/interpreter/linkResolver.cpp, line 773]
Event: 130.262 Thread 0x0000020b6d327800 Exception <a 'java/lang/NoSuchMethodError'{0x00000000858c9980}: 'java.lang.Object java.lang.invoke.Invokers$Holder.linkToTargetMethod(java.lang.Object, java.lang.Object, java.lang.Object, java.lang.Object, java.lang.Object, java.lang.Object, java.lang.Object, java.lang.Object, java.lang.Object, java.lang.Object, java.lang.Object, java.lang.Object)'> (0x00000000858c9980) thrown at [./src/hotspot/share/interpreter/linkResolver.cpp, line 773]
Event: 131.922 Thread 0x0000020b6d327800 Exception <a 'java/lang/NoSuchMethodError'{0x00000000857efdf0}: 'java.lang.Object java.lang.invoke.DirectMethodHandle$Holder.invokeStaticInit(java.lang.Object, java.lang.Object, java.lang.Object, java.lang.Object)'> (0x00000000857efdf0) thrown at [./src/hotspot/share/interpreter/linkResolver.cpp, line 773]
Event: 138.887 Thread 0x0000020b6d327800 Exception <a 'java/lang/NoSuchMethodError'{0x0000000084d335c8}: 'java.lang.Object java.lang.invoke.Invokers$Holder.linkToTargetMethod(java.lang.Object, java.lang.Object, java.lang.Object, java.lang.Object, java.lang.Object, java.lang.Object, java.lang.Object, java.lang.Object)'> (0x0000000084d335c8) thrown at [./src/hotspot/share/interpreter/linkResolver.cpp, line 773]
Event: 139.190 Thread 0x0000020b6d327800 Exception <a 'java/lang/IncompatibleClassChangeError'{0x0000000084dc58e8}: Found class java.lang.Object, but interface was expected> (0x0000000084dc58e8) thrown at [./src/hotspot/share/interpreter/linkResolver.cpp, line 839]

Events (20 events):
Event: 144.127 loading class org/gradle/api/internal/artifacts/dsl/PublishArtifactNotationParserFactory$FileSystemLocationNotationConverter
Event: 144.127 loading class org/gradle/api/internal/artifacts/dsl/PublishArtifactNotationParserFactory$FileSystemLocationNotationConverter done
Event: 144.128 loading class org/gradle/api/internal/artifacts/dsl/PublishArtifactNotationParserFactory$FileMapNotationConverter
Event: 144.128 loading class org/gradle/api/internal/artifacts/dsl/PublishArtifactNotationParserFactory$FileMapNotationConverter done
Event: 144.129 loading class org/gradle/api/internal/artifacts/configurations/DefaultConfigurationContainer
Event: 144.129 loading class org/gradle/api/internal/artifacts/configurations/DefaultConfigurationContainer done
Event: 144.131 loading class org/gradle/api/internal/artifacts/configurations/ConfigurationsProvider
Event: 144.131 loading class org/gradle/api/internal/artifacts/configurations/ConfigurationsProvider done
Event: 144.132 loading class org/gradle/api/internal/AbstractValidatingNamedDomainObjectContainer
Event: 144.132 loading class org/gradle/api/internal/AbstractValidatingNamedDomainObjectContainer done
Event: 144.134 loading class org/gradle/api/artifacts/UnknownConfigurationException
Event: 144.134 loading class org/gradle/api/artifacts/UnknownConfigurationException done
Event: 144.136 loading class org/gradle/api/internal/artifacts/configurations/ConfigurationInternal
Event: 144.136 loading class org/gradle/api/internal/artifacts/configurations/ConfigurationInternal done
Event: 144.136 loading class org/gradle/internal/deprecation/DeprecatableConfiguration
Event: 144.136 loading class org/gradle/internal/deprecation/DeprecatableConfiguration done
Event: 144.139 loading class org/gradle/api/internal/artifacts/configurations/DefaultConfiguration
Event: 144.139 loading class org/gradle/api/internal/artifacts/configurations/DefaultConfiguration done
Event: 144.143 loading class org/gradle/api/internal/artifacts/configurations/MutationValidator
Event: 144.143 loading class org/gradle/api/internal/artifacts/configurations/MutationValidator done


Dynamic libraries:
0x00007ff638720000 - 0x00007ff63872d000 	C:\Program Files\Microsoft\jdk-11.0.18.10-hotspot\bin\java.exe
0x00007ffe4deb0000 - 0x00007ffe4e0a8000 	C:\Windows\SYSTEM32\ntdll.dll
0x00007ffe4cea0000 - 0x00007ffe4cf5f000 	C:\Windows\System32\KERNEL32.DLL
0x00007ffe4bb00000 - 0x00007ffe4bdd2000 	C:\Windows\System32\KERNELBASE.dll
0x00007ffe4b650000 - 0x00007ffe4b750000 	C:\Windows\System32\ucrtbase.dll
0x00007ffe3b6a0000 - 0x00007ffe3b6b7000 	C:\Program Files\Microsoft\jdk-11.0.18.10-hotspot\bin\jli.dll
0x00007ffe4d7b0000 - 0x00007ffe4d951000 	C:\Windows\System32\USER32.dll
0x00007ffe4b7e0000 - 0x00007ffe4b802000 	C:\Windows\System32\win32u.dll
0x00007ffe4cf60000 - 0x00007ffe4cf8b000 	C:\Windows\System32\GDI32.dll
0x00007ffe4b9f0000 - 0x00007ffe4baff000 	C:\Windows\System32\gdi32full.dll
0x00007ffe4b5b0000 - 0x00007ffe4b64d000 	C:\Windows\System32\msvcp_win.dll
0x00007ffe4a9b0000 - 0x00007ffe4ac4a000 	C:\Windows\WinSxS\amd64_microsoft.windows.common-controls_6595b64144ccf1df_6.0.19041.1110_none_60b5254171f9507e\COMCTL32.dll
0x00007ffe4d000000 - 0x00007ffe4d09e000 	C:\Windows\System32\msvcrt.dll
0x00007ffe39540000 - 0x00007ffe39555000 	C:\Program Files\Microsoft\jdk-11.0.18.10-hotspot\bin\VCRUNTIME140.dll
0x00007ffe4d9e0000 - 0x00007ffe4da10000 	C:\Windows\System32\IMM32.DLL
0x00007ffe394a0000 - 0x00007ffe3953b000 	C:\Program Files\Microsoft\jdk-11.0.18.10-hotspot\bin\msvcp140.dll
0x00007ffdbfac0000 - 0x00007ffdc0652000 	C:\Program Files\Microsoft\jdk-11.0.18.10-hotspot\bin\server\jvm.dll
0x00007ffe4dc80000 - 0x00007ffe4dd2e000 	C:\Windows\System32\ADVAPI32.dll
0x00007ffe4ca20000 - 0x00007ffe4cabc000 	C:\Windows\System32\sechost.dll
0x00007ffe4da10000 - 0x00007ffe4db34000 	C:\Windows\System32\RPCRT4.dll
0x00007ffe4cf90000 - 0x00007ffe4cf98000 	C:\Windows\System32\PSAPI.DLL
0x00007ffe35000000 - 0x00007ffe35009000 	C:\Windows\SYSTEM32\WSOCK32.dll
0x00007ffe4db40000 - 0x00007ffe4dbab000 	C:\Windows\System32\WS2_32.dll
0x00007ffe363f0000 - 0x00007ffe36417000 	C:\Windows\SYSTEM32\WINMM.dll
0x00007ffe3a6f0000 - 0x00007ffe3a6fa000 	C:\Windows\SYSTEM32\VERSION.dll
0x00007ffe49100000 - 0x00007ffe49112000 	C:\Windows\SYSTEM32\kernel.appcore.dll
0x00007ffe48280000 - 0x00007ffe48290000 	C:\Program Files\Microsoft\jdk-11.0.18.10-hotspot\bin\verify.dll
0x00007ffe4ae40000 - 0x00007ffe4b024000 	C:\Windows\SYSTEM32\DBGHELP.DLL
0x00007ffe4ad60000 - 0x00007ffe4ad95000 	C:\Windows\SYSTEM32\dbgcore.DLL
0x00007ffe4b750000 - 0x00007ffe4b7d2000 	C:\Windows\System32\bcryptPrimitives.dll
0x00007ffe39470000 - 0x00007ffe39498000 	C:\Program Files\Microsoft\jdk-11.0.18.10-hotspot\bin\java.dll
0x00007ffe3b690000 - 0x00007ffe3b69a000 	C:\Program Files\Microsoft\jdk-11.0.18.10-hotspot\bin\jimage.dll
0x00007ffe39450000 - 0x00007ffe39468000 	C:\Program Files\Microsoft\jdk-11.0.18.10-hotspot\bin\zip.dll
0x00007ffe4c090000 - 0x00007ffe4c7d5000 	C:\Windows\System32\SHELL32.dll
0x00007ffe48950000 - 0x00007ffe490e2000 	C:\Windows\SYSTEM32\windows.storage.dll
0x00007ffe4cac0000 - 0x00007ffe4ce15000 	C:\Windows\System32\combase.dll
0x00007ffe4a900000 - 0x00007ffe4a930000 	C:\Windows\SYSTEM32\Wldp.dll
0x00007ffe4d100000 - 0x00007ffe4d1ad000 	C:\Windows\System32\SHCORE.dll
0x00007ffe4ce40000 - 0x00007ffe4ce95000 	C:\Windows\System32\shlwapi.dll
0x00007ffe4b4f0000 - 0x00007ffe4b50f000 	C:\Windows\SYSTEM32\profapi.dll
0x00007ffe39430000 - 0x00007ffe39449000 	C:\Program Files\Microsoft\jdk-11.0.18.10-hotspot\bin\net.dll
0x00007ffe3aaa0000 - 0x00007ffe3abaa000 	C:\Windows\SYSTEM32\WINHTTP.dll
0x00007ffe4a5e0000 - 0x00007ffe4a64a000 	C:\Windows\system32\mswsock.dll
0x00007ffe39410000 - 0x00007ffe39423000 	C:\Program Files\Microsoft\jdk-11.0.18.10-hotspot\bin\nio.dll
0x00007ffe393a0000 - 0x00007ffe393c7000 	C:\Users\DELL\.gradle\native\e1d6ef7f7dcc3fd88c89a11ec53ec762bb8ba0a96d01ffa2cd45eb1d1d8dd5c5\windows-amd64\native-platform.dll
0x00007ffe39220000 - 0x00007ffe39364000 	C:\Users\DELL\.gradle\native\0d407fdbe67a94daf76414ababcb853783967236a71b16ec16e742cd7a986fd3\windows-amd64\native-platform-file-events.dll
0x00007ffe39380000 - 0x00007ffe39389000 	C:\Program Files\Microsoft\jdk-11.0.18.10-hotspot\bin\management.dll
0x00007ffe39370000 - 0x00007ffe3937b000 	C:\Program Files\Microsoft\jdk-11.0.18.10-hotspot\bin\management_ext.dll
0x00007ffe4b340000 - 0x00007ffe4b358000 	C:\Windows\SYSTEM32\CRYPTSP.dll
0x00007ffe49f80000 - 0x00007ffe49fb4000 	C:\Windows\system32\rsaenh.dll
0x00007ffe4b970000 - 0x00007ffe4b997000 	C:\Windows\System32\bcrypt.dll
0x00007ffe4b4b0000 - 0x00007ffe4b4de000 	C:\Windows\SYSTEM32\USERENV.dll
0x00007ffe4a930000 - 0x00007ffe4a93c000 	C:\Windows\SYSTEM32\CRYPTBASE.dll
0x00007ffe4a2f0000 - 0x00007ffe4a32b000 	C:\Windows\SYSTEM32\IPHLPAPI.DLL
0x00007ffe4de60000 - 0x00007ffe4de68000 	C:\Windows\System32\NSI.dll
0x00007ffe3b240000 - 0x00007ffe3b257000 	C:\Windows\SYSTEM32\dhcpcsvc6.DLL
0x00007ffe3b820000 - 0x00007ffe3b83d000 	C:\Windows\SYSTEM32\dhcpcsvc.DLL
0x00007ffe4a330000 - 0x00007ffe4a3fb000 	C:\Windows\SYSTEM32\DNSAPI.dll

dbghelp: loaded successfully - version: 4.0.5 - missing functions: none
symbol engine: initialized successfully - sym options: 0x614 - pdb path: .;C:\Program Files\Microsoft\jdk-11.0.18.10-hotspot\bin;C:\Windows\SYSTEM32;C:\Windows\WinSxS\amd64_microsoft.windows.common-controls_6595b64144ccf1df_6.0.19041.1110_none_60b5254171f9507e;C:\Program Files\Microsoft\jdk-11.0.18.10-hotspot\bin\server;C:\Users\DELL\.gradle\native\e1d6ef7f7dcc3fd88c89a11ec53ec762bb8ba0a96d01ffa2cd45eb1d1d8dd5c5\windows-amd64;C:\Users\DELL\.gradle\native\0d407fdbe67a94daf76414ababcb853783967236a71b16ec16e742cd7a986fd3\windows-amd64

VM Arguments:
jvm_args: -XX:MaxMetaspaceSize=512m --add-opens=java.base/java.util=ALL-UNNAMED --add-opens=java.base/java.lang=ALL-UNNAMED --add-opens=java.base/java.lang.invoke=ALL-UNNAMED --add-opens=java.base/java.util=ALL-UNNAMED --add-opens=java.prefs/java.util.prefs=ALL-UNNAMED --add-opens=java.prefs/java.util.prefs=ALL-UNNAMED --add-opens=java.base/java.nio.charset=ALL-UNNAMED --add-opens=java.base/java.net=ALL-UNNAMED --add-opens=java.base/java.util.concurrent.atomic=ALL-UNNAMED -Xmx2048m -Dfile.encoding=windows-1252 -Duser.country=US -Duser.language=en -Duser.variant 
java_command: org.gradle.launcher.daemon.bootstrap.GradleDaemon 7.5.1
java_class_path (initial): C:\Users\DELL\.gradle\wrapper\dists\gradle-7.5.1-all\1ehga6e77gqps5uk2kc5kf1vc\gradle-7.5.1\lib\gradle-launcher-7.5.1.jar
Launcher Type: SUN_STANDARD

[Global flags]
     intx CICompilerCount                          = 3                                         {product} {ergonomic}
   size_t CompressedClassSpaceSize                 = 528482304                                 {product} {ergonomic}
     uint ConcGCThreads                            = 1                                         {product} {ergonomic}
     uint G1ConcRefinementThreads                  = 4                                         {product} {ergonomic}
   size_t G1HeapRegionSize                         = 1048576                                   {product} {ergonomic}
    uintx GCDrainStackTargetSize                   = 64                                        {product} {ergonomic}
   size_t InitialHeapSize                          = 130023424                                 {product} {ergonomic}
   size_t MarkStackSize                            = 4194304                                   {product} {ergonomic}
   size_t MaxHeapSize                              = 2147483648                                {product} {command line}
   size_t MaxMetaspaceSize                         = 536870912                                 {product} {command line}
   size_t MaxNewSize                               = 1287651328                                {product} {ergonomic}
   size_t MinHeapDeltaBytes                        = 1048576                                   {product} {ergonomic}
    uintx NonNMethodCodeHeapSize                   = 5830732                                {pd product} {ergonomic}
    uintx NonProfiledCodeHeapSize                  = 122913754                              {pd product} {ergonomic}
    uintx ProfiledCodeHeapSize                     = 122913754                              {pd product} {ergonomic}
    uintx ReservedCodeCacheSize                    = 251658240                              {pd product} {ergonomic}
     bool SegmentedCodeCache                       = true                                      {product} {ergonomic}
     bool UseCompressedClassPointers               = true                                 {lp64_product} {ergonomic}
     bool UseCompressedOops                        = true                                 {lp64_product} {ergonomic}
     bool UseG1GC                                  = true                                      {product} {ergonomic}
     bool UseLargePagesIndividualAllocation        = false                                  {pd product} {ergonomic}

Logging:
Log output configuration:
 #0: stdout all=warning uptime,level,tags
 #1: stderr all=off uptime,level,tags

Environment Variables:
JAVA_HOME=C:\Program Files\Microsoft\jdk-11.0.18.10-hotspot\
CLASSPATH=D:\React-Native-Cli\AwesomeProject\android\\gradle\wrapper\gradle-wrapper.jar
PATH=D:\React-Native-Cli\AwesomeProject\android\node_modules\.bin;D:\React-Native-Cli\AwesomeProject\node_modules\.bin;D:\React-Native-Cli\node_modules\.bin;D:\node_modules\.bin;C:\Program Files\nodejs;D:\React-Native-Cli\AwesomeProject\node_modules\.bin;D:\React-Native-Cli\AwesomeProject\node_modules\.bin;D:\React-Native-Cli\node_modules\.bin;D:\node_modules\.bin;C:\Program Files\nodejs\node_modules\npm\node_modules\@npmcli\run-script\lib\node-gyp-bin;D:\React-Native-Cli\AwesomeProject\node_modules\.bin;D:\React-Native-Cli\node_modules\.bin;D:\node_modules\.bin;C:\Program Files\nodejs;D:\React-Native-Cli\Awesomeproject\node_modules\react-native\scripts\node_modules\.bin;D:\React-Native-Cli\Awesomeproject\node_modules\react-native\node_modules\.bin;D:\React-Native-Cli\Awesomeproject\node_modules\node_modules\.bin;D:\React-Native-Cli\Awesomeproject\node_modules\.bin;D:\React-Native-Cli\node_modules\.bin;D:\node_modules\.bin;C:\Program Files\nodejs;D:\React-Native-Cli\Awesomeproject\node_modules\.bin;D:\React-Native-Cli\Awesomeproject\node_modules\.bin;D:\React-Native-Cli\node_modules\.bin;D:\node_modules\.bin;C:\Program Files\nodejs\node_modules\npm\node_modules\@npmcli\run-script\lib\node-gyp-bin;C:\Program Files\Microsoft\jdk-11.0.18.10-hotspot\bin;C:\Windows\system32;C:\Windows;C:\Windows\System32\Wbem;C:\Windows\System32\WindowsPowerShell\v1.0\;C:\Windows\System32\OpenSSH\;C:\Program Files (x86)\Intel\Intel(R) Management Engine Components\DAL;C:\Program Files\Intel\Intel(R) Management Engine Components\DAL;C:\Program Files\Git\cmd;C:\laragon\bin\php\php-8.1.10-Win32-vs16-x64;C:\ProgramData\ComposerSetup\bin;C:\Program Files\nodejs\;C:\ProgramData\chocolatey\bin;C:\Users\DELL\AppData\Local\Microsoft\WindowsApps;C:\Users\DELL\AppData\Local\Programs\Microsoft VS Code\bin;C:\Users\DELL\AppData\Roaming\Composer\vendor\bin;C:\Users\DELL\AppData\Roaming\npm;C:\Users\DELL\AppData\Local\Android\Sdk\platform-tools;
USERNAME=DELL
LANG=en_US.UTF-8
OS=Windows_NT
PROCESSOR_IDENTIFIER=Intel64 Family 6 Model 78 Stepping 3, GenuineIntel
TMP=C:\Users\DELL\AppData\Local\Temp
TEMP=C:\Users\DELL\AppData\Local\Temp



---------------  S Y S T E M  ---------------

OS: Windows 10 , 64 bit Build 19041 (10.0.19041.2546)
OS uptime: 6 days 0:52 hours

CPU:total 4 (initial active 4) (2 cores per cpu, 2 threads per core) family 6 model 78 stepping 3 microcode 0xcc, cmov, cx8, fxsr, mmx, sse, sse2, sse3, ssse3, sse4.1, sse4.2, popcnt, avx, avx2, aes, clmul, erms, rtm, 3dnowpref, lzcnt, ht, tsc, tscinvbit, bmi1, bmi2, adx, fma

Memory: 4k page, system-wide physical 7839M (7M free)
TotalPageFile size 23028M (AvailPageFile size 3M)
current process WorkingSet (physical memory assigned to process): 84M, peak: 134M
current process commit charge ("private bytes"): 262M, peak: 264M

vm_info: OpenJDK 64-Bit Server VM (11.0.18+10-LTS) for windows-amd64 JRE (11.0.18+10-LTS), built on Jan 18 2023 15:56:47 by "MicrosoftCorporation" with MS VC++ 15.9 (VS2017)

END.
